<?xml version="1.0" encoding="UTF-8"?>
<testsuite xmlns:xsi="http://www.w3.org/2001/XMLSchema-instance" xsi:noNamespaceSchemaLocation="https://maven.apache.org/surefire/maven-surefire-plugin/xsd/surefire-test-report.xsd" name="com.flashcursos.model.service.AlunoTests" time="38.311" tests="15" errors="15" skipped="0" failures="0">
  <properties>
    <property name="sun.desktop" value="windows"/>
    <property name="awt.toolkit" value="sun.awt.windows.WToolkit"/>
    <property name="file.encoding.pkg" value="sun.io"/>
    <property name="java.specification.version" value="1.8"/>
    <property name="sun.cpu.isalist" value="amd64"/>
    <property name="sun.jnu.encoding" value="Cp1252"/>
    <property name="java.class.path" value="C:\Users\Adryell\Documents\Projeto Final Web\projeto-final\solutions\BackSpring\target\test-classes;C:\Users\Adryell\Documents\Projeto Final Web\projeto-final\solutions\BackSpring\target\classes;C:\Users\Adryell\.m2\repository\org\springframework\boot\spring-boot-starter-data-jpa\2.1.7.RELEASE\spring-boot-starter-data-jpa-2.1.7.RELEASE.jar;C:\Users\Adryell\.m2\repository\org\springframework\boot\spring-boot-starter-aop\2.1.7.RELEASE\spring-boot-starter-aop-2.1.7.RELEASE.jar;C:\Users\Adryell\.m2\repository\org\aspectj\aspectjweaver\1.9.4\aspectjweaver-1.9.4.jar;C:\Users\Adryell\.m2\repository\org\springframework\boot\spring-boot-starter-jdbc\2.1.7.RELEASE\spring-boot-starter-jdbc-2.1.7.RELEASE.jar;C:\Users\Adryell\.m2\repository\com\zaxxer\HikariCP\3.2.0\HikariCP-3.2.0.jar;C:\Users\Adryell\.m2\repository\org\springframework\spring-jdbc\5.1.9.RELEASE\spring-jdbc-5.1.9.RELEASE.jar;C:\Users\Adryell\.m2\repository\javax\transaction\javax.transaction-api\1.3\javax.transaction-api-1.3.jar;C:\Users\Adryell\.m2\repository\javax\xml\bind\jaxb-api\2.3.1\jaxb-api-2.3.1.jar;C:\Users\Adryell\.m2\repository\javax\activation\javax.activation-api\1.2.0\javax.activation-api-1.2.0.jar;C:\Users\Adryell\.m2\repository\org\hibernate\hibernate-core\5.3.10.Final\hibernate-core-5.3.10.Final.jar;C:\Users\Adryell\.m2\repository\org\jboss\logging\jboss-logging\3.3.2.Final\jboss-logging-3.3.2.Final.jar;C:\Users\Adryell\.m2\repository\javax\persistence\javax.persistence-api\2.2\javax.persistence-api-2.2.jar;C:\Users\Adryell\.m2\repository\org\javassist\javassist\3.23.2-GA\javassist-3.23.2-GA.jar;C:\Users\Adryell\.m2\repository\net\bytebuddy\byte-buddy\1.9.16\byte-buddy-1.9.16.jar;C:\Users\Adryell\.m2\repository\antlr\antlr\2.7.7\antlr-2.7.7.jar;C:\Users\Adryell\.m2\repository\org\jboss\jandex\2.0.5.Final\jandex-2.0.5.Final.jar;C:\Users\Adryell\.m2\repository\com\fasterxml\classmate\1.4.0\classmate-1.4.0.jar;C:\Users\Adryell\.m2\repository\org\dom4j\dom4j\2.1.1\dom4j-2.1.1.jar;C:\Users\Adryell\.m2\repository\org\hibernate\common\hibernate-commons-annotations\5.0.4.Final\hibernate-commons-annotations-5.0.4.Final.jar;C:\Users\Adryell\.m2\repository\org\springframework\data\spring-data-jpa\2.1.10.RELEASE\spring-data-jpa-2.1.10.RELEASE.jar;C:\Users\Adryell\.m2\repository\org\springframework\data\spring-data-commons\2.1.10.RELEASE\spring-data-commons-2.1.10.RELEASE.jar;C:\Users\Adryell\.m2\repository\org\springframework\spring-orm\5.1.9.RELEASE\spring-orm-5.1.9.RELEASE.jar;C:\Users\Adryell\.m2\repository\org\springframework\spring-context\5.1.9.RELEASE\spring-context-5.1.9.RELEASE.jar;C:\Users\Adryell\.m2\repository\org\springframework\spring-tx\5.1.9.RELEASE\spring-tx-5.1.9.RELEASE.jar;C:\Users\Adryell\.m2\repository\org\springframework\spring-beans\5.1.9.RELEASE\spring-beans-5.1.9.RELEASE.jar;C:\Users\Adryell\.m2\repository\org\slf4j\slf4j-api\1.7.26\slf4j-api-1.7.26.jar;C:\Users\Adryell\.m2\repository\org\springframework\spring-aspects\5.1.9.RELEASE\spring-aspects-5.1.9.RELEASE.jar;C:\Users\Adryell\.m2\repository\org\springframework\boot\spring-boot-starter-thymeleaf\2.1.7.RELEASE\spring-boot-starter-thymeleaf-2.1.7.RELEASE.jar;C:\Users\Adryell\.m2\repository\org\springframework\boot\spring-boot-starter\2.1.7.RELEASE\spring-boot-starter-2.1.7.RELEASE.jar;C:\Users\Adryell\.m2\repository\org\springframework\boot\spring-boot\2.1.7.RELEASE\spring-boot-2.1.7.RELEASE.jar;C:\Users\Adryell\.m2\repository\org\springframework\boot\spring-boot-autoconfigure\2.1.7.RELEASE\spring-boot-autoconfigure-2.1.7.RELEASE.jar;C:\Users\Adryell\.m2\repository\org\springframework\boot\spring-boot-starter-logging\2.1.7.RELEASE\spring-boot-starter-logging-2.1.7.RELEASE.jar;C:\Users\Adryell\.m2\repository\ch\qos\logback\logback-classic\1.2.3\logback-classic-1.2.3.jar;C:\Users\Adryell\.m2\repository\ch\qos\logback\logback-core\1.2.3\logback-core-1.2.3.jar;C:\Users\Adryell\.m2\repository\org\apache\logging\log4j\log4j-to-slf4j\2.11.2\log4j-to-slf4j-2.11.2.jar;C:\Users\Adryell\.m2\repository\org\apache\logging\log4j\log4j-api\2.11.2\log4j-api-2.11.2.jar;C:\Users\Adryell\.m2\repository\org\slf4j\jul-to-slf4j\1.7.26\jul-to-slf4j-1.7.26.jar;C:\Users\Adryell\.m2\repository\javax\annotation\javax.annotation-api\1.3.2\javax.annotation-api-1.3.2.jar;C:\Users\Adryell\.m2\repository\org\yaml\snakeyaml\1.23\snakeyaml-1.23.jar;C:\Users\Adryell\.m2\repository\org\thymeleaf\thymeleaf-spring5\3.0.11.RELEASE\thymeleaf-spring5-3.0.11.RELEASE.jar;C:\Users\Adryell\.m2\repository\org\thymeleaf\thymeleaf\3.0.11.RELEASE\thymeleaf-3.0.11.RELEASE.jar;C:\Users\Adryell\.m2\repository\org\attoparser\attoparser\2.0.5.RELEASE\attoparser-2.0.5.RELEASE.jar;C:\Users\Adryell\.m2\repository\org\unbescape\unbescape\1.1.6.RELEASE\unbescape-1.1.6.RELEASE.jar;C:\Users\Adryell\.m2\repository\org\thymeleaf\extras\thymeleaf-extras-java8time\3.0.4.RELEASE\thymeleaf-extras-java8time-3.0.4.RELEASE.jar;C:\Users\Adryell\.m2\repository\org\springframework\boot\spring-boot-starter-web\2.1.7.RELEASE\spring-boot-starter-web-2.1.7.RELEASE.jar;C:\Users\Adryell\.m2\repository\org\springframework\boot\spring-boot-starter-json\2.1.7.RELEASE\spring-boot-starter-json-2.1.7.RELEASE.jar;C:\Users\Adryell\.m2\repository\com\fasterxml\jackson\datatype\jackson-datatype-jdk8\2.9.9\jackson-datatype-jdk8-2.9.9.jar;C:\Users\Adryell\.m2\repository\com\fasterxml\jackson\module\jackson-module-parameter-names\2.9.9\jackson-module-parameter-names-2.9.9.jar;C:\Users\Adryell\.m2\repository\org\springframework\boot\spring-boot-starter-tomcat\2.1.7.RELEASE\spring-boot-starter-tomcat-2.1.7.RELEASE.jar;C:\Users\Adryell\.m2\repository\org\apache\tomcat\embed\tomcat-embed-websocket\9.0.22\tomcat-embed-websocket-9.0.22.jar;C:\Users\Adryell\.m2\repository\org\hibernate\validator\hibernate-validator\6.0.17.Final\hibernate-validator-6.0.17.Final.jar;C:\Users\Adryell\.m2\repository\javax\validation\validation-api\2.0.1.Final\validation-api-2.0.1.Final.jar;C:\Users\Adryell\.m2\repository\org\springframework\spring-web\5.1.9.RELEASE\spring-web-5.1.9.RELEASE.jar;C:\Users\Adryell\.m2\repository\org\springframework\spring-webmvc\5.1.9.RELEASE\spring-webmvc-5.1.9.RELEASE.jar;C:\Users\Adryell\.m2\repository\org\springframework\spring-expression\5.1.9.RELEASE\spring-expression-5.1.9.RELEASE.jar;C:\Users\Adryell\.m2\repository\org\springframework\boot\spring-boot-starter-security\2.1.7.RELEASE\spring-boot-starter-security-2.1.7.RELEASE.jar;C:\Users\Adryell\.m2\repository\org\springframework\spring-aop\5.1.9.RELEASE\spring-aop-5.1.9.RELEASE.jar;C:\Users\Adryell\.m2\repository\org\springframework\security\spring-security-config\5.1.6.RELEASE\spring-security-config-5.1.6.RELEASE.jar;C:\Users\Adryell\.m2\repository\org\springframework\security\spring-security-web\5.1.6.RELEASE\spring-security-web-5.1.6.RELEASE.jar;C:\Users\Adryell\.m2\repository\org\postgresql\postgresql\42.2.8\postgresql-42.2.8.jar;C:\Users\Adryell\.m2\repository\org\springframework\boot\spring-boot-starter-test\2.1.7.RELEASE\spring-boot-starter-test-2.1.7.RELEASE.jar;C:\Users\Adryell\.m2\repository\org\springframework\boot\spring-boot-test\2.1.7.RELEASE\spring-boot-test-2.1.7.RELEASE.jar;C:\Users\Adryell\.m2\repository\org\springframework\boot\spring-boot-test-autoconfigure\2.1.7.RELEASE\spring-boot-test-autoconfigure-2.1.7.RELEASE.jar;C:\Users\Adryell\.m2\repository\com\jayway\jsonpath\json-path\2.4.0\json-path-2.4.0.jar;C:\Users\Adryell\.m2\repository\net\minidev\json-smart\2.3\json-smart-2.3.jar;C:\Users\Adryell\.m2\repository\net\minidev\accessors-smart\1.2\accessors-smart-1.2.jar;C:\Users\Adryell\.m2\repository\org\ow2\asm\asm\5.0.4\asm-5.0.4.jar;C:\Users\Adryell\.m2\repository\junit\junit\4.12\junit-4.12.jar;C:\Users\Adryell\.m2\repository\org\assertj\assertj-core\3.11.1\assertj-core-3.11.1.jar;C:\Users\Adryell\.m2\repository\org\mockito\mockito-core\2.23.4\mockito-core-2.23.4.jar;C:\Users\Adryell\.m2\repository\net\bytebuddy\byte-buddy-agent\1.9.16\byte-buddy-agent-1.9.16.jar;C:\Users\Adryell\.m2\repository\org\objenesis\objenesis\2.6\objenesis-2.6.jar;C:\Users\Adryell\.m2\repository\org\hamcrest\hamcrest-core\1.3\hamcrest-core-1.3.jar;C:\Users\Adryell\.m2\repository\org\hamcrest\hamcrest-library\1.3\hamcrest-library-1.3.jar;C:\Users\Adryell\.m2\repository\org\skyscreamer\jsonassert\1.5.0\jsonassert-1.5.0.jar;C:\Users\Adryell\.m2\repository\com\vaadin\external\google\android-json\0.0.20131108.vaadin1\android-json-0.0.20131108.vaadin1.jar;C:\Users\Adryell\.m2\repository\org\springframework\spring-core\5.1.9.RELEASE\spring-core-5.1.9.RELEASE.jar;C:\Users\Adryell\.m2\repository\org\springframework\spring-jcl\5.1.9.RELEASE\spring-jcl-5.1.9.RELEASE.jar;C:\Users\Adryell\.m2\repository\org\springframework\spring-test\5.1.9.RELEASE\spring-test-5.1.9.RELEASE.jar;C:\Users\Adryell\.m2\repository\org\xmlunit\xmlunit-core\2.6.3\xmlunit-core-2.6.3.jar;C:\Users\Adryell\.m2\repository\javax\servlet\jstl\1.2\jstl-1.2.jar;C:\Users\Adryell\.m2\repository\org\apache\tomcat\embed\tomcat-embed-jasper\9.0.22\tomcat-embed-jasper-9.0.22.jar;C:\Users\Adryell\.m2\repository\org\apache\tomcat\embed\tomcat-embed-core\9.0.22\tomcat-embed-core-9.0.22.jar;C:\Users\Adryell\.m2\repository\org\apache\tomcat\tomcat-annotations-api\9.0.22\tomcat-annotations-api-9.0.22.jar;C:\Users\Adryell\.m2\repository\org\apache\tomcat\embed\tomcat-embed-el\9.0.22\tomcat-embed-el-9.0.22.jar;C:\Users\Adryell\.m2\repository\org\eclipse\jdt\ecj\3.18.0\ecj-3.18.0.jar;C:\Users\Adryell\.m2\repository\org\projectlombok\lombok\1.18.8\lombok-1.18.8.jar;C:\Users\Adryell\.m2\repository\org\springframework\boot\spring-boot-starter-mail\2.1.7.RELEASE\spring-boot-starter-mail-2.1.7.RELEASE.jar;C:\Users\Adryell\.m2\repository\org\springframework\spring-context-support\5.1.9.RELEASE\spring-context-support-5.1.9.RELEASE.jar;C:\Users\Adryell\.m2\repository\com\sun\mail\javax.mail\1.6.2\javax.mail-1.6.2.jar;C:\Users\Adryell\.m2\repository\javax\activation\activation\1.1\activation-1.1.jar;C:\Users\Adryell\.m2\repository\org\springframework\boot\spring-boot-configuration-processor\2.1.7.RELEASE\spring-boot-configuration-processor-2.1.7.RELEASE.jar;C:\Users\Adryell\.m2\repository\org\springframework\security\spring-security-test\5.1.6.RELEASE\spring-security-test-5.1.6.RELEASE.jar;C:\Users\Adryell\.m2\repository\org\springframework\security\spring-security-core\5.1.6.RELEASE\spring-security-core-5.1.6.RELEASE.jar;C:\Users\Adryell\.m2\repository\com\fasterxml\jackson\datatype\jackson-datatype-hibernate5\2.9.9\jackson-datatype-hibernate5-2.9.9.jar;C:\Users\Adryell\.m2\repository\javax\transaction\jta\1.1\jta-1.1.jar;C:\Users\Adryell\.m2\repository\com\fasterxml\jackson\core\jackson-core\2.9.9\jackson-core-2.9.9.jar;C:\Users\Adryell\.m2\repository\com\fasterxml\jackson\core\jackson-databind\2.9.9\jackson-databind-2.9.9.jar;C:\Users\Adryell\.m2\repository\com\fasterxml\jackson\datatype\jackson-datatype-jsr310\2.9.9\jackson-datatype-jsr310-2.9.9.jar;C:\Users\Adryell\.m2\repository\com\fasterxml\jackson\core\jackson-annotations\2.9.0\jackson-annotations-2.9.0.jar;"/>
    <property name="java.vm.vendor" value="Oracle Corporation"/>
    <property name="sun.arch.data.model" value="64"/>
    <property name="user.variant" value=""/>
    <property name="java.vendor.url" value="http://java.oracle.com/"/>
    <property name="user.timezone" value="America/Sao_Paulo"/>
    <property name="java.vm.specification.version" value="1.8"/>
    <property name="os.name" value="Windows 10"/>
    <property name="user.country" value="BR"/>
    <property name="sun.java.launcher" value="SUN_STANDARD"/>
    <property name="sun.boot.library.path" value="C:\Program Files\Java\jdk1.8.0_211\jre\bin"/>
    <property name="sun.java.command" value="C:\Users\Adryell\AppData\Local\Temp\surefire994070722073229429\surefirebooter1826721410845616955.jar C:\Users\Adryell\AppData\Local\Temp\surefire994070722073229429 2019-12-09T22-52-31_471-jvmRun1 surefire6119843797530300833tmp surefire_03365461248574142437tmp"/>
    <property name="surefire.test.class.path" value="C:\Users\Adryell\Documents\Projeto Final Web\projeto-final\solutions\BackSpring\target\test-classes;C:\Users\Adryell\Documents\Projeto Final Web\projeto-final\solutions\BackSpring\target\classes;C:\Users\Adryell\.m2\repository\org\springframework\boot\spring-boot-starter-data-jpa\2.1.7.RELEASE\spring-boot-starter-data-jpa-2.1.7.RELEASE.jar;C:\Users\Adryell\.m2\repository\org\springframework\boot\spring-boot-starter-aop\2.1.7.RELEASE\spring-boot-starter-aop-2.1.7.RELEASE.jar;C:\Users\Adryell\.m2\repository\org\aspectj\aspectjweaver\1.9.4\aspectjweaver-1.9.4.jar;C:\Users\Adryell\.m2\repository\org\springframework\boot\spring-boot-starter-jdbc\2.1.7.RELEASE\spring-boot-starter-jdbc-2.1.7.RELEASE.jar;C:\Users\Adryell\.m2\repository\com\zaxxer\HikariCP\3.2.0\HikariCP-3.2.0.jar;C:\Users\Adryell\.m2\repository\org\springframework\spring-jdbc\5.1.9.RELEASE\spring-jdbc-5.1.9.RELEASE.jar;C:\Users\Adryell\.m2\repository\javax\transaction\javax.transaction-api\1.3\javax.transaction-api-1.3.jar;C:\Users\Adryell\.m2\repository\javax\xml\bind\jaxb-api\2.3.1\jaxb-api-2.3.1.jar;C:\Users\Adryell\.m2\repository\javax\activation\javax.activation-api\1.2.0\javax.activation-api-1.2.0.jar;C:\Users\Adryell\.m2\repository\org\hibernate\hibernate-core\5.3.10.Final\hibernate-core-5.3.10.Final.jar;C:\Users\Adryell\.m2\repository\org\jboss\logging\jboss-logging\3.3.2.Final\jboss-logging-3.3.2.Final.jar;C:\Users\Adryell\.m2\repository\javax\persistence\javax.persistence-api\2.2\javax.persistence-api-2.2.jar;C:\Users\Adryell\.m2\repository\org\javassist\javassist\3.23.2-GA\javassist-3.23.2-GA.jar;C:\Users\Adryell\.m2\repository\net\bytebuddy\byte-buddy\1.9.16\byte-buddy-1.9.16.jar;C:\Users\Adryell\.m2\repository\antlr\antlr\2.7.7\antlr-2.7.7.jar;C:\Users\Adryell\.m2\repository\org\jboss\jandex\2.0.5.Final\jandex-2.0.5.Final.jar;C:\Users\Adryell\.m2\repository\com\fasterxml\classmate\1.4.0\classmate-1.4.0.jar;C:\Users\Adryell\.m2\repository\org\dom4j\dom4j\2.1.1\dom4j-2.1.1.jar;C:\Users\Adryell\.m2\repository\org\hibernate\common\hibernate-commons-annotations\5.0.4.Final\hibernate-commons-annotations-5.0.4.Final.jar;C:\Users\Adryell\.m2\repository\org\springframework\data\spring-data-jpa\2.1.10.RELEASE\spring-data-jpa-2.1.10.RELEASE.jar;C:\Users\Adryell\.m2\repository\org\springframework\data\spring-data-commons\2.1.10.RELEASE\spring-data-commons-2.1.10.RELEASE.jar;C:\Users\Adryell\.m2\repository\org\springframework\spring-orm\5.1.9.RELEASE\spring-orm-5.1.9.RELEASE.jar;C:\Users\Adryell\.m2\repository\org\springframework\spring-context\5.1.9.RELEASE\spring-context-5.1.9.RELEASE.jar;C:\Users\Adryell\.m2\repository\org\springframework\spring-tx\5.1.9.RELEASE\spring-tx-5.1.9.RELEASE.jar;C:\Users\Adryell\.m2\repository\org\springframework\spring-beans\5.1.9.RELEASE\spring-beans-5.1.9.RELEASE.jar;C:\Users\Adryell\.m2\repository\org\slf4j\slf4j-api\1.7.26\slf4j-api-1.7.26.jar;C:\Users\Adryell\.m2\repository\org\springframework\spring-aspects\5.1.9.RELEASE\spring-aspects-5.1.9.RELEASE.jar;C:\Users\Adryell\.m2\repository\org\springframework\boot\spring-boot-starter-thymeleaf\2.1.7.RELEASE\spring-boot-starter-thymeleaf-2.1.7.RELEASE.jar;C:\Users\Adryell\.m2\repository\org\springframework\boot\spring-boot-starter\2.1.7.RELEASE\spring-boot-starter-2.1.7.RELEASE.jar;C:\Users\Adryell\.m2\repository\org\springframework\boot\spring-boot\2.1.7.RELEASE\spring-boot-2.1.7.RELEASE.jar;C:\Users\Adryell\.m2\repository\org\springframework\boot\spring-boot-autoconfigure\2.1.7.RELEASE\spring-boot-autoconfigure-2.1.7.RELEASE.jar;C:\Users\Adryell\.m2\repository\org\springframework\boot\spring-boot-starter-logging\2.1.7.RELEASE\spring-boot-starter-logging-2.1.7.RELEASE.jar;C:\Users\Adryell\.m2\repository\ch\qos\logback\logback-classic\1.2.3\logback-classic-1.2.3.jar;C:\Users\Adryell\.m2\repository\ch\qos\logback\logback-core\1.2.3\logback-core-1.2.3.jar;C:\Users\Adryell\.m2\repository\org\apache\logging\log4j\log4j-to-slf4j\2.11.2\log4j-to-slf4j-2.11.2.jar;C:\Users\Adryell\.m2\repository\org\apache\logging\log4j\log4j-api\2.11.2\log4j-api-2.11.2.jar;C:\Users\Adryell\.m2\repository\org\slf4j\jul-to-slf4j\1.7.26\jul-to-slf4j-1.7.26.jar;C:\Users\Adryell\.m2\repository\javax\annotation\javax.annotation-api\1.3.2\javax.annotation-api-1.3.2.jar;C:\Users\Adryell\.m2\repository\org\yaml\snakeyaml\1.23\snakeyaml-1.23.jar;C:\Users\Adryell\.m2\repository\org\thymeleaf\thymeleaf-spring5\3.0.11.RELEASE\thymeleaf-spring5-3.0.11.RELEASE.jar;C:\Users\Adryell\.m2\repository\org\thymeleaf\thymeleaf\3.0.11.RELEASE\thymeleaf-3.0.11.RELEASE.jar;C:\Users\Adryell\.m2\repository\org\attoparser\attoparser\2.0.5.RELEASE\attoparser-2.0.5.RELEASE.jar;C:\Users\Adryell\.m2\repository\org\unbescape\unbescape\1.1.6.RELEASE\unbescape-1.1.6.RELEASE.jar;C:\Users\Adryell\.m2\repository\org\thymeleaf\extras\thymeleaf-extras-java8time\3.0.4.RELEASE\thymeleaf-extras-java8time-3.0.4.RELEASE.jar;C:\Users\Adryell\.m2\repository\org\springframework\boot\spring-boot-starter-web\2.1.7.RELEASE\spring-boot-starter-web-2.1.7.RELEASE.jar;C:\Users\Adryell\.m2\repository\org\springframework\boot\spring-boot-starter-json\2.1.7.RELEASE\spring-boot-starter-json-2.1.7.RELEASE.jar;C:\Users\Adryell\.m2\repository\com\fasterxml\jackson\datatype\jackson-datatype-jdk8\2.9.9\jackson-datatype-jdk8-2.9.9.jar;C:\Users\Adryell\.m2\repository\com\fasterxml\jackson\module\jackson-module-parameter-names\2.9.9\jackson-module-parameter-names-2.9.9.jar;C:\Users\Adryell\.m2\repository\org\springframework\boot\spring-boot-starter-tomcat\2.1.7.RELEASE\spring-boot-starter-tomcat-2.1.7.RELEASE.jar;C:\Users\Adryell\.m2\repository\org\apache\tomcat\embed\tomcat-embed-websocket\9.0.22\tomcat-embed-websocket-9.0.22.jar;C:\Users\Adryell\.m2\repository\org\hibernate\validator\hibernate-validator\6.0.17.Final\hibernate-validator-6.0.17.Final.jar;C:\Users\Adryell\.m2\repository\javax\validation\validation-api\2.0.1.Final\validation-api-2.0.1.Final.jar;C:\Users\Adryell\.m2\repository\org\springframework\spring-web\5.1.9.RELEASE\spring-web-5.1.9.RELEASE.jar;C:\Users\Adryell\.m2\repository\org\springframework\spring-webmvc\5.1.9.RELEASE\spring-webmvc-5.1.9.RELEASE.jar;C:\Users\Adryell\.m2\repository\org\springframework\spring-expression\5.1.9.RELEASE\spring-expression-5.1.9.RELEASE.jar;C:\Users\Adryell\.m2\repository\org\springframework\boot\spring-boot-starter-security\2.1.7.RELEASE\spring-boot-starter-security-2.1.7.RELEASE.jar;C:\Users\Adryell\.m2\repository\org\springframework\spring-aop\5.1.9.RELEASE\spring-aop-5.1.9.RELEASE.jar;C:\Users\Adryell\.m2\repository\org\springframework\security\spring-security-config\5.1.6.RELEASE\spring-security-config-5.1.6.RELEASE.jar;C:\Users\Adryell\.m2\repository\org\springframework\security\spring-security-web\5.1.6.RELEASE\spring-security-web-5.1.6.RELEASE.jar;C:\Users\Adryell\.m2\repository\org\postgresql\postgresql\42.2.8\postgresql-42.2.8.jar;C:\Users\Adryell\.m2\repository\org\springframework\boot\spring-boot-starter-test\2.1.7.RELEASE\spring-boot-starter-test-2.1.7.RELEASE.jar;C:\Users\Adryell\.m2\repository\org\springframework\boot\spring-boot-test\2.1.7.RELEASE\spring-boot-test-2.1.7.RELEASE.jar;C:\Users\Adryell\.m2\repository\org\springframework\boot\spring-boot-test-autoconfigure\2.1.7.RELEASE\spring-boot-test-autoconfigure-2.1.7.RELEASE.jar;C:\Users\Adryell\.m2\repository\com\jayway\jsonpath\json-path\2.4.0\json-path-2.4.0.jar;C:\Users\Adryell\.m2\repository\net\minidev\json-smart\2.3\json-smart-2.3.jar;C:\Users\Adryell\.m2\repository\net\minidev\accessors-smart\1.2\accessors-smart-1.2.jar;C:\Users\Adryell\.m2\repository\org\ow2\asm\asm\5.0.4\asm-5.0.4.jar;C:\Users\Adryell\.m2\repository\junit\junit\4.12\junit-4.12.jar;C:\Users\Adryell\.m2\repository\org\assertj\assertj-core\3.11.1\assertj-core-3.11.1.jar;C:\Users\Adryell\.m2\repository\org\mockito\mockito-core\2.23.4\mockito-core-2.23.4.jar;C:\Users\Adryell\.m2\repository\net\bytebuddy\byte-buddy-agent\1.9.16\byte-buddy-agent-1.9.16.jar;C:\Users\Adryell\.m2\repository\org\objenesis\objenesis\2.6\objenesis-2.6.jar;C:\Users\Adryell\.m2\repository\org\hamcrest\hamcrest-core\1.3\hamcrest-core-1.3.jar;C:\Users\Adryell\.m2\repository\org\hamcrest\hamcrest-library\1.3\hamcrest-library-1.3.jar;C:\Users\Adryell\.m2\repository\org\skyscreamer\jsonassert\1.5.0\jsonassert-1.5.0.jar;C:\Users\Adryell\.m2\repository\com\vaadin\external\google\android-json\0.0.20131108.vaadin1\android-json-0.0.20131108.vaadin1.jar;C:\Users\Adryell\.m2\repository\org\springframework\spring-core\5.1.9.RELEASE\spring-core-5.1.9.RELEASE.jar;C:\Users\Adryell\.m2\repository\org\springframework\spring-jcl\5.1.9.RELEASE\spring-jcl-5.1.9.RELEASE.jar;C:\Users\Adryell\.m2\repository\org\springframework\spring-test\5.1.9.RELEASE\spring-test-5.1.9.RELEASE.jar;C:\Users\Adryell\.m2\repository\org\xmlunit\xmlunit-core\2.6.3\xmlunit-core-2.6.3.jar;C:\Users\Adryell\.m2\repository\javax\servlet\jstl\1.2\jstl-1.2.jar;C:\Users\Adryell\.m2\repository\org\apache\tomcat\embed\tomcat-embed-jasper\9.0.22\tomcat-embed-jasper-9.0.22.jar;C:\Users\Adryell\.m2\repository\org\apache\tomcat\embed\tomcat-embed-core\9.0.22\tomcat-embed-core-9.0.22.jar;C:\Users\Adryell\.m2\repository\org\apache\tomcat\tomcat-annotations-api\9.0.22\tomcat-annotations-api-9.0.22.jar;C:\Users\Adryell\.m2\repository\org\apache\tomcat\embed\tomcat-embed-el\9.0.22\tomcat-embed-el-9.0.22.jar;C:\Users\Adryell\.m2\repository\org\eclipse\jdt\ecj\3.18.0\ecj-3.18.0.jar;C:\Users\Adryell\.m2\repository\org\projectlombok\lombok\1.18.8\lombok-1.18.8.jar;C:\Users\Adryell\.m2\repository\org\springframework\boot\spring-boot-starter-mail\2.1.7.RELEASE\spring-boot-starter-mail-2.1.7.RELEASE.jar;C:\Users\Adryell\.m2\repository\org\springframework\spring-context-support\5.1.9.RELEASE\spring-context-support-5.1.9.RELEASE.jar;C:\Users\Adryell\.m2\repository\com\sun\mail\javax.mail\1.6.2\javax.mail-1.6.2.jar;C:\Users\Adryell\.m2\repository\javax\activation\activation\1.1\activation-1.1.jar;C:\Users\Adryell\.m2\repository\org\springframework\boot\spring-boot-configuration-processor\2.1.7.RELEASE\spring-boot-configuration-processor-2.1.7.RELEASE.jar;C:\Users\Adryell\.m2\repository\org\springframework\security\spring-security-test\5.1.6.RELEASE\spring-security-test-5.1.6.RELEASE.jar;C:\Users\Adryell\.m2\repository\org\springframework\security\spring-security-core\5.1.6.RELEASE\spring-security-core-5.1.6.RELEASE.jar;C:\Users\Adryell\.m2\repository\com\fasterxml\jackson\datatype\jackson-datatype-hibernate5\2.9.9\jackson-datatype-hibernate5-2.9.9.jar;C:\Users\Adryell\.m2\repository\javax\transaction\jta\1.1\jta-1.1.jar;C:\Users\Adryell\.m2\repository\com\fasterxml\jackson\core\jackson-core\2.9.9\jackson-core-2.9.9.jar;C:\Users\Adryell\.m2\repository\com\fasterxml\jackson\core\jackson-databind\2.9.9\jackson-databind-2.9.9.jar;C:\Users\Adryell\.m2\repository\com\fasterxml\jackson\datatype\jackson-datatype-jsr310\2.9.9\jackson-datatype-jsr310-2.9.9.jar;C:\Users\Adryell\.m2\repository\com\fasterxml\jackson\core\jackson-annotations\2.9.0\jackson-annotations-2.9.0.jar;"/>
    <property name="sun.cpu.endian" value="little"/>
    <property name="user.home" value="C:\Users\Adryell"/>
    <property name="user.language" value="pt"/>
    <property name="java.specification.vendor" value="Oracle Corporation"/>
    <property name="java.home" value="C:\Program Files\Java\jdk1.8.0_211\jre"/>
    <property name="basedir" value="C:\Users\Adryell\Documents\Projeto Final Web\projeto-final\solutions\BackSpring"/>
    <property name="style.color" value="always"/>
    <property name="file.separator" value="\"/>
    <property name="line.separator" value="&#10;"/>
    <property name="java.vm.specification.vendor" value="Oracle Corporation"/>
    <property name="java.specification.name" value="Java Platform API Specification"/>
    <property name="java.awt.graphicsenv" value="sun.awt.Win32GraphicsEnvironment"/>
    <property name="surefire.real.class.path" value="C:\Users\Adryell\AppData\Local\Temp\surefire994070722073229429\surefirebooter1826721410845616955.jar"/>
    <property name="sun.boot.class.path" value="C:\Program Files\Java\jdk1.8.0_211\jre\lib\resources.jar;C:\Program Files\Java\jdk1.8.0_211\jre\lib\rt.jar;C:\Program Files\Java\jdk1.8.0_211\jre\lib\sunrsasign.jar;C:\Program Files\Java\jdk1.8.0_211\jre\lib\jsse.jar;C:\Program Files\Java\jdk1.8.0_211\jre\lib\jce.jar;C:\Program Files\Java\jdk1.8.0_211\jre\lib\charsets.jar;C:\Program Files\Java\jdk1.8.0_211\jre\lib\jfr.jar;C:\Program Files\Java\jdk1.8.0_211\jre\classes"/>
    <property name="user.script" value=""/>
    <property name="sun.management.compiler" value="HotSpot 64-Bit Tiered Compilers"/>
    <property name="java.runtime.version" value="1.8.0_211-b12"/>
    <property name="user.name" value="Adryell"/>
    <property name="path.separator" value=";"/>
    <property name="os.version" value="10.0"/>
    <property name="java.endorsed.dirs" value="C:\Program Files\Java\jdk1.8.0_211\jre\lib\endorsed"/>
    <property name="java.runtime.name" value="Java(TM) SE Runtime Environment"/>
    <property name="file.encoding" value="Cp1252"/>
    <property name="java.vm.name" value="Java HotSpot(TM) 64-Bit Server VM"/>
    <property name="localRepository" value="C:\Users\Adryell\.m2\repository"/>
    <property name="java.vendor.url.bug" value="http://bugreport.sun.com/bugreport/"/>
    <property name="java.io.tmpdir" value="C:\Users\Adryell\AppData\Local\Temp\"/>
    <property name="java.version" value="1.8.0_211"/>
    <property name="user.dir" value="C:\Users\Adryell\Documents\Projeto Final Web\projeto-final\solutions\BackSpring"/>
    <property name="os.arch" value="amd64"/>
    <property name="java.vm.specification.name" value="Java Virtual Machine Specification"/>
    <property name="java.awt.printerjob" value="sun.awt.windows.WPrinterJob"/>
    <property name="sun.os.patch.level" value=""/>
    <property name="java.library.path" value="C:\Program Files\Java\jdk1.8.0_211\jre\bin;C:\Windows\Sun\Java\bin;C:\Windows\system32;C:\Windows;C:/Program Files/Java/jre1.8.0_211/bin/server;C:/Program Files/Java/jre1.8.0_211/bin;C:/Program Files/Java/jre1.8.0_211/lib/amd64;C:\Program Files (x86)\Common Files\Oracle\Java\javapath;C:\Windows\system32;C:\Windows;C:\Windows\System32\Wbem;C:\Windows\System32\WindowsPowerShell\v1.0\;C:\Windows\System32\OpenSSH\;C:\Program Files\Git\cmd;C:\Program Files\nodejs\;C:\Users\Adryell\AppData\Local\Microsoft\WindowsApps;C:\Users\Adryell\AppData\Local\Programs\Microsoft VS Code\bin;C:\Users\Adryell\Documents\php;C:\Users\Adryell\AppData\Roaming\npm;C:\Users\Adryell\Documents\sts-4.4.1.RELEASE;;."/>
    <property name="java.vm.info" value="mixed mode"/>
    <property name="java.vendor" value="Oracle Corporation"/>
    <property name="java.vm.version" value="25.211-b12"/>
    <property name="java.ext.dirs" value="C:\Program Files\Java\jdk1.8.0_211\jre\lib\ext;C:\Windows\Sun\Java\lib\ext"/>
    <property name="sun.io.unicode.encoding" value="UnicodeLittle"/>
    <property name="java.class.version" value="52.0"/>
  </properties>
  <testcase name="desativarAlunoMustPass" classname="com.flashcursos.model.service.AlunoTests" time="1.123">
    <error message="Failed to execute SQL script statement #1 of class path resource [dataset/usuarios.sql]: INSERT INTO usuario ( id, created, email, tipousuario, disponivel, nome, cpf, nascimento, celular, senha, account_activate_token, account_activate_token_expiration, password_reset_token, password_reset_token_expiration) VALUES ( 1001, now(), &apos;jlenon7@hotmail.com&apos;, 1, false, &apos;João Lenon&apos;, &apos;092.862.989-94&apos;, &apos;12/09/2000&apos;, &apos;(45) 99955-3220&apos;, &apos;$2a$10$bAdAVLvM.k3DqPaPYi0gnO1OffPSHLref8MElAk.u.fFQ17v9YKC2&apos;, &apos;f786c907-032e-451b-ac93-8508dec75a3d&apos;, &apos;2019-12-02&apos;, &apos;f786c907-032e-451b-ac93-8508dec75a3d&apos;, &apos;2019-12-02&apos;), ( 1002, now(), &apos;adryell.silva10@gmail.com&apos;, 2, false, &apos;Adryell Nathann&apos;, &apos;116.506.789-75&apos;, &apos;10/27/2000&apos;, &apos;(45) 99996-4523&apos;, &apos;$2a$10$bAdAVLvM.k3DqPaPYi0gnO1OffPSHLref8MElAk.u.fFQ17v9YKC2&apos;, &apos;f786c907-032e-451b-ac93-8508dec75a3d&apos;, &apos;2019-12-02&apos;, &apos;f786c907-032e-451b-ac93-8508dec75a3d&apos;, &apos;2019-12-02&apos;); nested exception is org.postgresql.util.PSQLException: ERROR: date/time field value out of range: &quot;10/27/2000&quot;&#10;  Dica: Perhaps you need a different &quot;datestyle&quot; setting.&#10;  Posição: 605" type="org.springframework.jdbc.datasource.init.ScriptStatementFailedException">org.springframework.jdbc.datasource.init.ScriptStatementFailedException: 
Failed to execute SQL script statement #1 of class path resource [dataset/usuarios.sql]: INSERT INTO usuario ( id, created, email, tipousuario, disponivel, nome, cpf, nascimento, celular, senha, account_activate_token, account_activate_token_expiration, password_reset_token, password_reset_token_expiration) VALUES ( 1001, now(), 'jlenon7@hotmail.com', 1, false, 'João Lenon', '092.862.989-94', '12/09/2000', '(45) 99955-3220', '$2a$10$bAdAVLvM.k3DqPaPYi0gnO1OffPSHLref8MElAk.u.fFQ17v9YKC2', 'f786c907-032e-451b-ac93-8508dec75a3d', '2019-12-02', 'f786c907-032e-451b-ac93-8508dec75a3d', '2019-12-02'), ( 1002, now(), 'adryell.silva10@gmail.com', 2, false, 'Adryell Nathann', '116.506.789-75', '10/27/2000', '(45) 99996-4523', '$2a$10$bAdAVLvM.k3DqPaPYi0gnO1OffPSHLref8MElAk.u.fFQ17v9YKC2', 'f786c907-032e-451b-ac93-8508dec75a3d', '2019-12-02', 'f786c907-032e-451b-ac93-8508dec75a3d', '2019-12-02'); nested exception is org.postgresql.util.PSQLException: ERROR: date/time field value out of range: "10/27/2000"
  Dica: Perhaps you need a different "datestyle" setting.
  Posição: 605
Caused by: org.postgresql.util.PSQLException: 
ERROR: date/time field value out of range: "10/27/2000"
  Dica: Perhaps you need a different "datestyle" setting.
  Posição: 605
</error>
    <system-out><![CDATA[22:52:34.542 [main] DEBUG org.springframework.test.context.junit4.SpringJUnit4ClassRunner - SpringJUnit4ClassRunner constructor called with [class com.flashcursos.model.service.AlunoTests]
22:52:34.558 [main] DEBUG org.springframework.test.context.BootstrapUtils - Instantiating CacheAwareContextLoaderDelegate from class [org.springframework.test.context.cache.DefaultCacheAwareContextLoaderDelegate]
22:52:34.574 [main] DEBUG org.springframework.test.context.BootstrapUtils - Instantiating BootstrapContext using constructor [public org.springframework.test.context.support.DefaultBootstrapContext(java.lang.Class,org.springframework.test.context.CacheAwareContextLoaderDelegate)]
22:52:34.658 [main] DEBUG org.springframework.test.context.BootstrapUtils - Instantiating TestContextBootstrapper for test class [com.flashcursos.model.service.AlunoTests] from class [org.springframework.boot.test.context.SpringBootTestContextBootstrapper]
22:52:34.705 [main] INFO org.springframework.boot.test.context.SpringBootTestContextBootstrapper - Neither @ContextConfiguration nor @ContextHierarchy found for test class [com.flashcursos.model.service.AlunoTests], using SpringBootContextLoader
22:52:34.721 [main] DEBUG org.springframework.test.context.support.AbstractContextLoader - Did not detect default resource location for test class [com.flashcursos.model.service.AlunoTests]: class path resource [com/flashcursos/model/service/AlunoTests-context.xml] does not exist
22:52:34.736 [main] DEBUG org.springframework.test.context.support.AbstractContextLoader - Did not detect default resource location for test class [com.flashcursos.model.service.AlunoTests]: class path resource [com/flashcursos/model/service/AlunoTestsContext.groovy] does not exist
22:52:34.736 [main] INFO org.springframework.test.context.support.AbstractContextLoader - Could not detect default resource locations for test class [com.flashcursos.model.service.AlunoTests]: no resource found for suffixes {-context.xml, Context.groovy}.
22:52:35.368 [main] DEBUG org.springframework.boot.test.context.SpringBootTestContextBootstrapper - @TestExecutionListeners is not present for class [com.flashcursos.model.service.AlunoTests]: using defaults.
22:52:35.372 [main] INFO org.springframework.boot.test.context.SpringBootTestContextBootstrapper - Loaded default TestExecutionListener class names from location [META-INF/spring.factories]: [org.springframework.boot.test.mock.mockito.MockitoTestExecutionListener, org.springframework.boot.test.mock.mockito.ResetMocksTestExecutionListener, org.springframework.boot.test.autoconfigure.restdocs.RestDocsTestExecutionListener, org.springframework.boot.test.autoconfigure.web.client.MockRestServiceServerResetTestExecutionListener, org.springframework.boot.test.autoconfigure.web.servlet.MockMvcPrintOnlyOnFailureTestExecutionListener, org.springframework.boot.test.autoconfigure.web.servlet.WebDriverTestExecutionListener, org.springframework.test.context.web.ServletTestExecutionListener, org.springframework.test.context.support.DirtiesContextBeforeModesTestExecutionListener, org.springframework.test.context.support.DependencyInjectionTestExecutionListener, org.springframework.test.context.support.DirtiesContextTestExecutionListener, org.springframework.test.context.transaction.TransactionalTestExecutionListener, org.springframework.test.context.jdbc.SqlScriptsTestExecutionListener, org.springframework.security.test.context.support.WithSecurityContextTestExecutionListener, org.springframework.security.test.context.support.ReactorContextTestExecutionListener]
22:52:35.450 [main] INFO org.springframework.boot.test.context.SpringBootTestContextBootstrapper - Using TestExecutionListeners: [org.springframework.test.context.web.ServletTestExecutionListener@436813f3, org.springframework.test.context.support.DirtiesContextBeforeModesTestExecutionListener@74fe5c40, org.springframework.boot.test.mock.mockito.MockitoTestExecutionListener@3febb011, org.springframework.boot.test.autoconfigure.SpringBootDependencyInjectionTestExecutionListener@10e31a9a, org.springframework.test.context.support.DirtiesContextTestExecutionListener@131774fe, org.springframework.test.context.transaction.TransactionalTestExecutionListener@158d2680, org.springframework.test.context.jdbc.SqlScriptsTestExecutionListener@77847718, org.springframework.security.test.context.support.WithSecurityContextTestExecutionListener@7f3b84b8, org.springframework.security.test.context.support.ReactorContextTestExecutionListener@57a3af25, org.springframework.boot.test.mock.mockito.ResetMocksTestExecutionListener@2b662a77, org.springframework.boot.test.autoconfigure.restdocs.RestDocsTestExecutionListener@7f0eb4b4, org.springframework.boot.test.autoconfigure.web.client.MockRestServiceServerResetTestExecutionListener@5c33f1a9, org.springframework.boot.test.autoconfigure.web.servlet.MockMvcPrintOnlyOnFailureTestExecutionListener@1623b78d, org.springframework.boot.test.autoconfigure.web.servlet.WebDriverTestExecutionListener@c8c12ac]
22:52:35.461 [main] DEBUG org.springframework.test.annotation.ProfileValueUtils - Retrieved @ProfileValueSourceConfiguration [null] for test class [com.flashcursos.model.service.AlunoTests]
22:52:35.461 [main] DEBUG org.springframework.test.annotation.ProfileValueUtils - Retrieved ProfileValueSource type [class org.springframework.test.annotation.SystemProfileValueSource] for class [com.flashcursos.model.service.AlunoTests]
22:52:35.471 [main] DEBUG org.springframework.test.annotation.ProfileValueUtils - Retrieved @ProfileValueSourceConfiguration [null] for test class [com.flashcursos.model.service.AlunoTests]
22:52:35.471 [main] DEBUG org.springframework.test.annotation.ProfileValueUtils - Retrieved ProfileValueSource type [class org.springframework.test.annotation.SystemProfileValueSource] for class [com.flashcursos.model.service.AlunoTests]
22:52:35.471 [main] DEBUG org.springframework.test.annotation.ProfileValueUtils - Retrieved @ProfileValueSourceConfiguration [null] for test class [com.flashcursos.model.service.AlunoTests]
22:52:35.471 [main] DEBUG org.springframework.test.annotation.ProfileValueUtils - Retrieved ProfileValueSource type [class org.springframework.test.annotation.SystemProfileValueSource] for class [com.flashcursos.model.service.AlunoTests]
22:52:35.489 [main] DEBUG org.springframework.test.context.support.AbstractDirtiesContextTestExecutionListener - Before test class: context [DefaultTestContext@351d00c0 testClass = AlunoTests, testInstance = [null], testMethod = [null], testException = [null], mergedContextConfiguration = [WebMergedContextConfiguration@2a3b5b47 testClass = AlunoTests, locations = '{}', classes = '{class com.flashcursos.TestApplication, class com.flashcursos.SpringWebivApplication, class com.flashcursos.TestApplication, class com.flashcursos.SpringWebivApplication}', contextInitializerClasses = '[]', activeProfiles = '{test}', propertySourceLocations = '{}', propertySourceProperties = '{org.springframework.boot.test.context.SpringBootTestContextBootstrapper=true}', contextCustomizers = set[org.springframework.boot.test.context.filter.ExcludeFilterContextCustomizer@b3d7190, org.springframework.boot.test.json.DuplicateJsonObjectContextCustomizerFactory$DuplicateJsonObjectContextCustomizer@fe18270, org.springframework.boot.test.mock.mockito.MockitoContextCustomizer@0, org.springframework.boot.test.web.client.TestRestTemplateContextCustomizer@5fcd892a, org.springframework.boot.test.autoconfigure.properties.PropertyMappingContextCustomizer@0, org.springframework.boot.test.autoconfigure.web.servlet.WebDriverContextCustomizerFactory$Customizer@1ad282e0], resourceBasePath = 'src/main/webapp', contextLoader = 'org.springframework.boot.test.context.SpringBootContextLoader', parent = [null]], attributes = map['org.springframework.test.context.web.ServletTestExecutionListener.activateListener' -> true]], class annotated with @DirtiesContext [false] with mode [null].
22:52:35.499 [main] DEBUG org.springframework.test.annotation.ProfileValueUtils - Retrieved @ProfileValueSourceConfiguration [null] for test class [com.flashcursos.model.service.AlunoTests]
22:52:35.499 [main] DEBUG org.springframework.test.annotation.ProfileValueUtils - Retrieved ProfileValueSource type [class org.springframework.test.annotation.SystemProfileValueSource] for class [com.flashcursos.model.service.AlunoTests]
22:52:35.612 [main] DEBUG org.springframework.test.context.support.TestPropertySourceUtils - Adding inlined properties to environment: {spring.jmx.enabled=false, org.springframework.boot.test.context.SpringBootTestContextBootstrapper=true, server.port=-1}

  .   ____          _            __ _ _
 /\\ / ___'_ __ _ _(_)_ __  __ _ \ \ \ \
( ( )\___ | '_ | '_| | '_ \/ _` | \ \ \ \
 \\/  ___)| |_)| | | | | || (_| |  ) ) ) )
  '  |____| .__|_| |_|_| |_\__, | / / / /
 =========|_|==============|___/=/_/_/_/
 :: Spring Boot ::        (v2.1.7.RELEASE)

2019-12-09 22:52:36.876  INFO 7688 --- [           main] c.flashcursos.model.service.AlunoTests   : Starting AlunoTests on DESKTOP-JH3GAHK with PID 7688 (started by Adryell in C:\Users\Adryell\Documents\Projeto Final Web\projeto-final\solutions\BackSpring)
2019-12-09 22:52:36.876  INFO 7688 --- [           main] c.flashcursos.model.service.AlunoTests   : The following profiles are active: test
2019-12-09 22:52:40.950  INFO 7688 --- [           main] .s.d.r.c.RepositoryConfigurationDelegate : Bootstrapping Spring Data repositories in DEFAULT mode.
2019-12-09 22:52:41.415  INFO 7688 --- [           main] .s.d.r.c.RepositoryConfigurationDelegate : Finished Spring Data repository scanning in 428ms. Found 7 repository interfaces.
2019-12-09 22:52:43.349  INFO 7688 --- [           main] trationDelegate$BeanPostProcessorChecker : Bean 'org.springframework.transaction.annotation.ProxyTransactionManagementConfiguration' of type [org.springframework.transaction.annotation.ProxyTransactionManagementConfiguration$$EnhancerBySpringCGLIB$$d964a7c9] is not eligible for getting processed by all BeanPostProcessors (for example: not eligible for auto-proxying)
2019-12-09 22:52:45.764  INFO 7688 --- [           main] com.zaxxer.hikari.HikariDataSource       : flashcursos - Starting...
2019-12-09 22:52:46.350  INFO 7688 --- [           main] com.zaxxer.hikari.HikariDataSource       : flashcursos - Start completed.
2019-12-09 22:52:46.782  INFO 7688 --- [           main] o.hibernate.jpa.internal.util.LogHelper  : HHH000204: Processing PersistenceUnitInfo [
	name: default
	...]
2019-12-09 22:52:47.511  INFO 7688 --- [           main] org.hibernate.Version                    : HHH000412: Hibernate Core {5.3.10.Final}
2019-12-09 22:52:47.521  INFO 7688 --- [           main] org.hibernate.cfg.Environment            : HHH000206: hibernate.properties not found
2019-12-09 22:52:48.327  INFO 7688 --- [           main] o.hibernate.annotations.common.Version   : HCANN000001: Hibernate Commons Annotations {5.0.4.Final}
2019-12-09 22:52:49.551  INFO 7688 --- [           main] org.hibernate.dialect.Dialect            : HHH000400: Using dialect: org.hibernate.dialect.PostgreSQL95Dialect
2019-12-09 22:52:49.813  INFO 7688 --- [           main] o.h.e.j.e.i.LobCreatorBuilderImpl        : HHH000421: Disabling contextual LOB creation as hibernate.jdbc.lob.non_contextual_creation is true
2019-12-09 22:52:49.829  INFO 7688 --- [           main] org.hibernate.type.BasicTypeRegistry     : HHH000270: Type registration [java.util.UUID] overrides previous : org.hibernate.type.UUIDBinaryType@79980d8d
2019-12-09 22:52:53.861  INFO 7688 --- [           main] j.LocalContainerEntityManagerFactoryBean : Initialized JPA EntityManagerFactory for persistence unit 'default'
2019-12-09 22:52:56.122  INFO 7688 --- [           main] o.h.h.i.QueryTranslatorFactoryInitiator  : HHH000397: Using ASTQueryTranslatorFactory
2019-12-09 22:52:59.854  WARN 7688 --- [           main] aWebConfiguration$JpaWebMvcConfiguration : spring.jpa.open-in-view is enabled by default. Therefore, database queries may be performed during view rendering. Explicitly configure spring.jpa.open-in-view to disable this warning
2019-12-09 22:53:00.765  INFO 7688 --- [           main] o.s.s.web.DefaultSecurityFilterChain     : Creating filter chain: any request, [org.springframework.security.web.context.request.async.WebAsyncManagerIntegrationFilter@5db90818, org.springframework.security.web.context.SecurityContextPersistenceFilter@53df7e67, org.springframework.security.web.header.HeaderWriterFilter@1ad1f167, org.springframework.web.filter.CorsFilter@3c17794e, org.springframework.security.web.authentication.logout.LogoutFilter@6604f246, org.springframework.security.web.savedrequest.RequestCacheAwareFilter@591a4d25, org.springframework.security.web.servletapi.SecurityContextHolderAwareRequestFilter@5e1a7d3, org.springframework.security.web.authentication.AnonymousAuthenticationFilter@414d2821, org.springframework.security.web.session.SessionManagementFilter@23954300, org.springframework.security.web.access.ExceptionTranslationFilter@2a5d2041, org.springframework.security.web.access.intercept.FilterSecurityInterceptor@2f112ade]
2019-12-09 22:53:02.454  INFO 7688 --- [           main] o.s.s.concurrent.ThreadPoolTaskExecutor  : Initializing ExecutorService 'applicationTaskExecutor'
2019-12-09 22:53:03.970  INFO 7688 --- [           main] o.s.s.c.ThreadPoolTaskScheduler          : Initializing ExecutorService 'taskScheduler'
2019-12-09 22:53:04.445  INFO 7688 --- [           main] c.flashcursos.model.service.AlunoTests   : Started AlunoTests in 28.812 seconds (JVM running for 31.57)
2019-12-09 22:53:05.223  WARN 7688 --- [           main] o.s.test.context.TestContextManager      : Caught exception while invoking 'beforeTestMethod' callback on TestExecutionListener [org.springframework.test.context.jdbc.SqlScriptsTestExecutionListener@77847718] for test method [public void com.flashcursos.model.service.AlunoTests.desativarAlunoMustPass()] and test instance [com.flashcursos.model.service.AlunoTests@2fc0ad21]

org.springframework.jdbc.datasource.init.ScriptStatementFailedException: Failed to execute SQL script statement #1 of class path resource [dataset/usuarios.sql]: INSERT INTO usuario ( id, created, email, tipousuario, disponivel, nome, cpf, nascimento, celular, senha, account_activate_token, account_activate_token_expiration, password_reset_token, password_reset_token_expiration) VALUES ( 1001, now(), 'jlenon7@hotmail.com', 1, false, 'João Lenon', '092.862.989-94', '12/09/2000', '(45) 99955-3220', '$2a$10$bAdAVLvM.k3DqPaPYi0gnO1OffPSHLref8MElAk.u.fFQ17v9YKC2', 'f786c907-032e-451b-ac93-8508dec75a3d', '2019-12-02', 'f786c907-032e-451b-ac93-8508dec75a3d', '2019-12-02'), ( 1002, now(), 'adryell.silva10@gmail.com', 2, false, 'Adryell Nathann', '116.506.789-75', '10/27/2000', '(45) 99996-4523', '$2a$10$bAdAVLvM.k3DqPaPYi0gnO1OffPSHLref8MElAk.u.fFQ17v9YKC2', 'f786c907-032e-451b-ac93-8508dec75a3d', '2019-12-02', 'f786c907-032e-451b-ac93-8508dec75a3d', '2019-12-02'); nested exception is org.postgresql.util.PSQLException: ERROR: date/time field value out of range: "10/27/2000"
  Dica: Perhaps you need a different "datestyle" setting.
  Posição: 605
	at org.springframework.jdbc.datasource.init.ScriptUtils.executeSqlScript(ScriptUtils.java:509) ~[spring-jdbc-5.1.9.RELEASE.jar:5.1.9.RELEASE]
	at org.springframework.jdbc.datasource.init.ResourceDatabasePopulator.populate(ResourceDatabasePopulator.java:238) ~[spring-jdbc-5.1.9.RELEASE.jar:5.1.9.RELEASE]
	at org.springframework.jdbc.datasource.init.DatabasePopulatorUtils.execute(DatabasePopulatorUtils.java:48) ~[spring-jdbc-5.1.9.RELEASE.jar:5.1.9.RELEASE]
	at org.springframework.jdbc.datasource.init.ResourceDatabasePopulator.execute(ResourceDatabasePopulator.java:253) ~[spring-jdbc-5.1.9.RELEASE.jar:5.1.9.RELEASE]
	at org.springframework.test.context.jdbc.SqlScriptsTestExecutionListener.lambda$executeSqlScripts$3(SqlScriptsTestExecutionListener.java:229) ~[spring-test-5.1.9.RELEASE.jar:5.1.9.RELEASE]
	at org.springframework.transaction.support.TransactionTemplate.execute(TransactionTemplate.java:140) ~[spring-tx-5.1.9.RELEASE.jar:5.1.9.RELEASE]
	at org.springframework.test.context.jdbc.SqlScriptsTestExecutionListener.executeSqlScripts(SqlScriptsTestExecutionListener.java:228) ~[spring-test-5.1.9.RELEASE.jar:5.1.9.RELEASE]
	at org.springframework.test.context.jdbc.SqlScriptsTestExecutionListener.executeSqlScripts(SqlScriptsTestExecutionListener.java:142) ~[spring-test-5.1.9.RELEASE.jar:5.1.9.RELEASE]
	at org.springframework.test.context.jdbc.SqlScriptsTestExecutionListener.beforeTestMethod(SqlScriptsTestExecutionListener.java:112) ~[spring-test-5.1.9.RELEASE.jar:5.1.9.RELEASE]
	at org.springframework.test.context.TestContextManager.beforeTestMethod(TestContextManager.java:291) ~[spring-test-5.1.9.RELEASE.jar:5.1.9.RELEASE]
	at org.springframework.test.context.junit4.statements.RunBeforeTestMethodCallbacks.evaluate(RunBeforeTestMethodCallbacks.java:74) [spring-test-5.1.9.RELEASE.jar:5.1.9.RELEASE]
	at org.springframework.test.context.junit4.statements.RunAfterTestMethodCallbacks.evaluate(RunAfterTestMethodCallbacks.java:86) [spring-test-5.1.9.RELEASE.jar:5.1.9.RELEASE]
	at org.springframework.test.context.junit4.statements.SpringRepeat.evaluate(SpringRepeat.java:84) [spring-test-5.1.9.RELEASE.jar:5.1.9.RELEASE]
	at org.junit.runners.ParentRunner.runLeaf(ParentRunner.java:325) [junit-4.12.jar:4.12]
	at org.springframework.test.context.junit4.SpringJUnit4ClassRunner.runChild(SpringJUnit4ClassRunner.java:251) [spring-test-5.1.9.RELEASE.jar:5.1.9.RELEASE]
	at org.springframework.test.context.junit4.SpringJUnit4ClassRunner.runChild(SpringJUnit4ClassRunner.java:97) [spring-test-5.1.9.RELEASE.jar:5.1.9.RELEASE]
	at org.junit.runners.ParentRunner$3.run(ParentRunner.java:290) [junit-4.12.jar:4.12]
	at org.junit.runners.ParentRunner$1.schedule(ParentRunner.java:71) [junit-4.12.jar:4.12]
	at org.junit.runners.ParentRunner.runChildren(ParentRunner.java:288) [junit-4.12.jar:4.12]
	at org.junit.runners.ParentRunner.access$000(ParentRunner.java:58) [junit-4.12.jar:4.12]
	at org.junit.runners.ParentRunner$2.evaluate(ParentRunner.java:268) [junit-4.12.jar:4.12]
	at org.springframework.test.context.junit4.statements.RunBeforeTestClassCallbacks.evaluate(RunBeforeTestClassCallbacks.java:61) [spring-test-5.1.9.RELEASE.jar:5.1.9.RELEASE]
	at org.springframework.test.context.junit4.statements.RunAfterTestClassCallbacks.evaluate(RunAfterTestClassCallbacks.java:70) [spring-test-5.1.9.RELEASE.jar:5.1.9.RELEASE]
	at org.junit.runners.ParentRunner.run(ParentRunner.java:363) [junit-4.12.jar:4.12]
	at org.springframework.test.context.junit4.SpringJUnit4ClassRunner.run(SpringJUnit4ClassRunner.java:190) [spring-test-5.1.9.RELEASE.jar:5.1.9.RELEASE]
	at org.apache.maven.surefire.junit4.JUnit4Provider.execute(JUnit4Provider.java:365) [surefire-junit4-2.22.2.jar:2.22.2]
	at org.apache.maven.surefire.junit4.JUnit4Provider.executeWithRerun(JUnit4Provider.java:273) [surefire-junit4-2.22.2.jar:2.22.2]
	at org.apache.maven.surefire.junit4.JUnit4Provider.executeTestSet(JUnit4Provider.java:238) [surefire-junit4-2.22.2.jar:2.22.2]
	at org.apache.maven.surefire.junit4.JUnit4Provider.invoke(JUnit4Provider.java:159) [surefire-junit4-2.22.2.jar:2.22.2]
	at org.apache.maven.surefire.booter.ForkedBooter.invokeProviderInSameClassLoader(ForkedBooter.java:384) [surefire-booter-2.22.2.jar:2.22.2]
	at org.apache.maven.surefire.booter.ForkedBooter.runSuitesInProcess(ForkedBooter.java:345) [surefire-booter-2.22.2.jar:2.22.2]
	at org.apache.maven.surefire.booter.ForkedBooter.execute(ForkedBooter.java:126) [surefire-booter-2.22.2.jar:2.22.2]
	at org.apache.maven.surefire.booter.ForkedBooter.main(ForkedBooter.java:418) [surefire-booter-2.22.2.jar:2.22.2]
Caused by: org.postgresql.util.PSQLException: ERROR: date/time field value out of range: "10/27/2000"
  Dica: Perhaps you need a different "datestyle" setting.
  Posição: 605
	at org.postgresql.core.v3.QueryExecutorImpl.receiveErrorResponse(QueryExecutorImpl.java:2497) ~[postgresql-42.2.8.jar:42.2.8]
	at org.postgresql.core.v3.QueryExecutorImpl.processResults(QueryExecutorImpl.java:2233) ~[postgresql-42.2.8.jar:42.2.8]
	at org.postgresql.core.v3.QueryExecutorImpl.execute(QueryExecutorImpl.java:310) ~[postgresql-42.2.8.jar:42.2.8]
	at org.postgresql.jdbc.PgStatement.executeInternal(PgStatement.java:446) ~[postgresql-42.2.8.jar:42.2.8]
	at org.postgresql.jdbc.PgStatement.execute(PgStatement.java:370) ~[postgresql-42.2.8.jar:42.2.8]
	at org.postgresql.jdbc.PgStatement.executeWithFlags(PgStatement.java:311) ~[postgresql-42.2.8.jar:42.2.8]
	at org.postgresql.jdbc.PgStatement.executeCachedSql(PgStatement.java:297) ~[postgresql-42.2.8.jar:42.2.8]
	at org.postgresql.jdbc.PgStatement.executeWithFlags(PgStatement.java:274) ~[postgresql-42.2.8.jar:42.2.8]
	at org.postgresql.jdbc.PgStatement.execute(PgStatement.java:269) ~[postgresql-42.2.8.jar:42.2.8]
	at com.zaxxer.hikari.pool.ProxyStatement.execute(ProxyStatement.java:95) ~[HikariCP-3.2.0.jar:na]
	at com.zaxxer.hikari.pool.HikariProxyStatement.execute(HikariProxyStatement.java) ~[HikariCP-3.2.0.jar:na]
	at org.springframework.jdbc.datasource.init.ScriptUtils.executeSqlScript(ScriptUtils.java:488) ~[spring-jdbc-5.1.9.RELEASE.jar:5.1.9.RELEASE]
	... 32 common frames omitted

]]></system-out>
  </testcase>
  <testcase name="detalharAlunoMustPass" classname="com.flashcursos.model.service.AlunoTests" time="0.687">
    <error message="Failed to execute SQL script statement #1 of class path resource [dataset/usuarios.sql]: INSERT INTO usuario ( id, created, email, tipousuario, disponivel, nome, cpf, nascimento, celular, senha, account_activate_token, account_activate_token_expiration, password_reset_token, password_reset_token_expiration) VALUES ( 1001, now(), &apos;jlenon7@hotmail.com&apos;, 1, false, &apos;João Lenon&apos;, &apos;092.862.989-94&apos;, &apos;12/09/2000&apos;, &apos;(45) 99955-3220&apos;, &apos;$2a$10$bAdAVLvM.k3DqPaPYi0gnO1OffPSHLref8MElAk.u.fFQ17v9YKC2&apos;, &apos;f786c907-032e-451b-ac93-8508dec75a3d&apos;, &apos;2019-12-02&apos;, &apos;f786c907-032e-451b-ac93-8508dec75a3d&apos;, &apos;2019-12-02&apos;), ( 1002, now(), &apos;adryell.silva10@gmail.com&apos;, 2, false, &apos;Adryell Nathann&apos;, &apos;116.506.789-75&apos;, &apos;10/27/2000&apos;, &apos;(45) 99996-4523&apos;, &apos;$2a$10$bAdAVLvM.k3DqPaPYi0gnO1OffPSHLref8MElAk.u.fFQ17v9YKC2&apos;, &apos;f786c907-032e-451b-ac93-8508dec75a3d&apos;, &apos;2019-12-02&apos;, &apos;f786c907-032e-451b-ac93-8508dec75a3d&apos;, &apos;2019-12-02&apos;); nested exception is org.postgresql.util.PSQLException: ERROR: date/time field value out of range: &quot;10/27/2000&quot;&#10;  Dica: Perhaps you need a different &quot;datestyle&quot; setting.&#10;  Posição: 605" type="org.springframework.jdbc.datasource.init.ScriptStatementFailedException">org.springframework.jdbc.datasource.init.ScriptStatementFailedException: 
Failed to execute SQL script statement #1 of class path resource [dataset/usuarios.sql]: INSERT INTO usuario ( id, created, email, tipousuario, disponivel, nome, cpf, nascimento, celular, senha, account_activate_token, account_activate_token_expiration, password_reset_token, password_reset_token_expiration) VALUES ( 1001, now(), 'jlenon7@hotmail.com', 1, false, 'João Lenon', '092.862.989-94', '12/09/2000', '(45) 99955-3220', '$2a$10$bAdAVLvM.k3DqPaPYi0gnO1OffPSHLref8MElAk.u.fFQ17v9YKC2', 'f786c907-032e-451b-ac93-8508dec75a3d', '2019-12-02', 'f786c907-032e-451b-ac93-8508dec75a3d', '2019-12-02'), ( 1002, now(), 'adryell.silva10@gmail.com', 2, false, 'Adryell Nathann', '116.506.789-75', '10/27/2000', '(45) 99996-4523', '$2a$10$bAdAVLvM.k3DqPaPYi0gnO1OffPSHLref8MElAk.u.fFQ17v9YKC2', 'f786c907-032e-451b-ac93-8508dec75a3d', '2019-12-02', 'f786c907-032e-451b-ac93-8508dec75a3d', '2019-12-02'); nested exception is org.postgresql.util.PSQLException: ERROR: date/time field value out of range: "10/27/2000"
  Dica: Perhaps you need a different "datestyle" setting.
  Posição: 605
Caused by: org.postgresql.util.PSQLException: 
ERROR: date/time field value out of range: "10/27/2000"
  Dica: Perhaps you need a different "datestyle" setting.
  Posição: 605
</error>
    <system-out><![CDATA[2019-12-09 22:53:06.283  WARN 7688 --- [           main] o.s.test.context.TestContextManager      : Caught exception while invoking 'beforeTestMethod' callback on TestExecutionListener [org.springframework.test.context.jdbc.SqlScriptsTestExecutionListener@77847718] for test method [public void com.flashcursos.model.service.AlunoTests.detalharAlunoMustPass()] and test instance [com.flashcursos.model.service.AlunoTests@4a34de5e]

org.springframework.jdbc.datasource.init.ScriptStatementFailedException: Failed to execute SQL script statement #1 of class path resource [dataset/usuarios.sql]: INSERT INTO usuario ( id, created, email, tipousuario, disponivel, nome, cpf, nascimento, celular, senha, account_activate_token, account_activate_token_expiration, password_reset_token, password_reset_token_expiration) VALUES ( 1001, now(), 'jlenon7@hotmail.com', 1, false, 'João Lenon', '092.862.989-94', '12/09/2000', '(45) 99955-3220', '$2a$10$bAdAVLvM.k3DqPaPYi0gnO1OffPSHLref8MElAk.u.fFQ17v9YKC2', 'f786c907-032e-451b-ac93-8508dec75a3d', '2019-12-02', 'f786c907-032e-451b-ac93-8508dec75a3d', '2019-12-02'), ( 1002, now(), 'adryell.silva10@gmail.com', 2, false, 'Adryell Nathann', '116.506.789-75', '10/27/2000', '(45) 99996-4523', '$2a$10$bAdAVLvM.k3DqPaPYi0gnO1OffPSHLref8MElAk.u.fFQ17v9YKC2', 'f786c907-032e-451b-ac93-8508dec75a3d', '2019-12-02', 'f786c907-032e-451b-ac93-8508dec75a3d', '2019-12-02'); nested exception is org.postgresql.util.PSQLException: ERROR: date/time field value out of range: "10/27/2000"
  Dica: Perhaps you need a different "datestyle" setting.
  Posição: 605
	at org.springframework.jdbc.datasource.init.ScriptUtils.executeSqlScript(ScriptUtils.java:509) ~[spring-jdbc-5.1.9.RELEASE.jar:5.1.9.RELEASE]
	at org.springframework.jdbc.datasource.init.ResourceDatabasePopulator.populate(ResourceDatabasePopulator.java:238) ~[spring-jdbc-5.1.9.RELEASE.jar:5.1.9.RELEASE]
	at org.springframework.jdbc.datasource.init.DatabasePopulatorUtils.execute(DatabasePopulatorUtils.java:48) ~[spring-jdbc-5.1.9.RELEASE.jar:5.1.9.RELEASE]
	at org.springframework.jdbc.datasource.init.ResourceDatabasePopulator.execute(ResourceDatabasePopulator.java:253) ~[spring-jdbc-5.1.9.RELEASE.jar:5.1.9.RELEASE]
	at org.springframework.test.context.jdbc.SqlScriptsTestExecutionListener.lambda$executeSqlScripts$3(SqlScriptsTestExecutionListener.java:229) ~[spring-test-5.1.9.RELEASE.jar:5.1.9.RELEASE]
	at org.springframework.transaction.support.TransactionTemplate.execute(TransactionTemplate.java:140) ~[spring-tx-5.1.9.RELEASE.jar:5.1.9.RELEASE]
	at org.springframework.test.context.jdbc.SqlScriptsTestExecutionListener.executeSqlScripts(SqlScriptsTestExecutionListener.java:228) ~[spring-test-5.1.9.RELEASE.jar:5.1.9.RELEASE]
	at org.springframework.test.context.jdbc.SqlScriptsTestExecutionListener.executeSqlScripts(SqlScriptsTestExecutionListener.java:142) ~[spring-test-5.1.9.RELEASE.jar:5.1.9.RELEASE]
	at org.springframework.test.context.jdbc.SqlScriptsTestExecutionListener.beforeTestMethod(SqlScriptsTestExecutionListener.java:112) ~[spring-test-5.1.9.RELEASE.jar:5.1.9.RELEASE]
	at org.springframework.test.context.TestContextManager.beforeTestMethod(TestContextManager.java:291) ~[spring-test-5.1.9.RELEASE.jar:5.1.9.RELEASE]
	at org.springframework.test.context.junit4.statements.RunBeforeTestMethodCallbacks.evaluate(RunBeforeTestMethodCallbacks.java:74) [spring-test-5.1.9.RELEASE.jar:5.1.9.RELEASE]
	at org.springframework.test.context.junit4.statements.RunAfterTestMethodCallbacks.evaluate(RunAfterTestMethodCallbacks.java:86) [spring-test-5.1.9.RELEASE.jar:5.1.9.RELEASE]
	at org.springframework.test.context.junit4.statements.SpringRepeat.evaluate(SpringRepeat.java:84) [spring-test-5.1.9.RELEASE.jar:5.1.9.RELEASE]
	at org.junit.runners.ParentRunner.runLeaf(ParentRunner.java:325) [junit-4.12.jar:4.12]
	at org.springframework.test.context.junit4.SpringJUnit4ClassRunner.runChild(SpringJUnit4ClassRunner.java:251) [spring-test-5.1.9.RELEASE.jar:5.1.9.RELEASE]
	at org.springframework.test.context.junit4.SpringJUnit4ClassRunner.runChild(SpringJUnit4ClassRunner.java:97) [spring-test-5.1.9.RELEASE.jar:5.1.9.RELEASE]
	at org.junit.runners.ParentRunner$3.run(ParentRunner.java:290) [junit-4.12.jar:4.12]
	at org.junit.runners.ParentRunner$1.schedule(ParentRunner.java:71) [junit-4.12.jar:4.12]
	at org.junit.runners.ParentRunner.runChildren(ParentRunner.java:288) [junit-4.12.jar:4.12]
	at org.junit.runners.ParentRunner.access$000(ParentRunner.java:58) [junit-4.12.jar:4.12]
	at org.junit.runners.ParentRunner$2.evaluate(ParentRunner.java:268) [junit-4.12.jar:4.12]
	at org.springframework.test.context.junit4.statements.RunBeforeTestClassCallbacks.evaluate(RunBeforeTestClassCallbacks.java:61) [spring-test-5.1.9.RELEASE.jar:5.1.9.RELEASE]
	at org.springframework.test.context.junit4.statements.RunAfterTestClassCallbacks.evaluate(RunAfterTestClassCallbacks.java:70) [spring-test-5.1.9.RELEASE.jar:5.1.9.RELEASE]
	at org.junit.runners.ParentRunner.run(ParentRunner.java:363) [junit-4.12.jar:4.12]
	at org.springframework.test.context.junit4.SpringJUnit4ClassRunner.run(SpringJUnit4ClassRunner.java:190) [spring-test-5.1.9.RELEASE.jar:5.1.9.RELEASE]
	at org.apache.maven.surefire.junit4.JUnit4Provider.execute(JUnit4Provider.java:365) [surefire-junit4-2.22.2.jar:2.22.2]
	at org.apache.maven.surefire.junit4.JUnit4Provider.executeWithRerun(JUnit4Provider.java:273) [surefire-junit4-2.22.2.jar:2.22.2]
	at org.apache.maven.surefire.junit4.JUnit4Provider.executeTestSet(JUnit4Provider.java:238) [surefire-junit4-2.22.2.jar:2.22.2]
	at org.apache.maven.surefire.junit4.JUnit4Provider.invoke(JUnit4Provider.java:159) [surefire-junit4-2.22.2.jar:2.22.2]
	at org.apache.maven.surefire.booter.ForkedBooter.invokeProviderInSameClassLoader(ForkedBooter.java:384) [surefire-booter-2.22.2.jar:2.22.2]
	at org.apache.maven.surefire.booter.ForkedBooter.runSuitesInProcess(ForkedBooter.java:345) [surefire-booter-2.22.2.jar:2.22.2]
	at org.apache.maven.surefire.booter.ForkedBooter.execute(ForkedBooter.java:126) [surefire-booter-2.22.2.jar:2.22.2]
	at org.apache.maven.surefire.booter.ForkedBooter.main(ForkedBooter.java:418) [surefire-booter-2.22.2.jar:2.22.2]
Caused by: org.postgresql.util.PSQLException: ERROR: date/time field value out of range: "10/27/2000"
  Dica: Perhaps you need a different "datestyle" setting.
  Posição: 605
	at org.postgresql.core.v3.QueryExecutorImpl.receiveErrorResponse(QueryExecutorImpl.java:2497) ~[postgresql-42.2.8.jar:42.2.8]
	at org.postgresql.core.v3.QueryExecutorImpl.processResults(QueryExecutorImpl.java:2233) ~[postgresql-42.2.8.jar:42.2.8]
	at org.postgresql.core.v3.QueryExecutorImpl.execute(QueryExecutorImpl.java:310) ~[postgresql-42.2.8.jar:42.2.8]
	at org.postgresql.jdbc.PgStatement.executeInternal(PgStatement.java:446) ~[postgresql-42.2.8.jar:42.2.8]
	at org.postgresql.jdbc.PgStatement.execute(PgStatement.java:370) ~[postgresql-42.2.8.jar:42.2.8]
	at org.postgresql.jdbc.PgStatement.executeWithFlags(PgStatement.java:311) ~[postgresql-42.2.8.jar:42.2.8]
	at org.postgresql.jdbc.PgStatement.executeCachedSql(PgStatement.java:297) ~[postgresql-42.2.8.jar:42.2.8]
	at org.postgresql.jdbc.PgStatement.executeWithFlags(PgStatement.java:274) ~[postgresql-42.2.8.jar:42.2.8]
	at org.postgresql.jdbc.PgStatement.execute(PgStatement.java:269) ~[postgresql-42.2.8.jar:42.2.8]
	at com.zaxxer.hikari.pool.ProxyStatement.execute(ProxyStatement.java:95) ~[HikariCP-3.2.0.jar:na]
	at com.zaxxer.hikari.pool.HikariProxyStatement.execute(HikariProxyStatement.java) ~[HikariCP-3.2.0.jar:na]
	at org.springframework.jdbc.datasource.init.ScriptUtils.executeSqlScript(ScriptUtils.java:488) ~[spring-jdbc-5.1.9.RELEASE.jar:5.1.9.RELEASE]
	... 32 common frames omitted

]]></system-out>
  </testcase>
  <testcase name="listarAlunosMustPass" classname="com.flashcursos.model.service.AlunoTests" time="0.482">
    <error message="Failed to execute SQL script statement #1 of class path resource [dataset/usuarios.sql]: INSERT INTO usuario ( id, created, email, tipousuario, disponivel, nome, cpf, nascimento, celular, senha, account_activate_token, account_activate_token_expiration, password_reset_token, password_reset_token_expiration) VALUES ( 1001, now(), &apos;jlenon7@hotmail.com&apos;, 1, false, &apos;João Lenon&apos;, &apos;092.862.989-94&apos;, &apos;12/09/2000&apos;, &apos;(45) 99955-3220&apos;, &apos;$2a$10$bAdAVLvM.k3DqPaPYi0gnO1OffPSHLref8MElAk.u.fFQ17v9YKC2&apos;, &apos;f786c907-032e-451b-ac93-8508dec75a3d&apos;, &apos;2019-12-02&apos;, &apos;f786c907-032e-451b-ac93-8508dec75a3d&apos;, &apos;2019-12-02&apos;), ( 1002, now(), &apos;adryell.silva10@gmail.com&apos;, 2, false, &apos;Adryell Nathann&apos;, &apos;116.506.789-75&apos;, &apos;10/27/2000&apos;, &apos;(45) 99996-4523&apos;, &apos;$2a$10$bAdAVLvM.k3DqPaPYi0gnO1OffPSHLref8MElAk.u.fFQ17v9YKC2&apos;, &apos;f786c907-032e-451b-ac93-8508dec75a3d&apos;, &apos;2019-12-02&apos;, &apos;f786c907-032e-451b-ac93-8508dec75a3d&apos;, &apos;2019-12-02&apos;); nested exception is org.postgresql.util.PSQLException: ERROR: date/time field value out of range: &quot;10/27/2000&quot;&#10;  Dica: Perhaps you need a different &quot;datestyle&quot; setting.&#10;  Posição: 605" type="org.springframework.jdbc.datasource.init.ScriptStatementFailedException">org.springframework.jdbc.datasource.init.ScriptStatementFailedException: 
Failed to execute SQL script statement #1 of class path resource [dataset/usuarios.sql]: INSERT INTO usuario ( id, created, email, tipousuario, disponivel, nome, cpf, nascimento, celular, senha, account_activate_token, account_activate_token_expiration, password_reset_token, password_reset_token_expiration) VALUES ( 1001, now(), 'jlenon7@hotmail.com', 1, false, 'João Lenon', '092.862.989-94', '12/09/2000', '(45) 99955-3220', '$2a$10$bAdAVLvM.k3DqPaPYi0gnO1OffPSHLref8MElAk.u.fFQ17v9YKC2', 'f786c907-032e-451b-ac93-8508dec75a3d', '2019-12-02', 'f786c907-032e-451b-ac93-8508dec75a3d', '2019-12-02'), ( 1002, now(), 'adryell.silva10@gmail.com', 2, false, 'Adryell Nathann', '116.506.789-75', '10/27/2000', '(45) 99996-4523', '$2a$10$bAdAVLvM.k3DqPaPYi0gnO1OffPSHLref8MElAk.u.fFQ17v9YKC2', 'f786c907-032e-451b-ac93-8508dec75a3d', '2019-12-02', 'f786c907-032e-451b-ac93-8508dec75a3d', '2019-12-02'); nested exception is org.postgresql.util.PSQLException: ERROR: date/time field value out of range: "10/27/2000"
  Dica: Perhaps you need a different "datestyle" setting.
  Posição: 605
Caused by: org.postgresql.util.PSQLException: 
ERROR: date/time field value out of range: "10/27/2000"
  Dica: Perhaps you need a different "datestyle" setting.
  Posição: 605
</error>
    <system-out><![CDATA[2019-12-09 22:53:06.756  WARN 7688 --- [           main] o.s.test.context.TestContextManager      : Caught exception while invoking 'beforeTestMethod' callback on TestExecutionListener [org.springframework.test.context.jdbc.SqlScriptsTestExecutionListener@77847718] for test method [public void com.flashcursos.model.service.AlunoTests.listarAlunosMustPass()] and test instance [com.flashcursos.model.service.AlunoTests@510bd87a]

org.springframework.jdbc.datasource.init.ScriptStatementFailedException: Failed to execute SQL script statement #1 of class path resource [dataset/usuarios.sql]: INSERT INTO usuario ( id, created, email, tipousuario, disponivel, nome, cpf, nascimento, celular, senha, account_activate_token, account_activate_token_expiration, password_reset_token, password_reset_token_expiration) VALUES ( 1001, now(), 'jlenon7@hotmail.com', 1, false, 'João Lenon', '092.862.989-94', '12/09/2000', '(45) 99955-3220', '$2a$10$bAdAVLvM.k3DqPaPYi0gnO1OffPSHLref8MElAk.u.fFQ17v9YKC2', 'f786c907-032e-451b-ac93-8508dec75a3d', '2019-12-02', 'f786c907-032e-451b-ac93-8508dec75a3d', '2019-12-02'), ( 1002, now(), 'adryell.silva10@gmail.com', 2, false, 'Adryell Nathann', '116.506.789-75', '10/27/2000', '(45) 99996-4523', '$2a$10$bAdAVLvM.k3DqPaPYi0gnO1OffPSHLref8MElAk.u.fFQ17v9YKC2', 'f786c907-032e-451b-ac93-8508dec75a3d', '2019-12-02', 'f786c907-032e-451b-ac93-8508dec75a3d', '2019-12-02'); nested exception is org.postgresql.util.PSQLException: ERROR: date/time field value out of range: "10/27/2000"
  Dica: Perhaps you need a different "datestyle" setting.
  Posição: 605
	at org.springframework.jdbc.datasource.init.ScriptUtils.executeSqlScript(ScriptUtils.java:509) ~[spring-jdbc-5.1.9.RELEASE.jar:5.1.9.RELEASE]
	at org.springframework.jdbc.datasource.init.ResourceDatabasePopulator.populate(ResourceDatabasePopulator.java:238) ~[spring-jdbc-5.1.9.RELEASE.jar:5.1.9.RELEASE]
	at org.springframework.jdbc.datasource.init.DatabasePopulatorUtils.execute(DatabasePopulatorUtils.java:48) ~[spring-jdbc-5.1.9.RELEASE.jar:5.1.9.RELEASE]
	at org.springframework.jdbc.datasource.init.ResourceDatabasePopulator.execute(ResourceDatabasePopulator.java:253) ~[spring-jdbc-5.1.9.RELEASE.jar:5.1.9.RELEASE]
	at org.springframework.test.context.jdbc.SqlScriptsTestExecutionListener.lambda$executeSqlScripts$3(SqlScriptsTestExecutionListener.java:229) ~[spring-test-5.1.9.RELEASE.jar:5.1.9.RELEASE]
	at org.springframework.transaction.support.TransactionTemplate.execute(TransactionTemplate.java:140) ~[spring-tx-5.1.9.RELEASE.jar:5.1.9.RELEASE]
	at org.springframework.test.context.jdbc.SqlScriptsTestExecutionListener.executeSqlScripts(SqlScriptsTestExecutionListener.java:228) ~[spring-test-5.1.9.RELEASE.jar:5.1.9.RELEASE]
	at org.springframework.test.context.jdbc.SqlScriptsTestExecutionListener.executeSqlScripts(SqlScriptsTestExecutionListener.java:142) ~[spring-test-5.1.9.RELEASE.jar:5.1.9.RELEASE]
	at org.springframework.test.context.jdbc.SqlScriptsTestExecutionListener.beforeTestMethod(SqlScriptsTestExecutionListener.java:112) ~[spring-test-5.1.9.RELEASE.jar:5.1.9.RELEASE]
	at org.springframework.test.context.TestContextManager.beforeTestMethod(TestContextManager.java:291) ~[spring-test-5.1.9.RELEASE.jar:5.1.9.RELEASE]
	at org.springframework.test.context.junit4.statements.RunBeforeTestMethodCallbacks.evaluate(RunBeforeTestMethodCallbacks.java:74) [spring-test-5.1.9.RELEASE.jar:5.1.9.RELEASE]
	at org.springframework.test.context.junit4.statements.RunAfterTestMethodCallbacks.evaluate(RunAfterTestMethodCallbacks.java:86) [spring-test-5.1.9.RELEASE.jar:5.1.9.RELEASE]
	at org.springframework.test.context.junit4.statements.SpringRepeat.evaluate(SpringRepeat.java:84) [spring-test-5.1.9.RELEASE.jar:5.1.9.RELEASE]
	at org.junit.runners.ParentRunner.runLeaf(ParentRunner.java:325) [junit-4.12.jar:4.12]
	at org.springframework.test.context.junit4.SpringJUnit4ClassRunner.runChild(SpringJUnit4ClassRunner.java:251) [spring-test-5.1.9.RELEASE.jar:5.1.9.RELEASE]
	at org.springframework.test.context.junit4.SpringJUnit4ClassRunner.runChild(SpringJUnit4ClassRunner.java:97) [spring-test-5.1.9.RELEASE.jar:5.1.9.RELEASE]
	at org.junit.runners.ParentRunner$3.run(ParentRunner.java:290) [junit-4.12.jar:4.12]
	at org.junit.runners.ParentRunner$1.schedule(ParentRunner.java:71) [junit-4.12.jar:4.12]
	at org.junit.runners.ParentRunner.runChildren(ParentRunner.java:288) [junit-4.12.jar:4.12]
	at org.junit.runners.ParentRunner.access$000(ParentRunner.java:58) [junit-4.12.jar:4.12]
	at org.junit.runners.ParentRunner$2.evaluate(ParentRunner.java:268) [junit-4.12.jar:4.12]
	at org.springframework.test.context.junit4.statements.RunBeforeTestClassCallbacks.evaluate(RunBeforeTestClassCallbacks.java:61) [spring-test-5.1.9.RELEASE.jar:5.1.9.RELEASE]
	at org.springframework.test.context.junit4.statements.RunAfterTestClassCallbacks.evaluate(RunAfterTestClassCallbacks.java:70) [spring-test-5.1.9.RELEASE.jar:5.1.9.RELEASE]
	at org.junit.runners.ParentRunner.run(ParentRunner.java:363) [junit-4.12.jar:4.12]
	at org.springframework.test.context.junit4.SpringJUnit4ClassRunner.run(SpringJUnit4ClassRunner.java:190) [spring-test-5.1.9.RELEASE.jar:5.1.9.RELEASE]
	at org.apache.maven.surefire.junit4.JUnit4Provider.execute(JUnit4Provider.java:365) [surefire-junit4-2.22.2.jar:2.22.2]
	at org.apache.maven.surefire.junit4.JUnit4Provider.executeWithRerun(JUnit4Provider.java:273) [surefire-junit4-2.22.2.jar:2.22.2]
	at org.apache.maven.surefire.junit4.JUnit4Provider.executeTestSet(JUnit4Provider.java:238) [surefire-junit4-2.22.2.jar:2.22.2]
	at org.apache.maven.surefire.junit4.JUnit4Provider.invoke(JUnit4Provider.java:159) [surefire-junit4-2.22.2.jar:2.22.2]
	at org.apache.maven.surefire.booter.ForkedBooter.invokeProviderInSameClassLoader(ForkedBooter.java:384) [surefire-booter-2.22.2.jar:2.22.2]
	at org.apache.maven.surefire.booter.ForkedBooter.runSuitesInProcess(ForkedBooter.java:345) [surefire-booter-2.22.2.jar:2.22.2]
	at org.apache.maven.surefire.booter.ForkedBooter.execute(ForkedBooter.java:126) [surefire-booter-2.22.2.jar:2.22.2]
	at org.apache.maven.surefire.booter.ForkedBooter.main(ForkedBooter.java:418) [surefire-booter-2.22.2.jar:2.22.2]
Caused by: org.postgresql.util.PSQLException: ERROR: date/time field value out of range: "10/27/2000"
  Dica: Perhaps you need a different "datestyle" setting.
  Posição: 605
	at org.postgresql.core.v3.QueryExecutorImpl.receiveErrorResponse(QueryExecutorImpl.java:2497) ~[postgresql-42.2.8.jar:42.2.8]
	at org.postgresql.core.v3.QueryExecutorImpl.processResults(QueryExecutorImpl.java:2233) ~[postgresql-42.2.8.jar:42.2.8]
	at org.postgresql.core.v3.QueryExecutorImpl.execute(QueryExecutorImpl.java:310) ~[postgresql-42.2.8.jar:42.2.8]
	at org.postgresql.jdbc.PgStatement.executeInternal(PgStatement.java:446) ~[postgresql-42.2.8.jar:42.2.8]
	at org.postgresql.jdbc.PgStatement.execute(PgStatement.java:370) ~[postgresql-42.2.8.jar:42.2.8]
	at org.postgresql.jdbc.PgStatement.executeWithFlags(PgStatement.java:311) ~[postgresql-42.2.8.jar:42.2.8]
	at org.postgresql.jdbc.PgStatement.executeCachedSql(PgStatement.java:297) ~[postgresql-42.2.8.jar:42.2.8]
	at org.postgresql.jdbc.PgStatement.executeWithFlags(PgStatement.java:274) ~[postgresql-42.2.8.jar:42.2.8]
	at org.postgresql.jdbc.PgStatement.execute(PgStatement.java:269) ~[postgresql-42.2.8.jar:42.2.8]
	at com.zaxxer.hikari.pool.ProxyStatement.execute(ProxyStatement.java:95) ~[HikariCP-3.2.0.jar:na]
	at com.zaxxer.hikari.pool.HikariProxyStatement.execute(HikariProxyStatement.java) ~[HikariCP-3.2.0.jar:na]
	at org.springframework.jdbc.datasource.init.ScriptUtils.executeSqlScript(ScriptUtils.java:488) ~[spring-jdbc-5.1.9.RELEASE.jar:5.1.9.RELEASE]
	... 32 common frames omitted

]]></system-out>
  </testcase>
  <testcase name="atualizarAlunoMustFailCpfDuplicado" classname="com.flashcursos.model.service.AlunoTests" time="0.417">
    <error message="Failed to execute SQL script statement #1 of class path resource [dataset/usuarios.sql]: INSERT INTO usuario ( id, created, email, tipousuario, disponivel, nome, cpf, nascimento, celular, senha, account_activate_token, account_activate_token_expiration, password_reset_token, password_reset_token_expiration) VALUES ( 1001, now(), &apos;jlenon7@hotmail.com&apos;, 1, false, &apos;João Lenon&apos;, &apos;092.862.989-94&apos;, &apos;12/09/2000&apos;, &apos;(45) 99955-3220&apos;, &apos;$2a$10$bAdAVLvM.k3DqPaPYi0gnO1OffPSHLref8MElAk.u.fFQ17v9YKC2&apos;, &apos;f786c907-032e-451b-ac93-8508dec75a3d&apos;, &apos;2019-12-02&apos;, &apos;f786c907-032e-451b-ac93-8508dec75a3d&apos;, &apos;2019-12-02&apos;), ( 1002, now(), &apos;adryell.silva10@gmail.com&apos;, 2, false, &apos;Adryell Nathann&apos;, &apos;116.506.789-75&apos;, &apos;10/27/2000&apos;, &apos;(45) 99996-4523&apos;, &apos;$2a$10$bAdAVLvM.k3DqPaPYi0gnO1OffPSHLref8MElAk.u.fFQ17v9YKC2&apos;, &apos;f786c907-032e-451b-ac93-8508dec75a3d&apos;, &apos;2019-12-02&apos;, &apos;f786c907-032e-451b-ac93-8508dec75a3d&apos;, &apos;2019-12-02&apos;); nested exception is org.postgresql.util.PSQLException: ERROR: date/time field value out of range: &quot;10/27/2000&quot;&#10;  Dica: Perhaps you need a different &quot;datestyle&quot; setting.&#10;  Posição: 605" type="org.springframework.jdbc.datasource.init.ScriptStatementFailedException">org.springframework.jdbc.datasource.init.ScriptStatementFailedException: 
Failed to execute SQL script statement #1 of class path resource [dataset/usuarios.sql]: INSERT INTO usuario ( id, created, email, tipousuario, disponivel, nome, cpf, nascimento, celular, senha, account_activate_token, account_activate_token_expiration, password_reset_token, password_reset_token_expiration) VALUES ( 1001, now(), 'jlenon7@hotmail.com', 1, false, 'João Lenon', '092.862.989-94', '12/09/2000', '(45) 99955-3220', '$2a$10$bAdAVLvM.k3DqPaPYi0gnO1OffPSHLref8MElAk.u.fFQ17v9YKC2', 'f786c907-032e-451b-ac93-8508dec75a3d', '2019-12-02', 'f786c907-032e-451b-ac93-8508dec75a3d', '2019-12-02'), ( 1002, now(), 'adryell.silva10@gmail.com', 2, false, 'Adryell Nathann', '116.506.789-75', '10/27/2000', '(45) 99996-4523', '$2a$10$bAdAVLvM.k3DqPaPYi0gnO1OffPSHLref8MElAk.u.fFQ17v9YKC2', 'f786c907-032e-451b-ac93-8508dec75a3d', '2019-12-02', 'f786c907-032e-451b-ac93-8508dec75a3d', '2019-12-02'); nested exception is org.postgresql.util.PSQLException: ERROR: date/time field value out of range: "10/27/2000"
  Dica: Perhaps you need a different "datestyle" setting.
  Posição: 605
Caused by: org.postgresql.util.PSQLException: 
ERROR: date/time field value out of range: "10/27/2000"
  Dica: Perhaps you need a different "datestyle" setting.
  Posição: 605
</error>
    <system-out><![CDATA[2019-12-09 22:53:07.173  WARN 7688 --- [           main] o.s.test.context.TestContextManager      : Caught exception while invoking 'beforeTestMethod' callback on TestExecutionListener [org.springframework.test.context.jdbc.SqlScriptsTestExecutionListener@77847718] for test method [public void com.flashcursos.model.service.AlunoTests.atualizarAlunoMustFailCpfDuplicado()] and test instance [com.flashcursos.model.service.AlunoTests@43201f84]

org.springframework.jdbc.datasource.init.ScriptStatementFailedException: Failed to execute SQL script statement #1 of class path resource [dataset/usuarios.sql]: INSERT INTO usuario ( id, created, email, tipousuario, disponivel, nome, cpf, nascimento, celular, senha, account_activate_token, account_activate_token_expiration, password_reset_token, password_reset_token_expiration) VALUES ( 1001, now(), 'jlenon7@hotmail.com', 1, false, 'João Lenon', '092.862.989-94', '12/09/2000', '(45) 99955-3220', '$2a$10$bAdAVLvM.k3DqPaPYi0gnO1OffPSHLref8MElAk.u.fFQ17v9YKC2', 'f786c907-032e-451b-ac93-8508dec75a3d', '2019-12-02', 'f786c907-032e-451b-ac93-8508dec75a3d', '2019-12-02'), ( 1002, now(), 'adryell.silva10@gmail.com', 2, false, 'Adryell Nathann', '116.506.789-75', '10/27/2000', '(45) 99996-4523', '$2a$10$bAdAVLvM.k3DqPaPYi0gnO1OffPSHLref8MElAk.u.fFQ17v9YKC2', 'f786c907-032e-451b-ac93-8508dec75a3d', '2019-12-02', 'f786c907-032e-451b-ac93-8508dec75a3d', '2019-12-02'); nested exception is org.postgresql.util.PSQLException: ERROR: date/time field value out of range: "10/27/2000"
  Dica: Perhaps you need a different "datestyle" setting.
  Posição: 605
	at org.springframework.jdbc.datasource.init.ScriptUtils.executeSqlScript(ScriptUtils.java:509) ~[spring-jdbc-5.1.9.RELEASE.jar:5.1.9.RELEASE]
	at org.springframework.jdbc.datasource.init.ResourceDatabasePopulator.populate(ResourceDatabasePopulator.java:238) ~[spring-jdbc-5.1.9.RELEASE.jar:5.1.9.RELEASE]
	at org.springframework.jdbc.datasource.init.DatabasePopulatorUtils.execute(DatabasePopulatorUtils.java:48) ~[spring-jdbc-5.1.9.RELEASE.jar:5.1.9.RELEASE]
	at org.springframework.jdbc.datasource.init.ResourceDatabasePopulator.execute(ResourceDatabasePopulator.java:253) ~[spring-jdbc-5.1.9.RELEASE.jar:5.1.9.RELEASE]
	at org.springframework.test.context.jdbc.SqlScriptsTestExecutionListener.lambda$executeSqlScripts$3(SqlScriptsTestExecutionListener.java:229) ~[spring-test-5.1.9.RELEASE.jar:5.1.9.RELEASE]
	at org.springframework.transaction.support.TransactionTemplate.execute(TransactionTemplate.java:140) ~[spring-tx-5.1.9.RELEASE.jar:5.1.9.RELEASE]
	at org.springframework.test.context.jdbc.SqlScriptsTestExecutionListener.executeSqlScripts(SqlScriptsTestExecutionListener.java:228) ~[spring-test-5.1.9.RELEASE.jar:5.1.9.RELEASE]
	at org.springframework.test.context.jdbc.SqlScriptsTestExecutionListener.executeSqlScripts(SqlScriptsTestExecutionListener.java:142) ~[spring-test-5.1.9.RELEASE.jar:5.1.9.RELEASE]
	at org.springframework.test.context.jdbc.SqlScriptsTestExecutionListener.beforeTestMethod(SqlScriptsTestExecutionListener.java:112) ~[spring-test-5.1.9.RELEASE.jar:5.1.9.RELEASE]
	at org.springframework.test.context.TestContextManager.beforeTestMethod(TestContextManager.java:291) ~[spring-test-5.1.9.RELEASE.jar:5.1.9.RELEASE]
	at org.springframework.test.context.junit4.statements.RunBeforeTestMethodCallbacks.evaluate(RunBeforeTestMethodCallbacks.java:74) [spring-test-5.1.9.RELEASE.jar:5.1.9.RELEASE]
	at org.springframework.test.context.junit4.statements.RunAfterTestMethodCallbacks.evaluate(RunAfterTestMethodCallbacks.java:86) [spring-test-5.1.9.RELEASE.jar:5.1.9.RELEASE]
	at org.springframework.test.context.junit4.statements.SpringRepeat.evaluate(SpringRepeat.java:84) [spring-test-5.1.9.RELEASE.jar:5.1.9.RELEASE]
	at org.junit.runners.ParentRunner.runLeaf(ParentRunner.java:325) [junit-4.12.jar:4.12]
	at org.springframework.test.context.junit4.SpringJUnit4ClassRunner.runChild(SpringJUnit4ClassRunner.java:251) [spring-test-5.1.9.RELEASE.jar:5.1.9.RELEASE]
	at org.springframework.test.context.junit4.SpringJUnit4ClassRunner.runChild(SpringJUnit4ClassRunner.java:97) [spring-test-5.1.9.RELEASE.jar:5.1.9.RELEASE]
	at org.junit.runners.ParentRunner$3.run(ParentRunner.java:290) [junit-4.12.jar:4.12]
	at org.junit.runners.ParentRunner$1.schedule(ParentRunner.java:71) [junit-4.12.jar:4.12]
	at org.junit.runners.ParentRunner.runChildren(ParentRunner.java:288) [junit-4.12.jar:4.12]
	at org.junit.runners.ParentRunner.access$000(ParentRunner.java:58) [junit-4.12.jar:4.12]
	at org.junit.runners.ParentRunner$2.evaluate(ParentRunner.java:268) [junit-4.12.jar:4.12]
	at org.springframework.test.context.junit4.statements.RunBeforeTestClassCallbacks.evaluate(RunBeforeTestClassCallbacks.java:61) [spring-test-5.1.9.RELEASE.jar:5.1.9.RELEASE]
	at org.springframework.test.context.junit4.statements.RunAfterTestClassCallbacks.evaluate(RunAfterTestClassCallbacks.java:70) [spring-test-5.1.9.RELEASE.jar:5.1.9.RELEASE]
	at org.junit.runners.ParentRunner.run(ParentRunner.java:363) [junit-4.12.jar:4.12]
	at org.springframework.test.context.junit4.SpringJUnit4ClassRunner.run(SpringJUnit4ClassRunner.java:190) [spring-test-5.1.9.RELEASE.jar:5.1.9.RELEASE]
	at org.apache.maven.surefire.junit4.JUnit4Provider.execute(JUnit4Provider.java:365) [surefire-junit4-2.22.2.jar:2.22.2]
	at org.apache.maven.surefire.junit4.JUnit4Provider.executeWithRerun(JUnit4Provider.java:273) [surefire-junit4-2.22.2.jar:2.22.2]
	at org.apache.maven.surefire.junit4.JUnit4Provider.executeTestSet(JUnit4Provider.java:238) [surefire-junit4-2.22.2.jar:2.22.2]
	at org.apache.maven.surefire.junit4.JUnit4Provider.invoke(JUnit4Provider.java:159) [surefire-junit4-2.22.2.jar:2.22.2]
	at org.apache.maven.surefire.booter.ForkedBooter.invokeProviderInSameClassLoader(ForkedBooter.java:384) [surefire-booter-2.22.2.jar:2.22.2]
	at org.apache.maven.surefire.booter.ForkedBooter.runSuitesInProcess(ForkedBooter.java:345) [surefire-booter-2.22.2.jar:2.22.2]
	at org.apache.maven.surefire.booter.ForkedBooter.execute(ForkedBooter.java:126) [surefire-booter-2.22.2.jar:2.22.2]
	at org.apache.maven.surefire.booter.ForkedBooter.main(ForkedBooter.java:418) [surefire-booter-2.22.2.jar:2.22.2]
Caused by: org.postgresql.util.PSQLException: ERROR: date/time field value out of range: "10/27/2000"
  Dica: Perhaps you need a different "datestyle" setting.
  Posição: 605
	at org.postgresql.core.v3.QueryExecutorImpl.receiveErrorResponse(QueryExecutorImpl.java:2497) ~[postgresql-42.2.8.jar:42.2.8]
	at org.postgresql.core.v3.QueryExecutorImpl.processResults(QueryExecutorImpl.java:2233) ~[postgresql-42.2.8.jar:42.2.8]
	at org.postgresql.core.v3.QueryExecutorImpl.execute(QueryExecutorImpl.java:310) ~[postgresql-42.2.8.jar:42.2.8]
	at org.postgresql.jdbc.PgStatement.executeInternal(PgStatement.java:446) ~[postgresql-42.2.8.jar:42.2.8]
	at org.postgresql.jdbc.PgStatement.execute(PgStatement.java:370) ~[postgresql-42.2.8.jar:42.2.8]
	at org.postgresql.jdbc.PgStatement.executeWithFlags(PgStatement.java:311) ~[postgresql-42.2.8.jar:42.2.8]
	at org.postgresql.jdbc.PgStatement.executeCachedSql(PgStatement.java:297) ~[postgresql-42.2.8.jar:42.2.8]
	at org.postgresql.jdbc.PgStatement.executeWithFlags(PgStatement.java:274) ~[postgresql-42.2.8.jar:42.2.8]
	at org.postgresql.jdbc.PgStatement.execute(PgStatement.java:269) ~[postgresql-42.2.8.jar:42.2.8]
	at com.zaxxer.hikari.pool.ProxyStatement.execute(ProxyStatement.java:95) ~[HikariCP-3.2.0.jar:na]
	at com.zaxxer.hikari.pool.HikariProxyStatement.execute(HikariProxyStatement.java) ~[HikariCP-3.2.0.jar:na]
	at org.springframework.jdbc.datasource.init.ScriptUtils.executeSqlScript(ScriptUtils.java:488) ~[spring-jdbc-5.1.9.RELEASE.jar:5.1.9.RELEASE]
	... 32 common frames omitted

]]></system-out>
  </testcase>
  <testcase name="detalharAlunoMustFailIdNaoExiste" classname="com.flashcursos.model.service.AlunoTests" time="0.592">
    <error message="Failed to execute SQL script statement #1 of class path resource [dataset/usuarios.sql]: INSERT INTO usuario ( id, created, email, tipousuario, disponivel, nome, cpf, nascimento, celular, senha, account_activate_token, account_activate_token_expiration, password_reset_token, password_reset_token_expiration) VALUES ( 1001, now(), &apos;jlenon7@hotmail.com&apos;, 1, false, &apos;João Lenon&apos;, &apos;092.862.989-94&apos;, &apos;12/09/2000&apos;, &apos;(45) 99955-3220&apos;, &apos;$2a$10$bAdAVLvM.k3DqPaPYi0gnO1OffPSHLref8MElAk.u.fFQ17v9YKC2&apos;, &apos;f786c907-032e-451b-ac93-8508dec75a3d&apos;, &apos;2019-12-02&apos;, &apos;f786c907-032e-451b-ac93-8508dec75a3d&apos;, &apos;2019-12-02&apos;), ( 1002, now(), &apos;adryell.silva10@gmail.com&apos;, 2, false, &apos;Adryell Nathann&apos;, &apos;116.506.789-75&apos;, &apos;10/27/2000&apos;, &apos;(45) 99996-4523&apos;, &apos;$2a$10$bAdAVLvM.k3DqPaPYi0gnO1OffPSHLref8MElAk.u.fFQ17v9YKC2&apos;, &apos;f786c907-032e-451b-ac93-8508dec75a3d&apos;, &apos;2019-12-02&apos;, &apos;f786c907-032e-451b-ac93-8508dec75a3d&apos;, &apos;2019-12-02&apos;); nested exception is org.postgresql.util.PSQLException: ERROR: date/time field value out of range: &quot;10/27/2000&quot;&#10;  Dica: Perhaps you need a different &quot;datestyle&quot; setting.&#10;  Posição: 605" type="org.springframework.jdbc.datasource.init.ScriptStatementFailedException">org.springframework.jdbc.datasource.init.ScriptStatementFailedException: 
Failed to execute SQL script statement #1 of class path resource [dataset/usuarios.sql]: INSERT INTO usuario ( id, created, email, tipousuario, disponivel, nome, cpf, nascimento, celular, senha, account_activate_token, account_activate_token_expiration, password_reset_token, password_reset_token_expiration) VALUES ( 1001, now(), 'jlenon7@hotmail.com', 1, false, 'João Lenon', '092.862.989-94', '12/09/2000', '(45) 99955-3220', '$2a$10$bAdAVLvM.k3DqPaPYi0gnO1OffPSHLref8MElAk.u.fFQ17v9YKC2', 'f786c907-032e-451b-ac93-8508dec75a3d', '2019-12-02', 'f786c907-032e-451b-ac93-8508dec75a3d', '2019-12-02'), ( 1002, now(), 'adryell.silva10@gmail.com', 2, false, 'Adryell Nathann', '116.506.789-75', '10/27/2000', '(45) 99996-4523', '$2a$10$bAdAVLvM.k3DqPaPYi0gnO1OffPSHLref8MElAk.u.fFQ17v9YKC2', 'f786c907-032e-451b-ac93-8508dec75a3d', '2019-12-02', 'f786c907-032e-451b-ac93-8508dec75a3d', '2019-12-02'); nested exception is org.postgresql.util.PSQLException: ERROR: date/time field value out of range: "10/27/2000"
  Dica: Perhaps you need a different "datestyle" setting.
  Posição: 605
Caused by: org.postgresql.util.PSQLException: 
ERROR: date/time field value out of range: "10/27/2000"
  Dica: Perhaps you need a different "datestyle" setting.
  Posição: 605
</error>
    <system-out><![CDATA[2019-12-09 22:53:07.765  WARN 7688 --- [           main] o.s.test.context.TestContextManager      : Caught exception while invoking 'beforeTestMethod' callback on TestExecutionListener [org.springframework.test.context.jdbc.SqlScriptsTestExecutionListener@77847718] for test method [public void com.flashcursos.model.service.AlunoTests.detalharAlunoMustFailIdNaoExiste()] and test instance [com.flashcursos.model.service.AlunoTests@5ec3689b]

org.springframework.jdbc.datasource.init.ScriptStatementFailedException: Failed to execute SQL script statement #1 of class path resource [dataset/usuarios.sql]: INSERT INTO usuario ( id, created, email, tipousuario, disponivel, nome, cpf, nascimento, celular, senha, account_activate_token, account_activate_token_expiration, password_reset_token, password_reset_token_expiration) VALUES ( 1001, now(), 'jlenon7@hotmail.com', 1, false, 'João Lenon', '092.862.989-94', '12/09/2000', '(45) 99955-3220', '$2a$10$bAdAVLvM.k3DqPaPYi0gnO1OffPSHLref8MElAk.u.fFQ17v9YKC2', 'f786c907-032e-451b-ac93-8508dec75a3d', '2019-12-02', 'f786c907-032e-451b-ac93-8508dec75a3d', '2019-12-02'), ( 1002, now(), 'adryell.silva10@gmail.com', 2, false, 'Adryell Nathann', '116.506.789-75', '10/27/2000', '(45) 99996-4523', '$2a$10$bAdAVLvM.k3DqPaPYi0gnO1OffPSHLref8MElAk.u.fFQ17v9YKC2', 'f786c907-032e-451b-ac93-8508dec75a3d', '2019-12-02', 'f786c907-032e-451b-ac93-8508dec75a3d', '2019-12-02'); nested exception is org.postgresql.util.PSQLException: ERROR: date/time field value out of range: "10/27/2000"
  Dica: Perhaps you need a different "datestyle" setting.
  Posição: 605
	at org.springframework.jdbc.datasource.init.ScriptUtils.executeSqlScript(ScriptUtils.java:509) ~[spring-jdbc-5.1.9.RELEASE.jar:5.1.9.RELEASE]
	at org.springframework.jdbc.datasource.init.ResourceDatabasePopulator.populate(ResourceDatabasePopulator.java:238) ~[spring-jdbc-5.1.9.RELEASE.jar:5.1.9.RELEASE]
	at org.springframework.jdbc.datasource.init.DatabasePopulatorUtils.execute(DatabasePopulatorUtils.java:48) ~[spring-jdbc-5.1.9.RELEASE.jar:5.1.9.RELEASE]
	at org.springframework.jdbc.datasource.init.ResourceDatabasePopulator.execute(ResourceDatabasePopulator.java:253) ~[spring-jdbc-5.1.9.RELEASE.jar:5.1.9.RELEASE]
	at org.springframework.test.context.jdbc.SqlScriptsTestExecutionListener.lambda$executeSqlScripts$3(SqlScriptsTestExecutionListener.java:229) ~[spring-test-5.1.9.RELEASE.jar:5.1.9.RELEASE]
	at org.springframework.transaction.support.TransactionTemplate.execute(TransactionTemplate.java:140) ~[spring-tx-5.1.9.RELEASE.jar:5.1.9.RELEASE]
	at org.springframework.test.context.jdbc.SqlScriptsTestExecutionListener.executeSqlScripts(SqlScriptsTestExecutionListener.java:228) ~[spring-test-5.1.9.RELEASE.jar:5.1.9.RELEASE]
	at org.springframework.test.context.jdbc.SqlScriptsTestExecutionListener.executeSqlScripts(SqlScriptsTestExecutionListener.java:142) ~[spring-test-5.1.9.RELEASE.jar:5.1.9.RELEASE]
	at org.springframework.test.context.jdbc.SqlScriptsTestExecutionListener.beforeTestMethod(SqlScriptsTestExecutionListener.java:112) ~[spring-test-5.1.9.RELEASE.jar:5.1.9.RELEASE]
	at org.springframework.test.context.TestContextManager.beforeTestMethod(TestContextManager.java:291) ~[spring-test-5.1.9.RELEASE.jar:5.1.9.RELEASE]
	at org.springframework.test.context.junit4.statements.RunBeforeTestMethodCallbacks.evaluate(RunBeforeTestMethodCallbacks.java:74) [spring-test-5.1.9.RELEASE.jar:5.1.9.RELEASE]
	at org.springframework.test.context.junit4.statements.RunAfterTestMethodCallbacks.evaluate(RunAfterTestMethodCallbacks.java:86) [spring-test-5.1.9.RELEASE.jar:5.1.9.RELEASE]
	at org.springframework.test.context.junit4.statements.SpringRepeat.evaluate(SpringRepeat.java:84) [spring-test-5.1.9.RELEASE.jar:5.1.9.RELEASE]
	at org.junit.runners.ParentRunner.runLeaf(ParentRunner.java:325) [junit-4.12.jar:4.12]
	at org.springframework.test.context.junit4.SpringJUnit4ClassRunner.runChild(SpringJUnit4ClassRunner.java:251) [spring-test-5.1.9.RELEASE.jar:5.1.9.RELEASE]
	at org.springframework.test.context.junit4.SpringJUnit4ClassRunner.runChild(SpringJUnit4ClassRunner.java:97) [spring-test-5.1.9.RELEASE.jar:5.1.9.RELEASE]
	at org.junit.runners.ParentRunner$3.run(ParentRunner.java:290) [junit-4.12.jar:4.12]
	at org.junit.runners.ParentRunner$1.schedule(ParentRunner.java:71) [junit-4.12.jar:4.12]
	at org.junit.runners.ParentRunner.runChildren(ParentRunner.java:288) [junit-4.12.jar:4.12]
	at org.junit.runners.ParentRunner.access$000(ParentRunner.java:58) [junit-4.12.jar:4.12]
	at org.junit.runners.ParentRunner$2.evaluate(ParentRunner.java:268) [junit-4.12.jar:4.12]
	at org.springframework.test.context.junit4.statements.RunBeforeTestClassCallbacks.evaluate(RunBeforeTestClassCallbacks.java:61) [spring-test-5.1.9.RELEASE.jar:5.1.9.RELEASE]
	at org.springframework.test.context.junit4.statements.RunAfterTestClassCallbacks.evaluate(RunAfterTestClassCallbacks.java:70) [spring-test-5.1.9.RELEASE.jar:5.1.9.RELEASE]
	at org.junit.runners.ParentRunner.run(ParentRunner.java:363) [junit-4.12.jar:4.12]
	at org.springframework.test.context.junit4.SpringJUnit4ClassRunner.run(SpringJUnit4ClassRunner.java:190) [spring-test-5.1.9.RELEASE.jar:5.1.9.RELEASE]
	at org.apache.maven.surefire.junit4.JUnit4Provider.execute(JUnit4Provider.java:365) [surefire-junit4-2.22.2.jar:2.22.2]
	at org.apache.maven.surefire.junit4.JUnit4Provider.executeWithRerun(JUnit4Provider.java:273) [surefire-junit4-2.22.2.jar:2.22.2]
	at org.apache.maven.surefire.junit4.JUnit4Provider.executeTestSet(JUnit4Provider.java:238) [surefire-junit4-2.22.2.jar:2.22.2]
	at org.apache.maven.surefire.junit4.JUnit4Provider.invoke(JUnit4Provider.java:159) [surefire-junit4-2.22.2.jar:2.22.2]
	at org.apache.maven.surefire.booter.ForkedBooter.invokeProviderInSameClassLoader(ForkedBooter.java:384) [surefire-booter-2.22.2.jar:2.22.2]
	at org.apache.maven.surefire.booter.ForkedBooter.runSuitesInProcess(ForkedBooter.java:345) [surefire-booter-2.22.2.jar:2.22.2]
	at org.apache.maven.surefire.booter.ForkedBooter.execute(ForkedBooter.java:126) [surefire-booter-2.22.2.jar:2.22.2]
	at org.apache.maven.surefire.booter.ForkedBooter.main(ForkedBooter.java:418) [surefire-booter-2.22.2.jar:2.22.2]
Caused by: org.postgresql.util.PSQLException: ERROR: date/time field value out of range: "10/27/2000"
  Dica: Perhaps you need a different "datestyle" setting.
  Posição: 605
	at org.postgresql.core.v3.QueryExecutorImpl.receiveErrorResponse(QueryExecutorImpl.java:2497) ~[postgresql-42.2.8.jar:42.2.8]
	at org.postgresql.core.v3.QueryExecutorImpl.processResults(QueryExecutorImpl.java:2233) ~[postgresql-42.2.8.jar:42.2.8]
	at org.postgresql.core.v3.QueryExecutorImpl.execute(QueryExecutorImpl.java:310) ~[postgresql-42.2.8.jar:42.2.8]
	at org.postgresql.jdbc.PgStatement.executeInternal(PgStatement.java:446) ~[postgresql-42.2.8.jar:42.2.8]
	at org.postgresql.jdbc.PgStatement.execute(PgStatement.java:370) ~[postgresql-42.2.8.jar:42.2.8]
	at org.postgresql.jdbc.PgStatement.executeWithFlags(PgStatement.java:311) ~[postgresql-42.2.8.jar:42.2.8]
	at org.postgresql.jdbc.PgStatement.executeCachedSql(PgStatement.java:297) ~[postgresql-42.2.8.jar:42.2.8]
	at org.postgresql.jdbc.PgStatement.executeWithFlags(PgStatement.java:274) ~[postgresql-42.2.8.jar:42.2.8]
	at org.postgresql.jdbc.PgStatement.execute(PgStatement.java:269) ~[postgresql-42.2.8.jar:42.2.8]
	at com.zaxxer.hikari.pool.ProxyStatement.execute(ProxyStatement.java:95) ~[HikariCP-3.2.0.jar:na]
	at com.zaxxer.hikari.pool.HikariProxyStatement.execute(HikariProxyStatement.java) ~[HikariCP-3.2.0.jar:na]
	at org.springframework.jdbc.datasource.init.ScriptUtils.executeSqlScript(ScriptUtils.java:488) ~[spring-jdbc-5.1.9.RELEASE.jar:5.1.9.RELEASE]
	... 32 common frames omitted

]]></system-out>
  </testcase>
  <testcase name="removerAlunoMatriculadoMustFailIdNaoExiste" classname="com.flashcursos.model.service.AlunoTests" time="0.607">
    <error message="Failed to execute SQL script statement #1 of class path resource [dataset/usuarios.sql]: INSERT INTO usuario ( id, created, email, tipousuario, disponivel, nome, cpf, nascimento, celular, senha, account_activate_token, account_activate_token_expiration, password_reset_token, password_reset_token_expiration) VALUES ( 1001, now(), &apos;jlenon7@hotmail.com&apos;, 1, false, &apos;João Lenon&apos;, &apos;092.862.989-94&apos;, &apos;12/09/2000&apos;, &apos;(45) 99955-3220&apos;, &apos;$2a$10$bAdAVLvM.k3DqPaPYi0gnO1OffPSHLref8MElAk.u.fFQ17v9YKC2&apos;, &apos;f786c907-032e-451b-ac93-8508dec75a3d&apos;, &apos;2019-12-02&apos;, &apos;f786c907-032e-451b-ac93-8508dec75a3d&apos;, &apos;2019-12-02&apos;), ( 1002, now(), &apos;adryell.silva10@gmail.com&apos;, 2, false, &apos;Adryell Nathann&apos;, &apos;116.506.789-75&apos;, &apos;10/27/2000&apos;, &apos;(45) 99996-4523&apos;, &apos;$2a$10$bAdAVLvM.k3DqPaPYi0gnO1OffPSHLref8MElAk.u.fFQ17v9YKC2&apos;, &apos;f786c907-032e-451b-ac93-8508dec75a3d&apos;, &apos;2019-12-02&apos;, &apos;f786c907-032e-451b-ac93-8508dec75a3d&apos;, &apos;2019-12-02&apos;); nested exception is org.postgresql.util.PSQLException: ERROR: date/time field value out of range: &quot;10/27/2000&quot;&#10;  Dica: Perhaps you need a different &quot;datestyle&quot; setting.&#10;  Posição: 605" type="org.springframework.jdbc.datasource.init.ScriptStatementFailedException">org.springframework.jdbc.datasource.init.ScriptStatementFailedException: 
Failed to execute SQL script statement #1 of class path resource [dataset/usuarios.sql]: INSERT INTO usuario ( id, created, email, tipousuario, disponivel, nome, cpf, nascimento, celular, senha, account_activate_token, account_activate_token_expiration, password_reset_token, password_reset_token_expiration) VALUES ( 1001, now(), 'jlenon7@hotmail.com', 1, false, 'João Lenon', '092.862.989-94', '12/09/2000', '(45) 99955-3220', '$2a$10$bAdAVLvM.k3DqPaPYi0gnO1OffPSHLref8MElAk.u.fFQ17v9YKC2', 'f786c907-032e-451b-ac93-8508dec75a3d', '2019-12-02', 'f786c907-032e-451b-ac93-8508dec75a3d', '2019-12-02'), ( 1002, now(), 'adryell.silva10@gmail.com', 2, false, 'Adryell Nathann', '116.506.789-75', '10/27/2000', '(45) 99996-4523', '$2a$10$bAdAVLvM.k3DqPaPYi0gnO1OffPSHLref8MElAk.u.fFQ17v9YKC2', 'f786c907-032e-451b-ac93-8508dec75a3d', '2019-12-02', 'f786c907-032e-451b-ac93-8508dec75a3d', '2019-12-02'); nested exception is org.postgresql.util.PSQLException: ERROR: date/time field value out of range: "10/27/2000"
  Dica: Perhaps you need a different "datestyle" setting.
  Posição: 605
Caused by: org.postgresql.util.PSQLException: 
ERROR: date/time field value out of range: "10/27/2000"
  Dica: Perhaps you need a different "datestyle" setting.
  Posição: 605
</error>
    <system-out><![CDATA[2019-12-09 22:53:08.312  WARN 7688 --- [           main] o.s.test.context.TestContextManager      : Caught exception while invoking 'beforeTestMethod' callback on TestExecutionListener [org.springframework.test.context.jdbc.SqlScriptsTestExecutionListener@77847718] for test method [public void com.flashcursos.model.service.AlunoTests.removerAlunoMatriculadoMustFailIdNaoExiste()] and test instance [com.flashcursos.model.service.AlunoTests@58fbfefb]

org.springframework.jdbc.datasource.init.ScriptStatementFailedException: Failed to execute SQL script statement #1 of class path resource [dataset/usuarios.sql]: INSERT INTO usuario ( id, created, email, tipousuario, disponivel, nome, cpf, nascimento, celular, senha, account_activate_token, account_activate_token_expiration, password_reset_token, password_reset_token_expiration) VALUES ( 1001, now(), 'jlenon7@hotmail.com', 1, false, 'João Lenon', '092.862.989-94', '12/09/2000', '(45) 99955-3220', '$2a$10$bAdAVLvM.k3DqPaPYi0gnO1OffPSHLref8MElAk.u.fFQ17v9YKC2', 'f786c907-032e-451b-ac93-8508dec75a3d', '2019-12-02', 'f786c907-032e-451b-ac93-8508dec75a3d', '2019-12-02'), ( 1002, now(), 'adryell.silva10@gmail.com', 2, false, 'Adryell Nathann', '116.506.789-75', '10/27/2000', '(45) 99996-4523', '$2a$10$bAdAVLvM.k3DqPaPYi0gnO1OffPSHLref8MElAk.u.fFQ17v9YKC2', 'f786c907-032e-451b-ac93-8508dec75a3d', '2019-12-02', 'f786c907-032e-451b-ac93-8508dec75a3d', '2019-12-02'); nested exception is org.postgresql.util.PSQLException: ERROR: date/time field value out of range: "10/27/2000"
  Dica: Perhaps you need a different "datestyle" setting.
  Posição: 605
	at org.springframework.jdbc.datasource.init.ScriptUtils.executeSqlScript(ScriptUtils.java:509) ~[spring-jdbc-5.1.9.RELEASE.jar:5.1.9.RELEASE]
	at org.springframework.jdbc.datasource.init.ResourceDatabasePopulator.populate(ResourceDatabasePopulator.java:238) ~[spring-jdbc-5.1.9.RELEASE.jar:5.1.9.RELEASE]
	at org.springframework.jdbc.datasource.init.DatabasePopulatorUtils.execute(DatabasePopulatorUtils.java:48) ~[spring-jdbc-5.1.9.RELEASE.jar:5.1.9.RELEASE]
	at org.springframework.jdbc.datasource.init.ResourceDatabasePopulator.execute(ResourceDatabasePopulator.java:253) ~[spring-jdbc-5.1.9.RELEASE.jar:5.1.9.RELEASE]
	at org.springframework.test.context.jdbc.SqlScriptsTestExecutionListener.lambda$executeSqlScripts$3(SqlScriptsTestExecutionListener.java:229) ~[spring-test-5.1.9.RELEASE.jar:5.1.9.RELEASE]
	at org.springframework.transaction.support.TransactionTemplate.execute(TransactionTemplate.java:140) ~[spring-tx-5.1.9.RELEASE.jar:5.1.9.RELEASE]
	at org.springframework.test.context.jdbc.SqlScriptsTestExecutionListener.executeSqlScripts(SqlScriptsTestExecutionListener.java:228) ~[spring-test-5.1.9.RELEASE.jar:5.1.9.RELEASE]
	at org.springframework.test.context.jdbc.SqlScriptsTestExecutionListener.executeSqlScripts(SqlScriptsTestExecutionListener.java:142) ~[spring-test-5.1.9.RELEASE.jar:5.1.9.RELEASE]
	at org.springframework.test.context.jdbc.SqlScriptsTestExecutionListener.beforeTestMethod(SqlScriptsTestExecutionListener.java:112) ~[spring-test-5.1.9.RELEASE.jar:5.1.9.RELEASE]
	at org.springframework.test.context.TestContextManager.beforeTestMethod(TestContextManager.java:291) ~[spring-test-5.1.9.RELEASE.jar:5.1.9.RELEASE]
	at org.springframework.test.context.junit4.statements.RunBeforeTestMethodCallbacks.evaluate(RunBeforeTestMethodCallbacks.java:74) [spring-test-5.1.9.RELEASE.jar:5.1.9.RELEASE]
	at org.springframework.test.context.junit4.statements.RunAfterTestMethodCallbacks.evaluate(RunAfterTestMethodCallbacks.java:86) [spring-test-5.1.9.RELEASE.jar:5.1.9.RELEASE]
	at org.springframework.test.context.junit4.statements.SpringRepeat.evaluate(SpringRepeat.java:84) [spring-test-5.1.9.RELEASE.jar:5.1.9.RELEASE]
	at org.junit.runners.ParentRunner.runLeaf(ParentRunner.java:325) [junit-4.12.jar:4.12]
	at org.springframework.test.context.junit4.SpringJUnit4ClassRunner.runChild(SpringJUnit4ClassRunner.java:251) [spring-test-5.1.9.RELEASE.jar:5.1.9.RELEASE]
	at org.springframework.test.context.junit4.SpringJUnit4ClassRunner.runChild(SpringJUnit4ClassRunner.java:97) [spring-test-5.1.9.RELEASE.jar:5.1.9.RELEASE]
	at org.junit.runners.ParentRunner$3.run(ParentRunner.java:290) [junit-4.12.jar:4.12]
	at org.junit.runners.ParentRunner$1.schedule(ParentRunner.java:71) [junit-4.12.jar:4.12]
	at org.junit.runners.ParentRunner.runChildren(ParentRunner.java:288) [junit-4.12.jar:4.12]
	at org.junit.runners.ParentRunner.access$000(ParentRunner.java:58) [junit-4.12.jar:4.12]
	at org.junit.runners.ParentRunner$2.evaluate(ParentRunner.java:268) [junit-4.12.jar:4.12]
	at org.springframework.test.context.junit4.statements.RunBeforeTestClassCallbacks.evaluate(RunBeforeTestClassCallbacks.java:61) [spring-test-5.1.9.RELEASE.jar:5.1.9.RELEASE]
	at org.springframework.test.context.junit4.statements.RunAfterTestClassCallbacks.evaluate(RunAfterTestClassCallbacks.java:70) [spring-test-5.1.9.RELEASE.jar:5.1.9.RELEASE]
	at org.junit.runners.ParentRunner.run(ParentRunner.java:363) [junit-4.12.jar:4.12]
	at org.springframework.test.context.junit4.SpringJUnit4ClassRunner.run(SpringJUnit4ClassRunner.java:190) [spring-test-5.1.9.RELEASE.jar:5.1.9.RELEASE]
	at org.apache.maven.surefire.junit4.JUnit4Provider.execute(JUnit4Provider.java:365) [surefire-junit4-2.22.2.jar:2.22.2]
	at org.apache.maven.surefire.junit4.JUnit4Provider.executeWithRerun(JUnit4Provider.java:273) [surefire-junit4-2.22.2.jar:2.22.2]
	at org.apache.maven.surefire.junit4.JUnit4Provider.executeTestSet(JUnit4Provider.java:238) [surefire-junit4-2.22.2.jar:2.22.2]
	at org.apache.maven.surefire.junit4.JUnit4Provider.invoke(JUnit4Provider.java:159) [surefire-junit4-2.22.2.jar:2.22.2]
	at org.apache.maven.surefire.booter.ForkedBooter.invokeProviderInSameClassLoader(ForkedBooter.java:384) [surefire-booter-2.22.2.jar:2.22.2]
	at org.apache.maven.surefire.booter.ForkedBooter.runSuitesInProcess(ForkedBooter.java:345) [surefire-booter-2.22.2.jar:2.22.2]
	at org.apache.maven.surefire.booter.ForkedBooter.execute(ForkedBooter.java:126) [surefire-booter-2.22.2.jar:2.22.2]
	at org.apache.maven.surefire.booter.ForkedBooter.main(ForkedBooter.java:418) [surefire-booter-2.22.2.jar:2.22.2]
Caused by: org.postgresql.util.PSQLException: ERROR: date/time field value out of range: "10/27/2000"
  Dica: Perhaps you need a different "datestyle" setting.
  Posição: 605
	at org.postgresql.core.v3.QueryExecutorImpl.receiveErrorResponse(QueryExecutorImpl.java:2497) ~[postgresql-42.2.8.jar:42.2.8]
	at org.postgresql.core.v3.QueryExecutorImpl.processResults(QueryExecutorImpl.java:2233) ~[postgresql-42.2.8.jar:42.2.8]
	at org.postgresql.core.v3.QueryExecutorImpl.execute(QueryExecutorImpl.java:310) ~[postgresql-42.2.8.jar:42.2.8]
	at org.postgresql.jdbc.PgStatement.executeInternal(PgStatement.java:446) ~[postgresql-42.2.8.jar:42.2.8]
	at org.postgresql.jdbc.PgStatement.execute(PgStatement.java:370) ~[postgresql-42.2.8.jar:42.2.8]
	at org.postgresql.jdbc.PgStatement.executeWithFlags(PgStatement.java:311) ~[postgresql-42.2.8.jar:42.2.8]
	at org.postgresql.jdbc.PgStatement.executeCachedSql(PgStatement.java:297) ~[postgresql-42.2.8.jar:42.2.8]
	at org.postgresql.jdbc.PgStatement.executeWithFlags(PgStatement.java:274) ~[postgresql-42.2.8.jar:42.2.8]
	at org.postgresql.jdbc.PgStatement.execute(PgStatement.java:269) ~[postgresql-42.2.8.jar:42.2.8]
	at com.zaxxer.hikari.pool.ProxyStatement.execute(ProxyStatement.java:95) ~[HikariCP-3.2.0.jar:na]
	at com.zaxxer.hikari.pool.HikariProxyStatement.execute(HikariProxyStatement.java) ~[HikariCP-3.2.0.jar:na]
	at org.springframework.jdbc.datasource.init.ScriptUtils.executeSqlScript(ScriptUtils.java:488) ~[spring-jdbc-5.1.9.RELEASE.jar:5.1.9.RELEASE]
	... 32 common frames omitted

]]></system-out>
  </testcase>
  <testcase name="atualizarAlunoMustFailNomeEmBranco" classname="com.flashcursos.model.service.AlunoTests" time="0.352">
    <error message="Failed to execute SQL script statement #1 of class path resource [dataset/usuarios.sql]: INSERT INTO usuario ( id, created, email, tipousuario, disponivel, nome, cpf, nascimento, celular, senha, account_activate_token, account_activate_token_expiration, password_reset_token, password_reset_token_expiration) VALUES ( 1001, now(), &apos;jlenon7@hotmail.com&apos;, 1, false, &apos;João Lenon&apos;, &apos;092.862.989-94&apos;, &apos;12/09/2000&apos;, &apos;(45) 99955-3220&apos;, &apos;$2a$10$bAdAVLvM.k3DqPaPYi0gnO1OffPSHLref8MElAk.u.fFQ17v9YKC2&apos;, &apos;f786c907-032e-451b-ac93-8508dec75a3d&apos;, &apos;2019-12-02&apos;, &apos;f786c907-032e-451b-ac93-8508dec75a3d&apos;, &apos;2019-12-02&apos;), ( 1002, now(), &apos;adryell.silva10@gmail.com&apos;, 2, false, &apos;Adryell Nathann&apos;, &apos;116.506.789-75&apos;, &apos;10/27/2000&apos;, &apos;(45) 99996-4523&apos;, &apos;$2a$10$bAdAVLvM.k3DqPaPYi0gnO1OffPSHLref8MElAk.u.fFQ17v9YKC2&apos;, &apos;f786c907-032e-451b-ac93-8508dec75a3d&apos;, &apos;2019-12-02&apos;, &apos;f786c907-032e-451b-ac93-8508dec75a3d&apos;, &apos;2019-12-02&apos;); nested exception is org.postgresql.util.PSQLException: ERROR: date/time field value out of range: &quot;10/27/2000&quot;&#10;  Dica: Perhaps you need a different &quot;datestyle&quot; setting.&#10;  Posição: 605" type="org.springframework.jdbc.datasource.init.ScriptStatementFailedException">org.springframework.jdbc.datasource.init.ScriptStatementFailedException: 
Failed to execute SQL script statement #1 of class path resource [dataset/usuarios.sql]: INSERT INTO usuario ( id, created, email, tipousuario, disponivel, nome, cpf, nascimento, celular, senha, account_activate_token, account_activate_token_expiration, password_reset_token, password_reset_token_expiration) VALUES ( 1001, now(), 'jlenon7@hotmail.com', 1, false, 'João Lenon', '092.862.989-94', '12/09/2000', '(45) 99955-3220', '$2a$10$bAdAVLvM.k3DqPaPYi0gnO1OffPSHLref8MElAk.u.fFQ17v9YKC2', 'f786c907-032e-451b-ac93-8508dec75a3d', '2019-12-02', 'f786c907-032e-451b-ac93-8508dec75a3d', '2019-12-02'), ( 1002, now(), 'adryell.silva10@gmail.com', 2, false, 'Adryell Nathann', '116.506.789-75', '10/27/2000', '(45) 99996-4523', '$2a$10$bAdAVLvM.k3DqPaPYi0gnO1OffPSHLref8MElAk.u.fFQ17v9YKC2', 'f786c907-032e-451b-ac93-8508dec75a3d', '2019-12-02', 'f786c907-032e-451b-ac93-8508dec75a3d', '2019-12-02'); nested exception is org.postgresql.util.PSQLException: ERROR: date/time field value out of range: "10/27/2000"
  Dica: Perhaps you need a different "datestyle" setting.
  Posição: 605
Caused by: org.postgresql.util.PSQLException: 
ERROR: date/time field value out of range: "10/27/2000"
  Dica: Perhaps you need a different "datestyle" setting.
  Posição: 605
</error>
    <system-out><![CDATA[2019-12-09 22:53:08.726  WARN 7688 --- [           main] o.s.test.context.TestContextManager      : Caught exception while invoking 'beforeTestMethod' callback on TestExecutionListener [org.springframework.test.context.jdbc.SqlScriptsTestExecutionListener@77847718] for test method [public void com.flashcursos.model.service.AlunoTests.atualizarAlunoMustFailNomeEmBranco()] and test instance [com.flashcursos.model.service.AlunoTests@421d7900]

org.springframework.jdbc.datasource.init.ScriptStatementFailedException: Failed to execute SQL script statement #1 of class path resource [dataset/usuarios.sql]: INSERT INTO usuario ( id, created, email, tipousuario, disponivel, nome, cpf, nascimento, celular, senha, account_activate_token, account_activate_token_expiration, password_reset_token, password_reset_token_expiration) VALUES ( 1001, now(), 'jlenon7@hotmail.com', 1, false, 'João Lenon', '092.862.989-94', '12/09/2000', '(45) 99955-3220', '$2a$10$bAdAVLvM.k3DqPaPYi0gnO1OffPSHLref8MElAk.u.fFQ17v9YKC2', 'f786c907-032e-451b-ac93-8508dec75a3d', '2019-12-02', 'f786c907-032e-451b-ac93-8508dec75a3d', '2019-12-02'), ( 1002, now(), 'adryell.silva10@gmail.com', 2, false, 'Adryell Nathann', '116.506.789-75', '10/27/2000', '(45) 99996-4523', '$2a$10$bAdAVLvM.k3DqPaPYi0gnO1OffPSHLref8MElAk.u.fFQ17v9YKC2', 'f786c907-032e-451b-ac93-8508dec75a3d', '2019-12-02', 'f786c907-032e-451b-ac93-8508dec75a3d', '2019-12-02'); nested exception is org.postgresql.util.PSQLException: ERROR: date/time field value out of range: "10/27/2000"
  Dica: Perhaps you need a different "datestyle" setting.
  Posição: 605
	at org.springframework.jdbc.datasource.init.ScriptUtils.executeSqlScript(ScriptUtils.java:509) ~[spring-jdbc-5.1.9.RELEASE.jar:5.1.9.RELEASE]
	at org.springframework.jdbc.datasource.init.ResourceDatabasePopulator.populate(ResourceDatabasePopulator.java:238) ~[spring-jdbc-5.1.9.RELEASE.jar:5.1.9.RELEASE]
	at org.springframework.jdbc.datasource.init.DatabasePopulatorUtils.execute(DatabasePopulatorUtils.java:48) ~[spring-jdbc-5.1.9.RELEASE.jar:5.1.9.RELEASE]
	at org.springframework.jdbc.datasource.init.ResourceDatabasePopulator.execute(ResourceDatabasePopulator.java:253) ~[spring-jdbc-5.1.9.RELEASE.jar:5.1.9.RELEASE]
	at org.springframework.test.context.jdbc.SqlScriptsTestExecutionListener.lambda$executeSqlScripts$3(SqlScriptsTestExecutionListener.java:229) ~[spring-test-5.1.9.RELEASE.jar:5.1.9.RELEASE]
	at org.springframework.transaction.support.TransactionTemplate.execute(TransactionTemplate.java:140) ~[spring-tx-5.1.9.RELEASE.jar:5.1.9.RELEASE]
	at org.springframework.test.context.jdbc.SqlScriptsTestExecutionListener.executeSqlScripts(SqlScriptsTestExecutionListener.java:228) ~[spring-test-5.1.9.RELEASE.jar:5.1.9.RELEASE]
	at org.springframework.test.context.jdbc.SqlScriptsTestExecutionListener.executeSqlScripts(SqlScriptsTestExecutionListener.java:142) ~[spring-test-5.1.9.RELEASE.jar:5.1.9.RELEASE]
	at org.springframework.test.context.jdbc.SqlScriptsTestExecutionListener.beforeTestMethod(SqlScriptsTestExecutionListener.java:112) ~[spring-test-5.1.9.RELEASE.jar:5.1.9.RELEASE]
	at org.springframework.test.context.TestContextManager.beforeTestMethod(TestContextManager.java:291) ~[spring-test-5.1.9.RELEASE.jar:5.1.9.RELEASE]
	at org.springframework.test.context.junit4.statements.RunBeforeTestMethodCallbacks.evaluate(RunBeforeTestMethodCallbacks.java:74) [spring-test-5.1.9.RELEASE.jar:5.1.9.RELEASE]
	at org.springframework.test.context.junit4.statements.RunAfterTestMethodCallbacks.evaluate(RunAfterTestMethodCallbacks.java:86) [spring-test-5.1.9.RELEASE.jar:5.1.9.RELEASE]
	at org.springframework.test.context.junit4.statements.SpringRepeat.evaluate(SpringRepeat.java:84) [spring-test-5.1.9.RELEASE.jar:5.1.9.RELEASE]
	at org.junit.runners.ParentRunner.runLeaf(ParentRunner.java:325) [junit-4.12.jar:4.12]
	at org.springframework.test.context.junit4.SpringJUnit4ClassRunner.runChild(SpringJUnit4ClassRunner.java:251) [spring-test-5.1.9.RELEASE.jar:5.1.9.RELEASE]
	at org.springframework.test.context.junit4.SpringJUnit4ClassRunner.runChild(SpringJUnit4ClassRunner.java:97) [spring-test-5.1.9.RELEASE.jar:5.1.9.RELEASE]
	at org.junit.runners.ParentRunner$3.run(ParentRunner.java:290) [junit-4.12.jar:4.12]
	at org.junit.runners.ParentRunner$1.schedule(ParentRunner.java:71) [junit-4.12.jar:4.12]
	at org.junit.runners.ParentRunner.runChildren(ParentRunner.java:288) [junit-4.12.jar:4.12]
	at org.junit.runners.ParentRunner.access$000(ParentRunner.java:58) [junit-4.12.jar:4.12]
	at org.junit.runners.ParentRunner$2.evaluate(ParentRunner.java:268) [junit-4.12.jar:4.12]
	at org.springframework.test.context.junit4.statements.RunBeforeTestClassCallbacks.evaluate(RunBeforeTestClassCallbacks.java:61) [spring-test-5.1.9.RELEASE.jar:5.1.9.RELEASE]
	at org.springframework.test.context.junit4.statements.RunAfterTestClassCallbacks.evaluate(RunAfterTestClassCallbacks.java:70) [spring-test-5.1.9.RELEASE.jar:5.1.9.RELEASE]
	at org.junit.runners.ParentRunner.run(ParentRunner.java:363) [junit-4.12.jar:4.12]
	at org.springframework.test.context.junit4.SpringJUnit4ClassRunner.run(SpringJUnit4ClassRunner.java:190) [spring-test-5.1.9.RELEASE.jar:5.1.9.RELEASE]
	at org.apache.maven.surefire.junit4.JUnit4Provider.execute(JUnit4Provider.java:365) [surefire-junit4-2.22.2.jar:2.22.2]
	at org.apache.maven.surefire.junit4.JUnit4Provider.executeWithRerun(JUnit4Provider.java:273) [surefire-junit4-2.22.2.jar:2.22.2]
	at org.apache.maven.surefire.junit4.JUnit4Provider.executeTestSet(JUnit4Provider.java:238) [surefire-junit4-2.22.2.jar:2.22.2]
	at org.apache.maven.surefire.junit4.JUnit4Provider.invoke(JUnit4Provider.java:159) [surefire-junit4-2.22.2.jar:2.22.2]
	at org.apache.maven.surefire.booter.ForkedBooter.invokeProviderInSameClassLoader(ForkedBooter.java:384) [surefire-booter-2.22.2.jar:2.22.2]
	at org.apache.maven.surefire.booter.ForkedBooter.runSuitesInProcess(ForkedBooter.java:345) [surefire-booter-2.22.2.jar:2.22.2]
	at org.apache.maven.surefire.booter.ForkedBooter.execute(ForkedBooter.java:126) [surefire-booter-2.22.2.jar:2.22.2]
	at org.apache.maven.surefire.booter.ForkedBooter.main(ForkedBooter.java:418) [surefire-booter-2.22.2.jar:2.22.2]
Caused by: org.postgresql.util.PSQLException: ERROR: date/time field value out of range: "10/27/2000"
  Dica: Perhaps you need a different "datestyle" setting.
  Posição: 605
	at org.postgresql.core.v3.QueryExecutorImpl.receiveErrorResponse(QueryExecutorImpl.java:2497) ~[postgresql-42.2.8.jar:42.2.8]
	at org.postgresql.core.v3.QueryExecutorImpl.processResults(QueryExecutorImpl.java:2233) ~[postgresql-42.2.8.jar:42.2.8]
	at org.postgresql.core.v3.QueryExecutorImpl.execute(QueryExecutorImpl.java:310) ~[postgresql-42.2.8.jar:42.2.8]
	at org.postgresql.jdbc.PgStatement.executeInternal(PgStatement.java:446) ~[postgresql-42.2.8.jar:42.2.8]
	at org.postgresql.jdbc.PgStatement.execute(PgStatement.java:370) ~[postgresql-42.2.8.jar:42.2.8]
	at org.postgresql.jdbc.PgStatement.executeWithFlags(PgStatement.java:311) ~[postgresql-42.2.8.jar:42.2.8]
	at org.postgresql.jdbc.PgStatement.executeCachedSql(PgStatement.java:297) ~[postgresql-42.2.8.jar:42.2.8]
	at org.postgresql.jdbc.PgStatement.executeWithFlags(PgStatement.java:274) ~[postgresql-42.2.8.jar:42.2.8]
	at org.postgresql.jdbc.PgStatement.execute(PgStatement.java:269) ~[postgresql-42.2.8.jar:42.2.8]
	at com.zaxxer.hikari.pool.ProxyStatement.execute(ProxyStatement.java:95) ~[HikariCP-3.2.0.jar:na]
	at com.zaxxer.hikari.pool.HikariProxyStatement.execute(HikariProxyStatement.java) ~[HikariCP-3.2.0.jar:na]
	at org.springframework.jdbc.datasource.init.ScriptUtils.executeSqlScript(ScriptUtils.java:488) ~[spring-jdbc-5.1.9.RELEASE.jar:5.1.9.RELEASE]
	... 32 common frames omitted

]]></system-out>
  </testcase>
  <testcase name="listarAlunosMustFailSize2" classname="com.flashcursos.model.service.AlunoTests" time="0.425">
    <error message="Failed to execute SQL script statement #1 of class path resource [dataset/usuarios.sql]: INSERT INTO usuario ( id, created, email, tipousuario, disponivel, nome, cpf, nascimento, celular, senha, account_activate_token, account_activate_token_expiration, password_reset_token, password_reset_token_expiration) VALUES ( 1001, now(), &apos;jlenon7@hotmail.com&apos;, 1, false, &apos;João Lenon&apos;, &apos;092.862.989-94&apos;, &apos;12/09/2000&apos;, &apos;(45) 99955-3220&apos;, &apos;$2a$10$bAdAVLvM.k3DqPaPYi0gnO1OffPSHLref8MElAk.u.fFQ17v9YKC2&apos;, &apos;f786c907-032e-451b-ac93-8508dec75a3d&apos;, &apos;2019-12-02&apos;, &apos;f786c907-032e-451b-ac93-8508dec75a3d&apos;, &apos;2019-12-02&apos;), ( 1002, now(), &apos;adryell.silva10@gmail.com&apos;, 2, false, &apos;Adryell Nathann&apos;, &apos;116.506.789-75&apos;, &apos;10/27/2000&apos;, &apos;(45) 99996-4523&apos;, &apos;$2a$10$bAdAVLvM.k3DqPaPYi0gnO1OffPSHLref8MElAk.u.fFQ17v9YKC2&apos;, &apos;f786c907-032e-451b-ac93-8508dec75a3d&apos;, &apos;2019-12-02&apos;, &apos;f786c907-032e-451b-ac93-8508dec75a3d&apos;, &apos;2019-12-02&apos;); nested exception is org.postgresql.util.PSQLException: ERROR: date/time field value out of range: &quot;10/27/2000&quot;&#10;  Dica: Perhaps you need a different &quot;datestyle&quot; setting.&#10;  Posição: 605" type="org.springframework.jdbc.datasource.init.ScriptStatementFailedException">org.springframework.jdbc.datasource.init.ScriptStatementFailedException: 
Failed to execute SQL script statement #1 of class path resource [dataset/usuarios.sql]: INSERT INTO usuario ( id, created, email, tipousuario, disponivel, nome, cpf, nascimento, celular, senha, account_activate_token, account_activate_token_expiration, password_reset_token, password_reset_token_expiration) VALUES ( 1001, now(), 'jlenon7@hotmail.com', 1, false, 'João Lenon', '092.862.989-94', '12/09/2000', '(45) 99955-3220', '$2a$10$bAdAVLvM.k3DqPaPYi0gnO1OffPSHLref8MElAk.u.fFQ17v9YKC2', 'f786c907-032e-451b-ac93-8508dec75a3d', '2019-12-02', 'f786c907-032e-451b-ac93-8508dec75a3d', '2019-12-02'), ( 1002, now(), 'adryell.silva10@gmail.com', 2, false, 'Adryell Nathann', '116.506.789-75', '10/27/2000', '(45) 99996-4523', '$2a$10$bAdAVLvM.k3DqPaPYi0gnO1OffPSHLref8MElAk.u.fFQ17v9YKC2', 'f786c907-032e-451b-ac93-8508dec75a3d', '2019-12-02', 'f786c907-032e-451b-ac93-8508dec75a3d', '2019-12-02'); nested exception is org.postgresql.util.PSQLException: ERROR: date/time field value out of range: "10/27/2000"
  Dica: Perhaps you need a different "datestyle" setting.
  Posição: 605
Caused by: org.postgresql.util.PSQLException: 
ERROR: date/time field value out of range: "10/27/2000"
  Dica: Perhaps you need a different "datestyle" setting.
  Posição: 605
</error>
    <system-out><![CDATA[2019-12-09 22:53:09.149  WARN 7688 --- [           main] o.s.test.context.TestContextManager      : Caught exception while invoking 'beforeTestMethod' callback on TestExecutionListener [org.springframework.test.context.jdbc.SqlScriptsTestExecutionListener@77847718] for test method [public void com.flashcursos.model.service.AlunoTests.listarAlunosMustFailSize2()] and test instance [com.flashcursos.model.service.AlunoTests@1afabf06]

org.springframework.jdbc.datasource.init.ScriptStatementFailedException: Failed to execute SQL script statement #1 of class path resource [dataset/usuarios.sql]: INSERT INTO usuario ( id, created, email, tipousuario, disponivel, nome, cpf, nascimento, celular, senha, account_activate_token, account_activate_token_expiration, password_reset_token, password_reset_token_expiration) VALUES ( 1001, now(), 'jlenon7@hotmail.com', 1, false, 'João Lenon', '092.862.989-94', '12/09/2000', '(45) 99955-3220', '$2a$10$bAdAVLvM.k3DqPaPYi0gnO1OffPSHLref8MElAk.u.fFQ17v9YKC2', 'f786c907-032e-451b-ac93-8508dec75a3d', '2019-12-02', 'f786c907-032e-451b-ac93-8508dec75a3d', '2019-12-02'), ( 1002, now(), 'adryell.silva10@gmail.com', 2, false, 'Adryell Nathann', '116.506.789-75', '10/27/2000', '(45) 99996-4523', '$2a$10$bAdAVLvM.k3DqPaPYi0gnO1OffPSHLref8MElAk.u.fFQ17v9YKC2', 'f786c907-032e-451b-ac93-8508dec75a3d', '2019-12-02', 'f786c907-032e-451b-ac93-8508dec75a3d', '2019-12-02'); nested exception is org.postgresql.util.PSQLException: ERROR: date/time field value out of range: "10/27/2000"
  Dica: Perhaps you need a different "datestyle" setting.
  Posição: 605
	at org.springframework.jdbc.datasource.init.ScriptUtils.executeSqlScript(ScriptUtils.java:509) ~[spring-jdbc-5.1.9.RELEASE.jar:5.1.9.RELEASE]
	at org.springframework.jdbc.datasource.init.ResourceDatabasePopulator.populate(ResourceDatabasePopulator.java:238) ~[spring-jdbc-5.1.9.RELEASE.jar:5.1.9.RELEASE]
	at org.springframework.jdbc.datasource.init.DatabasePopulatorUtils.execute(DatabasePopulatorUtils.java:48) ~[spring-jdbc-5.1.9.RELEASE.jar:5.1.9.RELEASE]
	at org.springframework.jdbc.datasource.init.ResourceDatabasePopulator.execute(ResourceDatabasePopulator.java:253) ~[spring-jdbc-5.1.9.RELEASE.jar:5.1.9.RELEASE]
	at org.springframework.test.context.jdbc.SqlScriptsTestExecutionListener.lambda$executeSqlScripts$3(SqlScriptsTestExecutionListener.java:229) ~[spring-test-5.1.9.RELEASE.jar:5.1.9.RELEASE]
	at org.springframework.transaction.support.TransactionTemplate.execute(TransactionTemplate.java:140) ~[spring-tx-5.1.9.RELEASE.jar:5.1.9.RELEASE]
	at org.springframework.test.context.jdbc.SqlScriptsTestExecutionListener.executeSqlScripts(SqlScriptsTestExecutionListener.java:228) ~[spring-test-5.1.9.RELEASE.jar:5.1.9.RELEASE]
	at org.springframework.test.context.jdbc.SqlScriptsTestExecutionListener.executeSqlScripts(SqlScriptsTestExecutionListener.java:142) ~[spring-test-5.1.9.RELEASE.jar:5.1.9.RELEASE]
	at org.springframework.test.context.jdbc.SqlScriptsTestExecutionListener.beforeTestMethod(SqlScriptsTestExecutionListener.java:112) ~[spring-test-5.1.9.RELEASE.jar:5.1.9.RELEASE]
	at org.springframework.test.context.TestContextManager.beforeTestMethod(TestContextManager.java:291) ~[spring-test-5.1.9.RELEASE.jar:5.1.9.RELEASE]
	at org.springframework.test.context.junit4.statements.RunBeforeTestMethodCallbacks.evaluate(RunBeforeTestMethodCallbacks.java:74) [spring-test-5.1.9.RELEASE.jar:5.1.9.RELEASE]
	at org.springframework.test.context.junit4.statements.RunAfterTestMethodCallbacks.evaluate(RunAfterTestMethodCallbacks.java:86) [spring-test-5.1.9.RELEASE.jar:5.1.9.RELEASE]
	at org.springframework.test.context.junit4.statements.SpringRepeat.evaluate(SpringRepeat.java:84) [spring-test-5.1.9.RELEASE.jar:5.1.9.RELEASE]
	at org.junit.runners.ParentRunner.runLeaf(ParentRunner.java:325) [junit-4.12.jar:4.12]
	at org.springframework.test.context.junit4.SpringJUnit4ClassRunner.runChild(SpringJUnit4ClassRunner.java:251) [spring-test-5.1.9.RELEASE.jar:5.1.9.RELEASE]
	at org.springframework.test.context.junit4.SpringJUnit4ClassRunner.runChild(SpringJUnit4ClassRunner.java:97) [spring-test-5.1.9.RELEASE.jar:5.1.9.RELEASE]
	at org.junit.runners.ParentRunner$3.run(ParentRunner.java:290) [junit-4.12.jar:4.12]
	at org.junit.runners.ParentRunner$1.schedule(ParentRunner.java:71) [junit-4.12.jar:4.12]
	at org.junit.runners.ParentRunner.runChildren(ParentRunner.java:288) [junit-4.12.jar:4.12]
	at org.junit.runners.ParentRunner.access$000(ParentRunner.java:58) [junit-4.12.jar:4.12]
	at org.junit.runners.ParentRunner$2.evaluate(ParentRunner.java:268) [junit-4.12.jar:4.12]
	at org.springframework.test.context.junit4.statements.RunBeforeTestClassCallbacks.evaluate(RunBeforeTestClassCallbacks.java:61) [spring-test-5.1.9.RELEASE.jar:5.1.9.RELEASE]
	at org.springframework.test.context.junit4.statements.RunAfterTestClassCallbacks.evaluate(RunAfterTestClassCallbacks.java:70) [spring-test-5.1.9.RELEASE.jar:5.1.9.RELEASE]
	at org.junit.runners.ParentRunner.run(ParentRunner.java:363) [junit-4.12.jar:4.12]
	at org.springframework.test.context.junit4.SpringJUnit4ClassRunner.run(SpringJUnit4ClassRunner.java:190) [spring-test-5.1.9.RELEASE.jar:5.1.9.RELEASE]
	at org.apache.maven.surefire.junit4.JUnit4Provider.execute(JUnit4Provider.java:365) [surefire-junit4-2.22.2.jar:2.22.2]
	at org.apache.maven.surefire.junit4.JUnit4Provider.executeWithRerun(JUnit4Provider.java:273) [surefire-junit4-2.22.2.jar:2.22.2]
	at org.apache.maven.surefire.junit4.JUnit4Provider.executeTestSet(JUnit4Provider.java:238) [surefire-junit4-2.22.2.jar:2.22.2]
	at org.apache.maven.surefire.junit4.JUnit4Provider.invoke(JUnit4Provider.java:159) [surefire-junit4-2.22.2.jar:2.22.2]
	at org.apache.maven.surefire.booter.ForkedBooter.invokeProviderInSameClassLoader(ForkedBooter.java:384) [surefire-booter-2.22.2.jar:2.22.2]
	at org.apache.maven.surefire.booter.ForkedBooter.runSuitesInProcess(ForkedBooter.java:345) [surefire-booter-2.22.2.jar:2.22.2]
	at org.apache.maven.surefire.booter.ForkedBooter.execute(ForkedBooter.java:126) [surefire-booter-2.22.2.jar:2.22.2]
	at org.apache.maven.surefire.booter.ForkedBooter.main(ForkedBooter.java:418) [surefire-booter-2.22.2.jar:2.22.2]
Caused by: org.postgresql.util.PSQLException: ERROR: date/time field value out of range: "10/27/2000"
  Dica: Perhaps you need a different "datestyle" setting.
  Posição: 605
	at org.postgresql.core.v3.QueryExecutorImpl.receiveErrorResponse(QueryExecutorImpl.java:2497) ~[postgresql-42.2.8.jar:42.2.8]
	at org.postgresql.core.v3.QueryExecutorImpl.processResults(QueryExecutorImpl.java:2233) ~[postgresql-42.2.8.jar:42.2.8]
	at org.postgresql.core.v3.QueryExecutorImpl.execute(QueryExecutorImpl.java:310) ~[postgresql-42.2.8.jar:42.2.8]
	at org.postgresql.jdbc.PgStatement.executeInternal(PgStatement.java:446) ~[postgresql-42.2.8.jar:42.2.8]
	at org.postgresql.jdbc.PgStatement.execute(PgStatement.java:370) ~[postgresql-42.2.8.jar:42.2.8]
	at org.postgresql.jdbc.PgStatement.executeWithFlags(PgStatement.java:311) ~[postgresql-42.2.8.jar:42.2.8]
	at org.postgresql.jdbc.PgStatement.executeCachedSql(PgStatement.java:297) ~[postgresql-42.2.8.jar:42.2.8]
	at org.postgresql.jdbc.PgStatement.executeWithFlags(PgStatement.java:274) ~[postgresql-42.2.8.jar:42.2.8]
	at org.postgresql.jdbc.PgStatement.execute(PgStatement.java:269) ~[postgresql-42.2.8.jar:42.2.8]
	at com.zaxxer.hikari.pool.ProxyStatement.execute(ProxyStatement.java:95) ~[HikariCP-3.2.0.jar:na]
	at com.zaxxer.hikari.pool.HikariProxyStatement.execute(HikariProxyStatement.java) ~[HikariCP-3.2.0.jar:na]
	at org.springframework.jdbc.datasource.init.ScriptUtils.executeSqlScript(ScriptUtils.java:488) ~[spring-jdbc-5.1.9.RELEASE.jar:5.1.9.RELEASE]
	... 32 common frames omitted

]]></system-out>
  </testcase>
  <testcase name="atualizarAlunoMustPass" classname="com.flashcursos.model.service.AlunoTests" time="0.679">
    <error message="Failed to execute SQL script statement #1 of class path resource [dataset/usuarios.sql]: INSERT INTO usuario ( id, created, email, tipousuario, disponivel, nome, cpf, nascimento, celular, senha, account_activate_token, account_activate_token_expiration, password_reset_token, password_reset_token_expiration) VALUES ( 1001, now(), &apos;jlenon7@hotmail.com&apos;, 1, false, &apos;João Lenon&apos;, &apos;092.862.989-94&apos;, &apos;12/09/2000&apos;, &apos;(45) 99955-3220&apos;, &apos;$2a$10$bAdAVLvM.k3DqPaPYi0gnO1OffPSHLref8MElAk.u.fFQ17v9YKC2&apos;, &apos;f786c907-032e-451b-ac93-8508dec75a3d&apos;, &apos;2019-12-02&apos;, &apos;f786c907-032e-451b-ac93-8508dec75a3d&apos;, &apos;2019-12-02&apos;), ( 1002, now(), &apos;adryell.silva10@gmail.com&apos;, 2, false, &apos;Adryell Nathann&apos;, &apos;116.506.789-75&apos;, &apos;10/27/2000&apos;, &apos;(45) 99996-4523&apos;, &apos;$2a$10$bAdAVLvM.k3DqPaPYi0gnO1OffPSHLref8MElAk.u.fFQ17v9YKC2&apos;, &apos;f786c907-032e-451b-ac93-8508dec75a3d&apos;, &apos;2019-12-02&apos;, &apos;f786c907-032e-451b-ac93-8508dec75a3d&apos;, &apos;2019-12-02&apos;); nested exception is org.postgresql.util.PSQLException: ERROR: date/time field value out of range: &quot;10/27/2000&quot;&#10;  Dica: Perhaps you need a different &quot;datestyle&quot; setting.&#10;  Posição: 605" type="org.springframework.jdbc.datasource.init.ScriptStatementFailedException">org.springframework.jdbc.datasource.init.ScriptStatementFailedException: 
Failed to execute SQL script statement #1 of class path resource [dataset/usuarios.sql]: INSERT INTO usuario ( id, created, email, tipousuario, disponivel, nome, cpf, nascimento, celular, senha, account_activate_token, account_activate_token_expiration, password_reset_token, password_reset_token_expiration) VALUES ( 1001, now(), 'jlenon7@hotmail.com', 1, false, 'João Lenon', '092.862.989-94', '12/09/2000', '(45) 99955-3220', '$2a$10$bAdAVLvM.k3DqPaPYi0gnO1OffPSHLref8MElAk.u.fFQ17v9YKC2', 'f786c907-032e-451b-ac93-8508dec75a3d', '2019-12-02', 'f786c907-032e-451b-ac93-8508dec75a3d', '2019-12-02'), ( 1002, now(), 'adryell.silva10@gmail.com', 2, false, 'Adryell Nathann', '116.506.789-75', '10/27/2000', '(45) 99996-4523', '$2a$10$bAdAVLvM.k3DqPaPYi0gnO1OffPSHLref8MElAk.u.fFQ17v9YKC2', 'f786c907-032e-451b-ac93-8508dec75a3d', '2019-12-02', 'f786c907-032e-451b-ac93-8508dec75a3d', '2019-12-02'); nested exception is org.postgresql.util.PSQLException: ERROR: date/time field value out of range: "10/27/2000"
  Dica: Perhaps you need a different "datestyle" setting.
  Posição: 605
Caused by: org.postgresql.util.PSQLException: 
ERROR: date/time field value out of range: "10/27/2000"
  Dica: Perhaps you need a different "datestyle" setting.
  Posição: 605
</error>
    <system-out><![CDATA[2019-12-09 22:53:09.827  WARN 7688 --- [           main] o.s.test.context.TestContextManager      : Caught exception while invoking 'beforeTestMethod' callback on TestExecutionListener [org.springframework.test.context.jdbc.SqlScriptsTestExecutionListener@77847718] for test method [public void com.flashcursos.model.service.AlunoTests.atualizarAlunoMustPass()] and test instance [com.flashcursos.model.service.AlunoTests@15bcecf9]

org.springframework.jdbc.datasource.init.ScriptStatementFailedException: Failed to execute SQL script statement #1 of class path resource [dataset/usuarios.sql]: INSERT INTO usuario ( id, created, email, tipousuario, disponivel, nome, cpf, nascimento, celular, senha, account_activate_token, account_activate_token_expiration, password_reset_token, password_reset_token_expiration) VALUES ( 1001, now(), 'jlenon7@hotmail.com', 1, false, 'João Lenon', '092.862.989-94', '12/09/2000', '(45) 99955-3220', '$2a$10$bAdAVLvM.k3DqPaPYi0gnO1OffPSHLref8MElAk.u.fFQ17v9YKC2', 'f786c907-032e-451b-ac93-8508dec75a3d', '2019-12-02', 'f786c907-032e-451b-ac93-8508dec75a3d', '2019-12-02'), ( 1002, now(), 'adryell.silva10@gmail.com', 2, false, 'Adryell Nathann', '116.506.789-75', '10/27/2000', '(45) 99996-4523', '$2a$10$bAdAVLvM.k3DqPaPYi0gnO1OffPSHLref8MElAk.u.fFQ17v9YKC2', 'f786c907-032e-451b-ac93-8508dec75a3d', '2019-12-02', 'f786c907-032e-451b-ac93-8508dec75a3d', '2019-12-02'); nested exception is org.postgresql.util.PSQLException: ERROR: date/time field value out of range: "10/27/2000"
  Dica: Perhaps you need a different "datestyle" setting.
  Posição: 605
	at org.springframework.jdbc.datasource.init.ScriptUtils.executeSqlScript(ScriptUtils.java:509) ~[spring-jdbc-5.1.9.RELEASE.jar:5.1.9.RELEASE]
	at org.springframework.jdbc.datasource.init.ResourceDatabasePopulator.populate(ResourceDatabasePopulator.java:238) ~[spring-jdbc-5.1.9.RELEASE.jar:5.1.9.RELEASE]
	at org.springframework.jdbc.datasource.init.DatabasePopulatorUtils.execute(DatabasePopulatorUtils.java:48) ~[spring-jdbc-5.1.9.RELEASE.jar:5.1.9.RELEASE]
	at org.springframework.jdbc.datasource.init.ResourceDatabasePopulator.execute(ResourceDatabasePopulator.java:253) ~[spring-jdbc-5.1.9.RELEASE.jar:5.1.9.RELEASE]
	at org.springframework.test.context.jdbc.SqlScriptsTestExecutionListener.lambda$executeSqlScripts$3(SqlScriptsTestExecutionListener.java:229) ~[spring-test-5.1.9.RELEASE.jar:5.1.9.RELEASE]
	at org.springframework.transaction.support.TransactionTemplate.execute(TransactionTemplate.java:140) ~[spring-tx-5.1.9.RELEASE.jar:5.1.9.RELEASE]
	at org.springframework.test.context.jdbc.SqlScriptsTestExecutionListener.executeSqlScripts(SqlScriptsTestExecutionListener.java:228) ~[spring-test-5.1.9.RELEASE.jar:5.1.9.RELEASE]
	at org.springframework.test.context.jdbc.SqlScriptsTestExecutionListener.executeSqlScripts(SqlScriptsTestExecutionListener.java:142) ~[spring-test-5.1.9.RELEASE.jar:5.1.9.RELEASE]
	at org.springframework.test.context.jdbc.SqlScriptsTestExecutionListener.beforeTestMethod(SqlScriptsTestExecutionListener.java:112) ~[spring-test-5.1.9.RELEASE.jar:5.1.9.RELEASE]
	at org.springframework.test.context.TestContextManager.beforeTestMethod(TestContextManager.java:291) ~[spring-test-5.1.9.RELEASE.jar:5.1.9.RELEASE]
	at org.springframework.test.context.junit4.statements.RunBeforeTestMethodCallbacks.evaluate(RunBeforeTestMethodCallbacks.java:74) [spring-test-5.1.9.RELEASE.jar:5.1.9.RELEASE]
	at org.springframework.test.context.junit4.statements.RunAfterTestMethodCallbacks.evaluate(RunAfterTestMethodCallbacks.java:86) [spring-test-5.1.9.RELEASE.jar:5.1.9.RELEASE]
	at org.springframework.test.context.junit4.statements.SpringRepeat.evaluate(SpringRepeat.java:84) [spring-test-5.1.9.RELEASE.jar:5.1.9.RELEASE]
	at org.junit.runners.ParentRunner.runLeaf(ParentRunner.java:325) [junit-4.12.jar:4.12]
	at org.springframework.test.context.junit4.SpringJUnit4ClassRunner.runChild(SpringJUnit4ClassRunner.java:251) [spring-test-5.1.9.RELEASE.jar:5.1.9.RELEASE]
	at org.springframework.test.context.junit4.SpringJUnit4ClassRunner.runChild(SpringJUnit4ClassRunner.java:97) [spring-test-5.1.9.RELEASE.jar:5.1.9.RELEASE]
	at org.junit.runners.ParentRunner$3.run(ParentRunner.java:290) [junit-4.12.jar:4.12]
	at org.junit.runners.ParentRunner$1.schedule(ParentRunner.java:71) [junit-4.12.jar:4.12]
	at org.junit.runners.ParentRunner.runChildren(ParentRunner.java:288) [junit-4.12.jar:4.12]
	at org.junit.runners.ParentRunner.access$000(ParentRunner.java:58) [junit-4.12.jar:4.12]
	at org.junit.runners.ParentRunner$2.evaluate(ParentRunner.java:268) [junit-4.12.jar:4.12]
	at org.springframework.test.context.junit4.statements.RunBeforeTestClassCallbacks.evaluate(RunBeforeTestClassCallbacks.java:61) [spring-test-5.1.9.RELEASE.jar:5.1.9.RELEASE]
	at org.springframework.test.context.junit4.statements.RunAfterTestClassCallbacks.evaluate(RunAfterTestClassCallbacks.java:70) [spring-test-5.1.9.RELEASE.jar:5.1.9.RELEASE]
	at org.junit.runners.ParentRunner.run(ParentRunner.java:363) [junit-4.12.jar:4.12]
	at org.springframework.test.context.junit4.SpringJUnit4ClassRunner.run(SpringJUnit4ClassRunner.java:190) [spring-test-5.1.9.RELEASE.jar:5.1.9.RELEASE]
	at org.apache.maven.surefire.junit4.JUnit4Provider.execute(JUnit4Provider.java:365) [surefire-junit4-2.22.2.jar:2.22.2]
	at org.apache.maven.surefire.junit4.JUnit4Provider.executeWithRerun(JUnit4Provider.java:273) [surefire-junit4-2.22.2.jar:2.22.2]
	at org.apache.maven.surefire.junit4.JUnit4Provider.executeTestSet(JUnit4Provider.java:238) [surefire-junit4-2.22.2.jar:2.22.2]
	at org.apache.maven.surefire.junit4.JUnit4Provider.invoke(JUnit4Provider.java:159) [surefire-junit4-2.22.2.jar:2.22.2]
	at org.apache.maven.surefire.booter.ForkedBooter.invokeProviderInSameClassLoader(ForkedBooter.java:384) [surefire-booter-2.22.2.jar:2.22.2]
	at org.apache.maven.surefire.booter.ForkedBooter.runSuitesInProcess(ForkedBooter.java:345) [surefire-booter-2.22.2.jar:2.22.2]
	at org.apache.maven.surefire.booter.ForkedBooter.execute(ForkedBooter.java:126) [surefire-booter-2.22.2.jar:2.22.2]
	at org.apache.maven.surefire.booter.ForkedBooter.main(ForkedBooter.java:418) [surefire-booter-2.22.2.jar:2.22.2]
Caused by: org.postgresql.util.PSQLException: ERROR: date/time field value out of range: "10/27/2000"
  Dica: Perhaps you need a different "datestyle" setting.
  Posição: 605
	at org.postgresql.core.v3.QueryExecutorImpl.receiveErrorResponse(QueryExecutorImpl.java:2497) ~[postgresql-42.2.8.jar:42.2.8]
	at org.postgresql.core.v3.QueryExecutorImpl.processResults(QueryExecutorImpl.java:2233) ~[postgresql-42.2.8.jar:42.2.8]
	at org.postgresql.core.v3.QueryExecutorImpl.execute(QueryExecutorImpl.java:310) ~[postgresql-42.2.8.jar:42.2.8]
	at org.postgresql.jdbc.PgStatement.executeInternal(PgStatement.java:446) ~[postgresql-42.2.8.jar:42.2.8]
	at org.postgresql.jdbc.PgStatement.execute(PgStatement.java:370) ~[postgresql-42.2.8.jar:42.2.8]
	at org.postgresql.jdbc.PgStatement.executeWithFlags(PgStatement.java:311) ~[postgresql-42.2.8.jar:42.2.8]
	at org.postgresql.jdbc.PgStatement.executeCachedSql(PgStatement.java:297) ~[postgresql-42.2.8.jar:42.2.8]
	at org.postgresql.jdbc.PgStatement.executeWithFlags(PgStatement.java:274) ~[postgresql-42.2.8.jar:42.2.8]
	at org.postgresql.jdbc.PgStatement.execute(PgStatement.java:269) ~[postgresql-42.2.8.jar:42.2.8]
	at com.zaxxer.hikari.pool.ProxyStatement.execute(ProxyStatement.java:95) ~[HikariCP-3.2.0.jar:na]
	at com.zaxxer.hikari.pool.HikariProxyStatement.execute(HikariProxyStatement.java) ~[HikariCP-3.2.0.jar:na]
	at org.springframework.jdbc.datasource.init.ScriptUtils.executeSqlScript(ScriptUtils.java:488) ~[spring-jdbc-5.1.9.RELEASE.jar:5.1.9.RELEASE]
	... 32 common frames omitted

]]></system-out>
  </testcase>
  <testcase name="cadastrarAlunoMustFailCpfDuplicado" classname="com.flashcursos.model.service.AlunoTests" time="0.333">
    <error message="Failed to execute SQL script statement #1 of class path resource [dataset/usuarios.sql]: INSERT INTO usuario ( id, created, email, tipousuario, disponivel, nome, cpf, nascimento, celular, senha, account_activate_token, account_activate_token_expiration, password_reset_token, password_reset_token_expiration) VALUES ( 1001, now(), &apos;jlenon7@hotmail.com&apos;, 1, false, &apos;João Lenon&apos;, &apos;092.862.989-94&apos;, &apos;12/09/2000&apos;, &apos;(45) 99955-3220&apos;, &apos;$2a$10$bAdAVLvM.k3DqPaPYi0gnO1OffPSHLref8MElAk.u.fFQ17v9YKC2&apos;, &apos;f786c907-032e-451b-ac93-8508dec75a3d&apos;, &apos;2019-12-02&apos;, &apos;f786c907-032e-451b-ac93-8508dec75a3d&apos;, &apos;2019-12-02&apos;), ( 1002, now(), &apos;adryell.silva10@gmail.com&apos;, 2, false, &apos;Adryell Nathann&apos;, &apos;116.506.789-75&apos;, &apos;10/27/2000&apos;, &apos;(45) 99996-4523&apos;, &apos;$2a$10$bAdAVLvM.k3DqPaPYi0gnO1OffPSHLref8MElAk.u.fFQ17v9YKC2&apos;, &apos;f786c907-032e-451b-ac93-8508dec75a3d&apos;, &apos;2019-12-02&apos;, &apos;f786c907-032e-451b-ac93-8508dec75a3d&apos;, &apos;2019-12-02&apos;); nested exception is org.postgresql.util.PSQLException: ERROR: date/time field value out of range: &quot;10/27/2000&quot;&#10;  Dica: Perhaps you need a different &quot;datestyle&quot; setting.&#10;  Posição: 605" type="org.springframework.jdbc.datasource.init.ScriptStatementFailedException">org.springframework.jdbc.datasource.init.ScriptStatementFailedException: 
Failed to execute SQL script statement #1 of class path resource [dataset/usuarios.sql]: INSERT INTO usuario ( id, created, email, tipousuario, disponivel, nome, cpf, nascimento, celular, senha, account_activate_token, account_activate_token_expiration, password_reset_token, password_reset_token_expiration) VALUES ( 1001, now(), 'jlenon7@hotmail.com', 1, false, 'João Lenon', '092.862.989-94', '12/09/2000', '(45) 99955-3220', '$2a$10$bAdAVLvM.k3DqPaPYi0gnO1OffPSHLref8MElAk.u.fFQ17v9YKC2', 'f786c907-032e-451b-ac93-8508dec75a3d', '2019-12-02', 'f786c907-032e-451b-ac93-8508dec75a3d', '2019-12-02'), ( 1002, now(), 'adryell.silva10@gmail.com', 2, false, 'Adryell Nathann', '116.506.789-75', '10/27/2000', '(45) 99996-4523', '$2a$10$bAdAVLvM.k3DqPaPYi0gnO1OffPSHLref8MElAk.u.fFQ17v9YKC2', 'f786c907-032e-451b-ac93-8508dec75a3d', '2019-12-02', 'f786c907-032e-451b-ac93-8508dec75a3d', '2019-12-02'); nested exception is org.postgresql.util.PSQLException: ERROR: date/time field value out of range: "10/27/2000"
  Dica: Perhaps you need a different "datestyle" setting.
  Posição: 605
Caused by: org.postgresql.util.PSQLException: 
ERROR: date/time field value out of range: "10/27/2000"
  Dica: Perhaps you need a different "datestyle" setting.
  Posição: 605
</error>
    <system-out><![CDATA[2019-12-09 22:53:10.170  WARN 7688 --- [           main] o.s.test.context.TestContextManager      : Caught exception while invoking 'beforeTestMethod' callback on TestExecutionListener [org.springframework.test.context.jdbc.SqlScriptsTestExecutionListener@77847718] for test method [public void com.flashcursos.model.service.AlunoTests.cadastrarAlunoMustFailCpfDuplicado()] and test instance [com.flashcursos.model.service.AlunoTests@539bb233]

org.springframework.jdbc.datasource.init.ScriptStatementFailedException: Failed to execute SQL script statement #1 of class path resource [dataset/usuarios.sql]: INSERT INTO usuario ( id, created, email, tipousuario, disponivel, nome, cpf, nascimento, celular, senha, account_activate_token, account_activate_token_expiration, password_reset_token, password_reset_token_expiration) VALUES ( 1001, now(), 'jlenon7@hotmail.com', 1, false, 'João Lenon', '092.862.989-94', '12/09/2000', '(45) 99955-3220', '$2a$10$bAdAVLvM.k3DqPaPYi0gnO1OffPSHLref8MElAk.u.fFQ17v9YKC2', 'f786c907-032e-451b-ac93-8508dec75a3d', '2019-12-02', 'f786c907-032e-451b-ac93-8508dec75a3d', '2019-12-02'), ( 1002, now(), 'adryell.silva10@gmail.com', 2, false, 'Adryell Nathann', '116.506.789-75', '10/27/2000', '(45) 99996-4523', '$2a$10$bAdAVLvM.k3DqPaPYi0gnO1OffPSHLref8MElAk.u.fFQ17v9YKC2', 'f786c907-032e-451b-ac93-8508dec75a3d', '2019-12-02', 'f786c907-032e-451b-ac93-8508dec75a3d', '2019-12-02'); nested exception is org.postgresql.util.PSQLException: ERROR: date/time field value out of range: "10/27/2000"
  Dica: Perhaps you need a different "datestyle" setting.
  Posição: 605
	at org.springframework.jdbc.datasource.init.ScriptUtils.executeSqlScript(ScriptUtils.java:509) ~[spring-jdbc-5.1.9.RELEASE.jar:5.1.9.RELEASE]
	at org.springframework.jdbc.datasource.init.ResourceDatabasePopulator.populate(ResourceDatabasePopulator.java:238) ~[spring-jdbc-5.1.9.RELEASE.jar:5.1.9.RELEASE]
	at org.springframework.jdbc.datasource.init.DatabasePopulatorUtils.execute(DatabasePopulatorUtils.java:48) ~[spring-jdbc-5.1.9.RELEASE.jar:5.1.9.RELEASE]
	at org.springframework.jdbc.datasource.init.ResourceDatabasePopulator.execute(ResourceDatabasePopulator.java:253) ~[spring-jdbc-5.1.9.RELEASE.jar:5.1.9.RELEASE]
	at org.springframework.test.context.jdbc.SqlScriptsTestExecutionListener.lambda$executeSqlScripts$3(SqlScriptsTestExecutionListener.java:229) ~[spring-test-5.1.9.RELEASE.jar:5.1.9.RELEASE]
	at org.springframework.transaction.support.TransactionTemplate.execute(TransactionTemplate.java:140) ~[spring-tx-5.1.9.RELEASE.jar:5.1.9.RELEASE]
	at org.springframework.test.context.jdbc.SqlScriptsTestExecutionListener.executeSqlScripts(SqlScriptsTestExecutionListener.java:228) ~[spring-test-5.1.9.RELEASE.jar:5.1.9.RELEASE]
	at org.springframework.test.context.jdbc.SqlScriptsTestExecutionListener.executeSqlScripts(SqlScriptsTestExecutionListener.java:142) ~[spring-test-5.1.9.RELEASE.jar:5.1.9.RELEASE]
	at org.springframework.test.context.jdbc.SqlScriptsTestExecutionListener.beforeTestMethod(SqlScriptsTestExecutionListener.java:112) ~[spring-test-5.1.9.RELEASE.jar:5.1.9.RELEASE]
	at org.springframework.test.context.TestContextManager.beforeTestMethod(TestContextManager.java:291) ~[spring-test-5.1.9.RELEASE.jar:5.1.9.RELEASE]
	at org.springframework.test.context.junit4.statements.RunBeforeTestMethodCallbacks.evaluate(RunBeforeTestMethodCallbacks.java:74) [spring-test-5.1.9.RELEASE.jar:5.1.9.RELEASE]
	at org.springframework.test.context.junit4.statements.RunAfterTestMethodCallbacks.evaluate(RunAfterTestMethodCallbacks.java:86) [spring-test-5.1.9.RELEASE.jar:5.1.9.RELEASE]
	at org.springframework.test.context.junit4.statements.SpringRepeat.evaluate(SpringRepeat.java:84) [spring-test-5.1.9.RELEASE.jar:5.1.9.RELEASE]
	at org.junit.runners.ParentRunner.runLeaf(ParentRunner.java:325) [junit-4.12.jar:4.12]
	at org.springframework.test.context.junit4.SpringJUnit4ClassRunner.runChild(SpringJUnit4ClassRunner.java:251) [spring-test-5.1.9.RELEASE.jar:5.1.9.RELEASE]
	at org.springframework.test.context.junit4.SpringJUnit4ClassRunner.runChild(SpringJUnit4ClassRunner.java:97) [spring-test-5.1.9.RELEASE.jar:5.1.9.RELEASE]
	at org.junit.runners.ParentRunner$3.run(ParentRunner.java:290) [junit-4.12.jar:4.12]
	at org.junit.runners.ParentRunner$1.schedule(ParentRunner.java:71) [junit-4.12.jar:4.12]
	at org.junit.runners.ParentRunner.runChildren(ParentRunner.java:288) [junit-4.12.jar:4.12]
	at org.junit.runners.ParentRunner.access$000(ParentRunner.java:58) [junit-4.12.jar:4.12]
	at org.junit.runners.ParentRunner$2.evaluate(ParentRunner.java:268) [junit-4.12.jar:4.12]
	at org.springframework.test.context.junit4.statements.RunBeforeTestClassCallbacks.evaluate(RunBeforeTestClassCallbacks.java:61) [spring-test-5.1.9.RELEASE.jar:5.1.9.RELEASE]
	at org.springframework.test.context.junit4.statements.RunAfterTestClassCallbacks.evaluate(RunAfterTestClassCallbacks.java:70) [spring-test-5.1.9.RELEASE.jar:5.1.9.RELEASE]
	at org.junit.runners.ParentRunner.run(ParentRunner.java:363) [junit-4.12.jar:4.12]
	at org.springframework.test.context.junit4.SpringJUnit4ClassRunner.run(SpringJUnit4ClassRunner.java:190) [spring-test-5.1.9.RELEASE.jar:5.1.9.RELEASE]
	at org.apache.maven.surefire.junit4.JUnit4Provider.execute(JUnit4Provider.java:365) [surefire-junit4-2.22.2.jar:2.22.2]
	at org.apache.maven.surefire.junit4.JUnit4Provider.executeWithRerun(JUnit4Provider.java:273) [surefire-junit4-2.22.2.jar:2.22.2]
	at org.apache.maven.surefire.junit4.JUnit4Provider.executeTestSet(JUnit4Provider.java:238) [surefire-junit4-2.22.2.jar:2.22.2]
	at org.apache.maven.surefire.junit4.JUnit4Provider.invoke(JUnit4Provider.java:159) [surefire-junit4-2.22.2.jar:2.22.2]
	at org.apache.maven.surefire.booter.ForkedBooter.invokeProviderInSameClassLoader(ForkedBooter.java:384) [surefire-booter-2.22.2.jar:2.22.2]
	at org.apache.maven.surefire.booter.ForkedBooter.runSuitesInProcess(ForkedBooter.java:345) [surefire-booter-2.22.2.jar:2.22.2]
	at org.apache.maven.surefire.booter.ForkedBooter.execute(ForkedBooter.java:126) [surefire-booter-2.22.2.jar:2.22.2]
	at org.apache.maven.surefire.booter.ForkedBooter.main(ForkedBooter.java:418) [surefire-booter-2.22.2.jar:2.22.2]
Caused by: org.postgresql.util.PSQLException: ERROR: date/time field value out of range: "10/27/2000"
  Dica: Perhaps you need a different "datestyle" setting.
  Posição: 605
	at org.postgresql.core.v3.QueryExecutorImpl.receiveErrorResponse(QueryExecutorImpl.java:2497) ~[postgresql-42.2.8.jar:42.2.8]
	at org.postgresql.core.v3.QueryExecutorImpl.processResults(QueryExecutorImpl.java:2233) ~[postgresql-42.2.8.jar:42.2.8]
	at org.postgresql.core.v3.QueryExecutorImpl.execute(QueryExecutorImpl.java:310) ~[postgresql-42.2.8.jar:42.2.8]
	at org.postgresql.jdbc.PgStatement.executeInternal(PgStatement.java:446) ~[postgresql-42.2.8.jar:42.2.8]
	at org.postgresql.jdbc.PgStatement.execute(PgStatement.java:370) ~[postgresql-42.2.8.jar:42.2.8]
	at org.postgresql.jdbc.PgStatement.executeWithFlags(PgStatement.java:311) ~[postgresql-42.2.8.jar:42.2.8]
	at org.postgresql.jdbc.PgStatement.executeCachedSql(PgStatement.java:297) ~[postgresql-42.2.8.jar:42.2.8]
	at org.postgresql.jdbc.PgStatement.executeWithFlags(PgStatement.java:274) ~[postgresql-42.2.8.jar:42.2.8]
	at org.postgresql.jdbc.PgStatement.execute(PgStatement.java:269) ~[postgresql-42.2.8.jar:42.2.8]
	at com.zaxxer.hikari.pool.ProxyStatement.execute(ProxyStatement.java:95) ~[HikariCP-3.2.0.jar:na]
	at com.zaxxer.hikari.pool.HikariProxyStatement.execute(HikariProxyStatement.java) ~[HikariCP-3.2.0.jar:na]
	at org.springframework.jdbc.datasource.init.ScriptUtils.executeSqlScript(ScriptUtils.java:488) ~[spring-jdbc-5.1.9.RELEASE.jar:5.1.9.RELEASE]
	... 32 common frames omitted

]]></system-out>
  </testcase>
  <testcase name="cadastrarAlunoMustFailNomeEmBranco" classname="com.flashcursos.model.service.AlunoTests" time="0.316">
    <error message="Failed to execute SQL script statement #1 of class path resource [dataset/usuarios.sql]: INSERT INTO usuario ( id, created, email, tipousuario, disponivel, nome, cpf, nascimento, celular, senha, account_activate_token, account_activate_token_expiration, password_reset_token, password_reset_token_expiration) VALUES ( 1001, now(), &apos;jlenon7@hotmail.com&apos;, 1, false, &apos;João Lenon&apos;, &apos;092.862.989-94&apos;, &apos;12/09/2000&apos;, &apos;(45) 99955-3220&apos;, &apos;$2a$10$bAdAVLvM.k3DqPaPYi0gnO1OffPSHLref8MElAk.u.fFQ17v9YKC2&apos;, &apos;f786c907-032e-451b-ac93-8508dec75a3d&apos;, &apos;2019-12-02&apos;, &apos;f786c907-032e-451b-ac93-8508dec75a3d&apos;, &apos;2019-12-02&apos;), ( 1002, now(), &apos;adryell.silva10@gmail.com&apos;, 2, false, &apos;Adryell Nathann&apos;, &apos;116.506.789-75&apos;, &apos;10/27/2000&apos;, &apos;(45) 99996-4523&apos;, &apos;$2a$10$bAdAVLvM.k3DqPaPYi0gnO1OffPSHLref8MElAk.u.fFQ17v9YKC2&apos;, &apos;f786c907-032e-451b-ac93-8508dec75a3d&apos;, &apos;2019-12-02&apos;, &apos;f786c907-032e-451b-ac93-8508dec75a3d&apos;, &apos;2019-12-02&apos;); nested exception is org.postgresql.util.PSQLException: ERROR: date/time field value out of range: &quot;10/27/2000&quot;&#10;  Dica: Perhaps you need a different &quot;datestyle&quot; setting.&#10;  Posição: 605" type="org.springframework.jdbc.datasource.init.ScriptStatementFailedException">org.springframework.jdbc.datasource.init.ScriptStatementFailedException: 
Failed to execute SQL script statement #1 of class path resource [dataset/usuarios.sql]: INSERT INTO usuario ( id, created, email, tipousuario, disponivel, nome, cpf, nascimento, celular, senha, account_activate_token, account_activate_token_expiration, password_reset_token, password_reset_token_expiration) VALUES ( 1001, now(), 'jlenon7@hotmail.com', 1, false, 'João Lenon', '092.862.989-94', '12/09/2000', '(45) 99955-3220', '$2a$10$bAdAVLvM.k3DqPaPYi0gnO1OffPSHLref8MElAk.u.fFQ17v9YKC2', 'f786c907-032e-451b-ac93-8508dec75a3d', '2019-12-02', 'f786c907-032e-451b-ac93-8508dec75a3d', '2019-12-02'), ( 1002, now(), 'adryell.silva10@gmail.com', 2, false, 'Adryell Nathann', '116.506.789-75', '10/27/2000', '(45) 99996-4523', '$2a$10$bAdAVLvM.k3DqPaPYi0gnO1OffPSHLref8MElAk.u.fFQ17v9YKC2', 'f786c907-032e-451b-ac93-8508dec75a3d', '2019-12-02', 'f786c907-032e-451b-ac93-8508dec75a3d', '2019-12-02'); nested exception is org.postgresql.util.PSQLException: ERROR: date/time field value out of range: "10/27/2000"
  Dica: Perhaps you need a different "datestyle" setting.
  Posição: 605
Caused by: org.postgresql.util.PSQLException: 
ERROR: date/time field value out of range: "10/27/2000"
  Dica: Perhaps you need a different "datestyle" setting.
  Posição: 605
</error>
    <system-out><![CDATA[2019-12-09 22:53:10.483  WARN 7688 --- [           main] o.s.test.context.TestContextManager      : Caught exception while invoking 'beforeTestMethod' callback on TestExecutionListener [org.springframework.test.context.jdbc.SqlScriptsTestExecutionListener@77847718] for test method [public void com.flashcursos.model.service.AlunoTests.cadastrarAlunoMustFailNomeEmBranco()] and test instance [com.flashcursos.model.service.AlunoTests@796613b7]

org.springframework.jdbc.datasource.init.ScriptStatementFailedException: Failed to execute SQL script statement #1 of class path resource [dataset/usuarios.sql]: INSERT INTO usuario ( id, created, email, tipousuario, disponivel, nome, cpf, nascimento, celular, senha, account_activate_token, account_activate_token_expiration, password_reset_token, password_reset_token_expiration) VALUES ( 1001, now(), 'jlenon7@hotmail.com', 1, false, 'João Lenon', '092.862.989-94', '12/09/2000', '(45) 99955-3220', '$2a$10$bAdAVLvM.k3DqPaPYi0gnO1OffPSHLref8MElAk.u.fFQ17v9YKC2', 'f786c907-032e-451b-ac93-8508dec75a3d', '2019-12-02', 'f786c907-032e-451b-ac93-8508dec75a3d', '2019-12-02'), ( 1002, now(), 'adryell.silva10@gmail.com', 2, false, 'Adryell Nathann', '116.506.789-75', '10/27/2000', '(45) 99996-4523', '$2a$10$bAdAVLvM.k3DqPaPYi0gnO1OffPSHLref8MElAk.u.fFQ17v9YKC2', 'f786c907-032e-451b-ac93-8508dec75a3d', '2019-12-02', 'f786c907-032e-451b-ac93-8508dec75a3d', '2019-12-02'); nested exception is org.postgresql.util.PSQLException: ERROR: date/time field value out of range: "10/27/2000"
  Dica: Perhaps you need a different "datestyle" setting.
  Posição: 605
	at org.springframework.jdbc.datasource.init.ScriptUtils.executeSqlScript(ScriptUtils.java:509) ~[spring-jdbc-5.1.9.RELEASE.jar:5.1.9.RELEASE]
	at org.springframework.jdbc.datasource.init.ResourceDatabasePopulator.populate(ResourceDatabasePopulator.java:238) ~[spring-jdbc-5.1.9.RELEASE.jar:5.1.9.RELEASE]
	at org.springframework.jdbc.datasource.init.DatabasePopulatorUtils.execute(DatabasePopulatorUtils.java:48) ~[spring-jdbc-5.1.9.RELEASE.jar:5.1.9.RELEASE]
	at org.springframework.jdbc.datasource.init.ResourceDatabasePopulator.execute(ResourceDatabasePopulator.java:253) ~[spring-jdbc-5.1.9.RELEASE.jar:5.1.9.RELEASE]
	at org.springframework.test.context.jdbc.SqlScriptsTestExecutionListener.lambda$executeSqlScripts$3(SqlScriptsTestExecutionListener.java:229) ~[spring-test-5.1.9.RELEASE.jar:5.1.9.RELEASE]
	at org.springframework.transaction.support.TransactionTemplate.execute(TransactionTemplate.java:140) ~[spring-tx-5.1.9.RELEASE.jar:5.1.9.RELEASE]
	at org.springframework.test.context.jdbc.SqlScriptsTestExecutionListener.executeSqlScripts(SqlScriptsTestExecutionListener.java:228) ~[spring-test-5.1.9.RELEASE.jar:5.1.9.RELEASE]
	at org.springframework.test.context.jdbc.SqlScriptsTestExecutionListener.executeSqlScripts(SqlScriptsTestExecutionListener.java:142) ~[spring-test-5.1.9.RELEASE.jar:5.1.9.RELEASE]
	at org.springframework.test.context.jdbc.SqlScriptsTestExecutionListener.beforeTestMethod(SqlScriptsTestExecutionListener.java:112) ~[spring-test-5.1.9.RELEASE.jar:5.1.9.RELEASE]
	at org.springframework.test.context.TestContextManager.beforeTestMethod(TestContextManager.java:291) ~[spring-test-5.1.9.RELEASE.jar:5.1.9.RELEASE]
	at org.springframework.test.context.junit4.statements.RunBeforeTestMethodCallbacks.evaluate(RunBeforeTestMethodCallbacks.java:74) [spring-test-5.1.9.RELEASE.jar:5.1.9.RELEASE]
	at org.springframework.test.context.junit4.statements.RunAfterTestMethodCallbacks.evaluate(RunAfterTestMethodCallbacks.java:86) [spring-test-5.1.9.RELEASE.jar:5.1.9.RELEASE]
	at org.springframework.test.context.junit4.statements.SpringRepeat.evaluate(SpringRepeat.java:84) [spring-test-5.1.9.RELEASE.jar:5.1.9.RELEASE]
	at org.junit.runners.ParentRunner.runLeaf(ParentRunner.java:325) [junit-4.12.jar:4.12]
	at org.springframework.test.context.junit4.SpringJUnit4ClassRunner.runChild(SpringJUnit4ClassRunner.java:251) [spring-test-5.1.9.RELEASE.jar:5.1.9.RELEASE]
	at org.springframework.test.context.junit4.SpringJUnit4ClassRunner.runChild(SpringJUnit4ClassRunner.java:97) [spring-test-5.1.9.RELEASE.jar:5.1.9.RELEASE]
	at org.junit.runners.ParentRunner$3.run(ParentRunner.java:290) [junit-4.12.jar:4.12]
	at org.junit.runners.ParentRunner$1.schedule(ParentRunner.java:71) [junit-4.12.jar:4.12]
	at org.junit.runners.ParentRunner.runChildren(ParentRunner.java:288) [junit-4.12.jar:4.12]
	at org.junit.runners.ParentRunner.access$000(ParentRunner.java:58) [junit-4.12.jar:4.12]
	at org.junit.runners.ParentRunner$2.evaluate(ParentRunner.java:268) [junit-4.12.jar:4.12]
	at org.springframework.test.context.junit4.statements.RunBeforeTestClassCallbacks.evaluate(RunBeforeTestClassCallbacks.java:61) [spring-test-5.1.9.RELEASE.jar:5.1.9.RELEASE]
	at org.springframework.test.context.junit4.statements.RunAfterTestClassCallbacks.evaluate(RunAfterTestClassCallbacks.java:70) [spring-test-5.1.9.RELEASE.jar:5.1.9.RELEASE]
	at org.junit.runners.ParentRunner.run(ParentRunner.java:363) [junit-4.12.jar:4.12]
	at org.springframework.test.context.junit4.SpringJUnit4ClassRunner.run(SpringJUnit4ClassRunner.java:190) [spring-test-5.1.9.RELEASE.jar:5.1.9.RELEASE]
	at org.apache.maven.surefire.junit4.JUnit4Provider.execute(JUnit4Provider.java:365) [surefire-junit4-2.22.2.jar:2.22.2]
	at org.apache.maven.surefire.junit4.JUnit4Provider.executeWithRerun(JUnit4Provider.java:273) [surefire-junit4-2.22.2.jar:2.22.2]
	at org.apache.maven.surefire.junit4.JUnit4Provider.executeTestSet(JUnit4Provider.java:238) [surefire-junit4-2.22.2.jar:2.22.2]
	at org.apache.maven.surefire.junit4.JUnit4Provider.invoke(JUnit4Provider.java:159) [surefire-junit4-2.22.2.jar:2.22.2]
	at org.apache.maven.surefire.booter.ForkedBooter.invokeProviderInSameClassLoader(ForkedBooter.java:384) [surefire-booter-2.22.2.jar:2.22.2]
	at org.apache.maven.surefire.booter.ForkedBooter.runSuitesInProcess(ForkedBooter.java:345) [surefire-booter-2.22.2.jar:2.22.2]
	at org.apache.maven.surefire.booter.ForkedBooter.execute(ForkedBooter.java:126) [surefire-booter-2.22.2.jar:2.22.2]
	at org.apache.maven.surefire.booter.ForkedBooter.main(ForkedBooter.java:418) [surefire-booter-2.22.2.jar:2.22.2]
Caused by: org.postgresql.util.PSQLException: ERROR: date/time field value out of range: "10/27/2000"
  Dica: Perhaps you need a different "datestyle" setting.
  Posição: 605
	at org.postgresql.core.v3.QueryExecutorImpl.receiveErrorResponse(QueryExecutorImpl.java:2497) ~[postgresql-42.2.8.jar:42.2.8]
	at org.postgresql.core.v3.QueryExecutorImpl.processResults(QueryExecutorImpl.java:2233) ~[postgresql-42.2.8.jar:42.2.8]
	at org.postgresql.core.v3.QueryExecutorImpl.execute(QueryExecutorImpl.java:310) ~[postgresql-42.2.8.jar:42.2.8]
	at org.postgresql.jdbc.PgStatement.executeInternal(PgStatement.java:446) ~[postgresql-42.2.8.jar:42.2.8]
	at org.postgresql.jdbc.PgStatement.execute(PgStatement.java:370) ~[postgresql-42.2.8.jar:42.2.8]
	at org.postgresql.jdbc.PgStatement.executeWithFlags(PgStatement.java:311) ~[postgresql-42.2.8.jar:42.2.8]
	at org.postgresql.jdbc.PgStatement.executeCachedSql(PgStatement.java:297) ~[postgresql-42.2.8.jar:42.2.8]
	at org.postgresql.jdbc.PgStatement.executeWithFlags(PgStatement.java:274) ~[postgresql-42.2.8.jar:42.2.8]
	at org.postgresql.jdbc.PgStatement.execute(PgStatement.java:269) ~[postgresql-42.2.8.jar:42.2.8]
	at com.zaxxer.hikari.pool.ProxyStatement.execute(ProxyStatement.java:95) ~[HikariCP-3.2.0.jar:na]
	at com.zaxxer.hikari.pool.HikariProxyStatement.execute(HikariProxyStatement.java) ~[HikariCP-3.2.0.jar:na]
	at org.springframework.jdbc.datasource.init.ScriptUtils.executeSqlScript(ScriptUtils.java:488) ~[spring-jdbc-5.1.9.RELEASE.jar:5.1.9.RELEASE]
	... 32 common frames omitted

]]></system-out>
  </testcase>
  <testcase name="removerAlunoMustPass" classname="com.flashcursos.model.service.AlunoTests" time="0.485">
    <error message="Failed to execute SQL script statement #1 of class path resource [dataset/usuarios.sql]: INSERT INTO usuario ( id, created, email, tipousuario, disponivel, nome, cpf, nascimento, celular, senha, account_activate_token, account_activate_token_expiration, password_reset_token, password_reset_token_expiration) VALUES ( 1001, now(), &apos;jlenon7@hotmail.com&apos;, 1, false, &apos;João Lenon&apos;, &apos;092.862.989-94&apos;, &apos;12/09/2000&apos;, &apos;(45) 99955-3220&apos;, &apos;$2a$10$bAdAVLvM.k3DqPaPYi0gnO1OffPSHLref8MElAk.u.fFQ17v9YKC2&apos;, &apos;f786c907-032e-451b-ac93-8508dec75a3d&apos;, &apos;2019-12-02&apos;, &apos;f786c907-032e-451b-ac93-8508dec75a3d&apos;, &apos;2019-12-02&apos;), ( 1002, now(), &apos;adryell.silva10@gmail.com&apos;, 2, false, &apos;Adryell Nathann&apos;, &apos;116.506.789-75&apos;, &apos;10/27/2000&apos;, &apos;(45) 99996-4523&apos;, &apos;$2a$10$bAdAVLvM.k3DqPaPYi0gnO1OffPSHLref8MElAk.u.fFQ17v9YKC2&apos;, &apos;f786c907-032e-451b-ac93-8508dec75a3d&apos;, &apos;2019-12-02&apos;, &apos;f786c907-032e-451b-ac93-8508dec75a3d&apos;, &apos;2019-12-02&apos;); nested exception is org.postgresql.util.PSQLException: ERROR: date/time field value out of range: &quot;10/27/2000&quot;&#10;  Dica: Perhaps you need a different &quot;datestyle&quot; setting.&#10;  Posição: 605" type="org.springframework.jdbc.datasource.init.ScriptStatementFailedException">org.springframework.jdbc.datasource.init.ScriptStatementFailedException: 
Failed to execute SQL script statement #1 of class path resource [dataset/usuarios.sql]: INSERT INTO usuario ( id, created, email, tipousuario, disponivel, nome, cpf, nascimento, celular, senha, account_activate_token, account_activate_token_expiration, password_reset_token, password_reset_token_expiration) VALUES ( 1001, now(), 'jlenon7@hotmail.com', 1, false, 'João Lenon', '092.862.989-94', '12/09/2000', '(45) 99955-3220', '$2a$10$bAdAVLvM.k3DqPaPYi0gnO1OffPSHLref8MElAk.u.fFQ17v9YKC2', 'f786c907-032e-451b-ac93-8508dec75a3d', '2019-12-02', 'f786c907-032e-451b-ac93-8508dec75a3d', '2019-12-02'), ( 1002, now(), 'adryell.silva10@gmail.com', 2, false, 'Adryell Nathann', '116.506.789-75', '10/27/2000', '(45) 99996-4523', '$2a$10$bAdAVLvM.k3DqPaPYi0gnO1OffPSHLref8MElAk.u.fFQ17v9YKC2', 'f786c907-032e-451b-ac93-8508dec75a3d', '2019-12-02', 'f786c907-032e-451b-ac93-8508dec75a3d', '2019-12-02'); nested exception is org.postgresql.util.PSQLException: ERROR: date/time field value out of range: "10/27/2000"
  Dica: Perhaps you need a different "datestyle" setting.
  Posição: 605
Caused by: org.postgresql.util.PSQLException: 
ERROR: date/time field value out of range: "10/27/2000"
  Dica: Perhaps you need a different "datestyle" setting.
  Posição: 605
</error>
    <system-out><![CDATA[2019-12-09 22:53:10.969  WARN 7688 --- [           main] o.s.test.context.TestContextManager      : Caught exception while invoking 'beforeTestMethod' callback on TestExecutionListener [org.springframework.test.context.jdbc.SqlScriptsTestExecutionListener@77847718] for test method [public void com.flashcursos.model.service.AlunoTests.removerAlunoMustPass()] and test instance [com.flashcursos.model.service.AlunoTests@34c07ecc]

org.springframework.jdbc.datasource.init.ScriptStatementFailedException: Failed to execute SQL script statement #1 of class path resource [dataset/usuarios.sql]: INSERT INTO usuario ( id, created, email, tipousuario, disponivel, nome, cpf, nascimento, celular, senha, account_activate_token, account_activate_token_expiration, password_reset_token, password_reset_token_expiration) VALUES ( 1001, now(), 'jlenon7@hotmail.com', 1, false, 'João Lenon', '092.862.989-94', '12/09/2000', '(45) 99955-3220', '$2a$10$bAdAVLvM.k3DqPaPYi0gnO1OffPSHLref8MElAk.u.fFQ17v9YKC2', 'f786c907-032e-451b-ac93-8508dec75a3d', '2019-12-02', 'f786c907-032e-451b-ac93-8508dec75a3d', '2019-12-02'), ( 1002, now(), 'adryell.silva10@gmail.com', 2, false, 'Adryell Nathann', '116.506.789-75', '10/27/2000', '(45) 99996-4523', '$2a$10$bAdAVLvM.k3DqPaPYi0gnO1OffPSHLref8MElAk.u.fFQ17v9YKC2', 'f786c907-032e-451b-ac93-8508dec75a3d', '2019-12-02', 'f786c907-032e-451b-ac93-8508dec75a3d', '2019-12-02'); nested exception is org.postgresql.util.PSQLException: ERROR: date/time field value out of range: "10/27/2000"
  Dica: Perhaps you need a different "datestyle" setting.
  Posição: 605
	at org.springframework.jdbc.datasource.init.ScriptUtils.executeSqlScript(ScriptUtils.java:509) ~[spring-jdbc-5.1.9.RELEASE.jar:5.1.9.RELEASE]
	at org.springframework.jdbc.datasource.init.ResourceDatabasePopulator.populate(ResourceDatabasePopulator.java:238) ~[spring-jdbc-5.1.9.RELEASE.jar:5.1.9.RELEASE]
	at org.springframework.jdbc.datasource.init.DatabasePopulatorUtils.execute(DatabasePopulatorUtils.java:48) ~[spring-jdbc-5.1.9.RELEASE.jar:5.1.9.RELEASE]
	at org.springframework.jdbc.datasource.init.ResourceDatabasePopulator.execute(ResourceDatabasePopulator.java:253) ~[spring-jdbc-5.1.9.RELEASE.jar:5.1.9.RELEASE]
	at org.springframework.test.context.jdbc.SqlScriptsTestExecutionListener.lambda$executeSqlScripts$3(SqlScriptsTestExecutionListener.java:229) ~[spring-test-5.1.9.RELEASE.jar:5.1.9.RELEASE]
	at org.springframework.transaction.support.TransactionTemplate.execute(TransactionTemplate.java:140) ~[spring-tx-5.1.9.RELEASE.jar:5.1.9.RELEASE]
	at org.springframework.test.context.jdbc.SqlScriptsTestExecutionListener.executeSqlScripts(SqlScriptsTestExecutionListener.java:228) ~[spring-test-5.1.9.RELEASE.jar:5.1.9.RELEASE]
	at org.springframework.test.context.jdbc.SqlScriptsTestExecutionListener.executeSqlScripts(SqlScriptsTestExecutionListener.java:142) ~[spring-test-5.1.9.RELEASE.jar:5.1.9.RELEASE]
	at org.springframework.test.context.jdbc.SqlScriptsTestExecutionListener.beforeTestMethod(SqlScriptsTestExecutionListener.java:112) ~[spring-test-5.1.9.RELEASE.jar:5.1.9.RELEASE]
	at org.springframework.test.context.TestContextManager.beforeTestMethod(TestContextManager.java:291) ~[spring-test-5.1.9.RELEASE.jar:5.1.9.RELEASE]
	at org.springframework.test.context.junit4.statements.RunBeforeTestMethodCallbacks.evaluate(RunBeforeTestMethodCallbacks.java:74) [spring-test-5.1.9.RELEASE.jar:5.1.9.RELEASE]
	at org.springframework.test.context.junit4.statements.RunAfterTestMethodCallbacks.evaluate(RunAfterTestMethodCallbacks.java:86) [spring-test-5.1.9.RELEASE.jar:5.1.9.RELEASE]
	at org.springframework.test.context.junit4.statements.SpringRepeat.evaluate(SpringRepeat.java:84) [spring-test-5.1.9.RELEASE.jar:5.1.9.RELEASE]
	at org.junit.runners.ParentRunner.runLeaf(ParentRunner.java:325) [junit-4.12.jar:4.12]
	at org.springframework.test.context.junit4.SpringJUnit4ClassRunner.runChild(SpringJUnit4ClassRunner.java:251) [spring-test-5.1.9.RELEASE.jar:5.1.9.RELEASE]
	at org.springframework.test.context.junit4.SpringJUnit4ClassRunner.runChild(SpringJUnit4ClassRunner.java:97) [spring-test-5.1.9.RELEASE.jar:5.1.9.RELEASE]
	at org.junit.runners.ParentRunner$3.run(ParentRunner.java:290) [junit-4.12.jar:4.12]
	at org.junit.runners.ParentRunner$1.schedule(ParentRunner.java:71) [junit-4.12.jar:4.12]
	at org.junit.runners.ParentRunner.runChildren(ParentRunner.java:288) [junit-4.12.jar:4.12]
	at org.junit.runners.ParentRunner.access$000(ParentRunner.java:58) [junit-4.12.jar:4.12]
	at org.junit.runners.ParentRunner$2.evaluate(ParentRunner.java:268) [junit-4.12.jar:4.12]
	at org.springframework.test.context.junit4.statements.RunBeforeTestClassCallbacks.evaluate(RunBeforeTestClassCallbacks.java:61) [spring-test-5.1.9.RELEASE.jar:5.1.9.RELEASE]
	at org.springframework.test.context.junit4.statements.RunAfterTestClassCallbacks.evaluate(RunAfterTestClassCallbacks.java:70) [spring-test-5.1.9.RELEASE.jar:5.1.9.RELEASE]
	at org.junit.runners.ParentRunner.run(ParentRunner.java:363) [junit-4.12.jar:4.12]
	at org.springframework.test.context.junit4.SpringJUnit4ClassRunner.run(SpringJUnit4ClassRunner.java:190) [spring-test-5.1.9.RELEASE.jar:5.1.9.RELEASE]
	at org.apache.maven.surefire.junit4.JUnit4Provider.execute(JUnit4Provider.java:365) [surefire-junit4-2.22.2.jar:2.22.2]
	at org.apache.maven.surefire.junit4.JUnit4Provider.executeWithRerun(JUnit4Provider.java:273) [surefire-junit4-2.22.2.jar:2.22.2]
	at org.apache.maven.surefire.junit4.JUnit4Provider.executeTestSet(JUnit4Provider.java:238) [surefire-junit4-2.22.2.jar:2.22.2]
	at org.apache.maven.surefire.junit4.JUnit4Provider.invoke(JUnit4Provider.java:159) [surefire-junit4-2.22.2.jar:2.22.2]
	at org.apache.maven.surefire.booter.ForkedBooter.invokeProviderInSameClassLoader(ForkedBooter.java:384) [surefire-booter-2.22.2.jar:2.22.2]
	at org.apache.maven.surefire.booter.ForkedBooter.runSuitesInProcess(ForkedBooter.java:345) [surefire-booter-2.22.2.jar:2.22.2]
	at org.apache.maven.surefire.booter.ForkedBooter.execute(ForkedBooter.java:126) [surefire-booter-2.22.2.jar:2.22.2]
	at org.apache.maven.surefire.booter.ForkedBooter.main(ForkedBooter.java:418) [surefire-booter-2.22.2.jar:2.22.2]
Caused by: org.postgresql.util.PSQLException: ERROR: date/time field value out of range: "10/27/2000"
  Dica: Perhaps you need a different "datestyle" setting.
  Posição: 605
	at org.postgresql.core.v3.QueryExecutorImpl.receiveErrorResponse(QueryExecutorImpl.java:2497) ~[postgresql-42.2.8.jar:42.2.8]
	at org.postgresql.core.v3.QueryExecutorImpl.processResults(QueryExecutorImpl.java:2233) ~[postgresql-42.2.8.jar:42.2.8]
	at org.postgresql.core.v3.QueryExecutorImpl.execute(QueryExecutorImpl.java:310) ~[postgresql-42.2.8.jar:42.2.8]
	at org.postgresql.jdbc.PgStatement.executeInternal(PgStatement.java:446) ~[postgresql-42.2.8.jar:42.2.8]
	at org.postgresql.jdbc.PgStatement.execute(PgStatement.java:370) ~[postgresql-42.2.8.jar:42.2.8]
	at org.postgresql.jdbc.PgStatement.executeWithFlags(PgStatement.java:311) ~[postgresql-42.2.8.jar:42.2.8]
	at org.postgresql.jdbc.PgStatement.executeCachedSql(PgStatement.java:297) ~[postgresql-42.2.8.jar:42.2.8]
	at org.postgresql.jdbc.PgStatement.executeWithFlags(PgStatement.java:274) ~[postgresql-42.2.8.jar:42.2.8]
	at org.postgresql.jdbc.PgStatement.execute(PgStatement.java:269) ~[postgresql-42.2.8.jar:42.2.8]
	at com.zaxxer.hikari.pool.ProxyStatement.execute(ProxyStatement.java:95) ~[HikariCP-3.2.0.jar:na]
	at com.zaxxer.hikari.pool.HikariProxyStatement.execute(HikariProxyStatement.java) ~[HikariCP-3.2.0.jar:na]
	at org.springframework.jdbc.datasource.init.ScriptUtils.executeSqlScript(ScriptUtils.java:488) ~[spring-jdbc-5.1.9.RELEASE.jar:5.1.9.RELEASE]
	... 32 common frames omitted

]]></system-out>
  </testcase>
  <testcase name="removerAlunoMatriculadoMustPass" classname="com.flashcursos.model.service.AlunoTests" time="0.328">
    <error message="Failed to execute SQL script statement #1 of class path resource [dataset/usuarios.sql]: INSERT INTO usuario ( id, created, email, tipousuario, disponivel, nome, cpf, nascimento, celular, senha, account_activate_token, account_activate_token_expiration, password_reset_token, password_reset_token_expiration) VALUES ( 1001, now(), &apos;jlenon7@hotmail.com&apos;, 1, false, &apos;João Lenon&apos;, &apos;092.862.989-94&apos;, &apos;12/09/2000&apos;, &apos;(45) 99955-3220&apos;, &apos;$2a$10$bAdAVLvM.k3DqPaPYi0gnO1OffPSHLref8MElAk.u.fFQ17v9YKC2&apos;, &apos;f786c907-032e-451b-ac93-8508dec75a3d&apos;, &apos;2019-12-02&apos;, &apos;f786c907-032e-451b-ac93-8508dec75a3d&apos;, &apos;2019-12-02&apos;), ( 1002, now(), &apos;adryell.silva10@gmail.com&apos;, 2, false, &apos;Adryell Nathann&apos;, &apos;116.506.789-75&apos;, &apos;10/27/2000&apos;, &apos;(45) 99996-4523&apos;, &apos;$2a$10$bAdAVLvM.k3DqPaPYi0gnO1OffPSHLref8MElAk.u.fFQ17v9YKC2&apos;, &apos;f786c907-032e-451b-ac93-8508dec75a3d&apos;, &apos;2019-12-02&apos;, &apos;f786c907-032e-451b-ac93-8508dec75a3d&apos;, &apos;2019-12-02&apos;); nested exception is org.postgresql.util.PSQLException: ERROR: date/time field value out of range: &quot;10/27/2000&quot;&#10;  Dica: Perhaps you need a different &quot;datestyle&quot; setting.&#10;  Posição: 605" type="org.springframework.jdbc.datasource.init.ScriptStatementFailedException">org.springframework.jdbc.datasource.init.ScriptStatementFailedException: 
Failed to execute SQL script statement #1 of class path resource [dataset/usuarios.sql]: INSERT INTO usuario ( id, created, email, tipousuario, disponivel, nome, cpf, nascimento, celular, senha, account_activate_token, account_activate_token_expiration, password_reset_token, password_reset_token_expiration) VALUES ( 1001, now(), 'jlenon7@hotmail.com', 1, false, 'João Lenon', '092.862.989-94', '12/09/2000', '(45) 99955-3220', '$2a$10$bAdAVLvM.k3DqPaPYi0gnO1OffPSHLref8MElAk.u.fFQ17v9YKC2', 'f786c907-032e-451b-ac93-8508dec75a3d', '2019-12-02', 'f786c907-032e-451b-ac93-8508dec75a3d', '2019-12-02'), ( 1002, now(), 'adryell.silva10@gmail.com', 2, false, 'Adryell Nathann', '116.506.789-75', '10/27/2000', '(45) 99996-4523', '$2a$10$bAdAVLvM.k3DqPaPYi0gnO1OffPSHLref8MElAk.u.fFQ17v9YKC2', 'f786c907-032e-451b-ac93-8508dec75a3d', '2019-12-02', 'f786c907-032e-451b-ac93-8508dec75a3d', '2019-12-02'); nested exception is org.postgresql.util.PSQLException: ERROR: date/time field value out of range: "10/27/2000"
  Dica: Perhaps you need a different "datestyle" setting.
  Posição: 605
Caused by: org.postgresql.util.PSQLException: 
ERROR: date/time field value out of range: "10/27/2000"
  Dica: Perhaps you need a different "datestyle" setting.
  Posição: 605
</error>
    <system-out><![CDATA[2019-12-09 22:53:11.301  WARN 7688 --- [           main] o.s.test.context.TestContextManager      : Caught exception while invoking 'beforeTestMethod' callback on TestExecutionListener [org.springframework.test.context.jdbc.SqlScriptsTestExecutionListener@77847718] for test method [public void com.flashcursos.model.service.AlunoTests.removerAlunoMatriculadoMustPass()] and test instance [com.flashcursos.model.service.AlunoTests@236f3885]

org.springframework.jdbc.datasource.init.ScriptStatementFailedException: Failed to execute SQL script statement #1 of class path resource [dataset/usuarios.sql]: INSERT INTO usuario ( id, created, email, tipousuario, disponivel, nome, cpf, nascimento, celular, senha, account_activate_token, account_activate_token_expiration, password_reset_token, password_reset_token_expiration) VALUES ( 1001, now(), 'jlenon7@hotmail.com', 1, false, 'João Lenon', '092.862.989-94', '12/09/2000', '(45) 99955-3220', '$2a$10$bAdAVLvM.k3DqPaPYi0gnO1OffPSHLref8MElAk.u.fFQ17v9YKC2', 'f786c907-032e-451b-ac93-8508dec75a3d', '2019-12-02', 'f786c907-032e-451b-ac93-8508dec75a3d', '2019-12-02'), ( 1002, now(), 'adryell.silva10@gmail.com', 2, false, 'Adryell Nathann', '116.506.789-75', '10/27/2000', '(45) 99996-4523', '$2a$10$bAdAVLvM.k3DqPaPYi0gnO1OffPSHLref8MElAk.u.fFQ17v9YKC2', 'f786c907-032e-451b-ac93-8508dec75a3d', '2019-12-02', 'f786c907-032e-451b-ac93-8508dec75a3d', '2019-12-02'); nested exception is org.postgresql.util.PSQLException: ERROR: date/time field value out of range: "10/27/2000"
  Dica: Perhaps you need a different "datestyle" setting.
  Posição: 605
	at org.springframework.jdbc.datasource.init.ScriptUtils.executeSqlScript(ScriptUtils.java:509) ~[spring-jdbc-5.1.9.RELEASE.jar:5.1.9.RELEASE]
	at org.springframework.jdbc.datasource.init.ResourceDatabasePopulator.populate(ResourceDatabasePopulator.java:238) ~[spring-jdbc-5.1.9.RELEASE.jar:5.1.9.RELEASE]
	at org.springframework.jdbc.datasource.init.DatabasePopulatorUtils.execute(DatabasePopulatorUtils.java:48) ~[spring-jdbc-5.1.9.RELEASE.jar:5.1.9.RELEASE]
	at org.springframework.jdbc.datasource.init.ResourceDatabasePopulator.execute(ResourceDatabasePopulator.java:253) ~[spring-jdbc-5.1.9.RELEASE.jar:5.1.9.RELEASE]
	at org.springframework.test.context.jdbc.SqlScriptsTestExecutionListener.lambda$executeSqlScripts$3(SqlScriptsTestExecutionListener.java:229) ~[spring-test-5.1.9.RELEASE.jar:5.1.9.RELEASE]
	at org.springframework.transaction.support.TransactionTemplate.execute(TransactionTemplate.java:140) ~[spring-tx-5.1.9.RELEASE.jar:5.1.9.RELEASE]
	at org.springframework.test.context.jdbc.SqlScriptsTestExecutionListener.executeSqlScripts(SqlScriptsTestExecutionListener.java:228) ~[spring-test-5.1.9.RELEASE.jar:5.1.9.RELEASE]
	at org.springframework.test.context.jdbc.SqlScriptsTestExecutionListener.executeSqlScripts(SqlScriptsTestExecutionListener.java:142) ~[spring-test-5.1.9.RELEASE.jar:5.1.9.RELEASE]
	at org.springframework.test.context.jdbc.SqlScriptsTestExecutionListener.beforeTestMethod(SqlScriptsTestExecutionListener.java:112) ~[spring-test-5.1.9.RELEASE.jar:5.1.9.RELEASE]
	at org.springframework.test.context.TestContextManager.beforeTestMethod(TestContextManager.java:291) ~[spring-test-5.1.9.RELEASE.jar:5.1.9.RELEASE]
	at org.springframework.test.context.junit4.statements.RunBeforeTestMethodCallbacks.evaluate(RunBeforeTestMethodCallbacks.java:74) [spring-test-5.1.9.RELEASE.jar:5.1.9.RELEASE]
	at org.springframework.test.context.junit4.statements.RunAfterTestMethodCallbacks.evaluate(RunAfterTestMethodCallbacks.java:86) [spring-test-5.1.9.RELEASE.jar:5.1.9.RELEASE]
	at org.springframework.test.context.junit4.statements.SpringRepeat.evaluate(SpringRepeat.java:84) [spring-test-5.1.9.RELEASE.jar:5.1.9.RELEASE]
	at org.junit.runners.ParentRunner.runLeaf(ParentRunner.java:325) [junit-4.12.jar:4.12]
	at org.springframework.test.context.junit4.SpringJUnit4ClassRunner.runChild(SpringJUnit4ClassRunner.java:251) [spring-test-5.1.9.RELEASE.jar:5.1.9.RELEASE]
	at org.springframework.test.context.junit4.SpringJUnit4ClassRunner.runChild(SpringJUnit4ClassRunner.java:97) [spring-test-5.1.9.RELEASE.jar:5.1.9.RELEASE]
	at org.junit.runners.ParentRunner$3.run(ParentRunner.java:290) [junit-4.12.jar:4.12]
	at org.junit.runners.ParentRunner$1.schedule(ParentRunner.java:71) [junit-4.12.jar:4.12]
	at org.junit.runners.ParentRunner.runChildren(ParentRunner.java:288) [junit-4.12.jar:4.12]
	at org.junit.runners.ParentRunner.access$000(ParentRunner.java:58) [junit-4.12.jar:4.12]
	at org.junit.runners.ParentRunner$2.evaluate(ParentRunner.java:268) [junit-4.12.jar:4.12]
	at org.springframework.test.context.junit4.statements.RunBeforeTestClassCallbacks.evaluate(RunBeforeTestClassCallbacks.java:61) [spring-test-5.1.9.RELEASE.jar:5.1.9.RELEASE]
	at org.springframework.test.context.junit4.statements.RunAfterTestClassCallbacks.evaluate(RunAfterTestClassCallbacks.java:70) [spring-test-5.1.9.RELEASE.jar:5.1.9.RELEASE]
	at org.junit.runners.ParentRunner.run(ParentRunner.java:363) [junit-4.12.jar:4.12]
	at org.springframework.test.context.junit4.SpringJUnit4ClassRunner.run(SpringJUnit4ClassRunner.java:190) [spring-test-5.1.9.RELEASE.jar:5.1.9.RELEASE]
	at org.apache.maven.surefire.junit4.JUnit4Provider.execute(JUnit4Provider.java:365) [surefire-junit4-2.22.2.jar:2.22.2]
	at org.apache.maven.surefire.junit4.JUnit4Provider.executeWithRerun(JUnit4Provider.java:273) [surefire-junit4-2.22.2.jar:2.22.2]
	at org.apache.maven.surefire.junit4.JUnit4Provider.executeTestSet(JUnit4Provider.java:238) [surefire-junit4-2.22.2.jar:2.22.2]
	at org.apache.maven.surefire.junit4.JUnit4Provider.invoke(JUnit4Provider.java:159) [surefire-junit4-2.22.2.jar:2.22.2]
	at org.apache.maven.surefire.booter.ForkedBooter.invokeProviderInSameClassLoader(ForkedBooter.java:384) [surefire-booter-2.22.2.jar:2.22.2]
	at org.apache.maven.surefire.booter.ForkedBooter.runSuitesInProcess(ForkedBooter.java:345) [surefire-booter-2.22.2.jar:2.22.2]
	at org.apache.maven.surefire.booter.ForkedBooter.execute(ForkedBooter.java:126) [surefire-booter-2.22.2.jar:2.22.2]
	at org.apache.maven.surefire.booter.ForkedBooter.main(ForkedBooter.java:418) [surefire-booter-2.22.2.jar:2.22.2]
Caused by: org.postgresql.util.PSQLException: ERROR: date/time field value out of range: "10/27/2000"
  Dica: Perhaps you need a different "datestyle" setting.
  Posição: 605
	at org.postgresql.core.v3.QueryExecutorImpl.receiveErrorResponse(QueryExecutorImpl.java:2497) ~[postgresql-42.2.8.jar:42.2.8]
	at org.postgresql.core.v3.QueryExecutorImpl.processResults(QueryExecutorImpl.java:2233) ~[postgresql-42.2.8.jar:42.2.8]
	at org.postgresql.core.v3.QueryExecutorImpl.execute(QueryExecutorImpl.java:310) ~[postgresql-42.2.8.jar:42.2.8]
	at org.postgresql.jdbc.PgStatement.executeInternal(PgStatement.java:446) ~[postgresql-42.2.8.jar:42.2.8]
	at org.postgresql.jdbc.PgStatement.execute(PgStatement.java:370) ~[postgresql-42.2.8.jar:42.2.8]
	at org.postgresql.jdbc.PgStatement.executeWithFlags(PgStatement.java:311) ~[postgresql-42.2.8.jar:42.2.8]
	at org.postgresql.jdbc.PgStatement.executeCachedSql(PgStatement.java:297) ~[postgresql-42.2.8.jar:42.2.8]
	at org.postgresql.jdbc.PgStatement.executeWithFlags(PgStatement.java:274) ~[postgresql-42.2.8.jar:42.2.8]
	at org.postgresql.jdbc.PgStatement.execute(PgStatement.java:269) ~[postgresql-42.2.8.jar:42.2.8]
	at com.zaxxer.hikari.pool.ProxyStatement.execute(ProxyStatement.java:95) ~[HikariCP-3.2.0.jar:na]
	at com.zaxxer.hikari.pool.HikariProxyStatement.execute(HikariProxyStatement.java) ~[HikariCP-3.2.0.jar:na]
	at org.springframework.jdbc.datasource.init.ScriptUtils.executeSqlScript(ScriptUtils.java:488) ~[spring-jdbc-5.1.9.RELEASE.jar:5.1.9.RELEASE]
	... 32 common frames omitted

]]></system-out>
  </testcase>
  <testcase name="removerAlunoMustFailIdNaoExiste" classname="com.flashcursos.model.service.AlunoTests" time="0.312">
    <error message="Failed to execute SQL script statement #1 of class path resource [dataset/usuarios.sql]: INSERT INTO usuario ( id, created, email, tipousuario, disponivel, nome, cpf, nascimento, celular, senha, account_activate_token, account_activate_token_expiration, password_reset_token, password_reset_token_expiration) VALUES ( 1001, now(), &apos;jlenon7@hotmail.com&apos;, 1, false, &apos;João Lenon&apos;, &apos;092.862.989-94&apos;, &apos;12/09/2000&apos;, &apos;(45) 99955-3220&apos;, &apos;$2a$10$bAdAVLvM.k3DqPaPYi0gnO1OffPSHLref8MElAk.u.fFQ17v9YKC2&apos;, &apos;f786c907-032e-451b-ac93-8508dec75a3d&apos;, &apos;2019-12-02&apos;, &apos;f786c907-032e-451b-ac93-8508dec75a3d&apos;, &apos;2019-12-02&apos;), ( 1002, now(), &apos;adryell.silva10@gmail.com&apos;, 2, false, &apos;Adryell Nathann&apos;, &apos;116.506.789-75&apos;, &apos;10/27/2000&apos;, &apos;(45) 99996-4523&apos;, &apos;$2a$10$bAdAVLvM.k3DqPaPYi0gnO1OffPSHLref8MElAk.u.fFQ17v9YKC2&apos;, &apos;f786c907-032e-451b-ac93-8508dec75a3d&apos;, &apos;2019-12-02&apos;, &apos;f786c907-032e-451b-ac93-8508dec75a3d&apos;, &apos;2019-12-02&apos;); nested exception is org.postgresql.util.PSQLException: ERROR: date/time field value out of range: &quot;10/27/2000&quot;&#10;  Dica: Perhaps you need a different &quot;datestyle&quot; setting.&#10;  Posição: 605" type="org.springframework.jdbc.datasource.init.ScriptStatementFailedException">org.springframework.jdbc.datasource.init.ScriptStatementFailedException: 
Failed to execute SQL script statement #1 of class path resource [dataset/usuarios.sql]: INSERT INTO usuario ( id, created, email, tipousuario, disponivel, nome, cpf, nascimento, celular, senha, account_activate_token, account_activate_token_expiration, password_reset_token, password_reset_token_expiration) VALUES ( 1001, now(), 'jlenon7@hotmail.com', 1, false, 'João Lenon', '092.862.989-94', '12/09/2000', '(45) 99955-3220', '$2a$10$bAdAVLvM.k3DqPaPYi0gnO1OffPSHLref8MElAk.u.fFQ17v9YKC2', 'f786c907-032e-451b-ac93-8508dec75a3d', '2019-12-02', 'f786c907-032e-451b-ac93-8508dec75a3d', '2019-12-02'), ( 1002, now(), 'adryell.silva10@gmail.com', 2, false, 'Adryell Nathann', '116.506.789-75', '10/27/2000', '(45) 99996-4523', '$2a$10$bAdAVLvM.k3DqPaPYi0gnO1OffPSHLref8MElAk.u.fFQ17v9YKC2', 'f786c907-032e-451b-ac93-8508dec75a3d', '2019-12-02', 'f786c907-032e-451b-ac93-8508dec75a3d', '2019-12-02'); nested exception is org.postgresql.util.PSQLException: ERROR: date/time field value out of range: "10/27/2000"
  Dica: Perhaps you need a different "datestyle" setting.
  Posição: 605
Caused by: org.postgresql.util.PSQLException: 
ERROR: date/time field value out of range: "10/27/2000"
  Dica: Perhaps you need a different "datestyle" setting.
  Posição: 605
</error>
    <system-out><![CDATA[2019-12-09 22:53:11.617  WARN 7688 --- [           main] o.s.test.context.TestContextManager      : Caught exception while invoking 'beforeTestMethod' callback on TestExecutionListener [org.springframework.test.context.jdbc.SqlScriptsTestExecutionListener@77847718] for test method [public void com.flashcursos.model.service.AlunoTests.removerAlunoMustFailIdNaoExiste()] and test instance [com.flashcursos.model.service.AlunoTests@73417494]

org.springframework.jdbc.datasource.init.ScriptStatementFailedException: Failed to execute SQL script statement #1 of class path resource [dataset/usuarios.sql]: INSERT INTO usuario ( id, created, email, tipousuario, disponivel, nome, cpf, nascimento, celular, senha, account_activate_token, account_activate_token_expiration, password_reset_token, password_reset_token_expiration) VALUES ( 1001, now(), 'jlenon7@hotmail.com', 1, false, 'João Lenon', '092.862.989-94', '12/09/2000', '(45) 99955-3220', '$2a$10$bAdAVLvM.k3DqPaPYi0gnO1OffPSHLref8MElAk.u.fFQ17v9YKC2', 'f786c907-032e-451b-ac93-8508dec75a3d', '2019-12-02', 'f786c907-032e-451b-ac93-8508dec75a3d', '2019-12-02'), ( 1002, now(), 'adryell.silva10@gmail.com', 2, false, 'Adryell Nathann', '116.506.789-75', '10/27/2000', '(45) 99996-4523', '$2a$10$bAdAVLvM.k3DqPaPYi0gnO1OffPSHLref8MElAk.u.fFQ17v9YKC2', 'f786c907-032e-451b-ac93-8508dec75a3d', '2019-12-02', 'f786c907-032e-451b-ac93-8508dec75a3d', '2019-12-02'); nested exception is org.postgresql.util.PSQLException: ERROR: date/time field value out of range: "10/27/2000"
  Dica: Perhaps you need a different "datestyle" setting.
  Posição: 605
	at org.springframework.jdbc.datasource.init.ScriptUtils.executeSqlScript(ScriptUtils.java:509) ~[spring-jdbc-5.1.9.RELEASE.jar:5.1.9.RELEASE]
	at org.springframework.jdbc.datasource.init.ResourceDatabasePopulator.populate(ResourceDatabasePopulator.java:238) ~[spring-jdbc-5.1.9.RELEASE.jar:5.1.9.RELEASE]
	at org.springframework.jdbc.datasource.init.DatabasePopulatorUtils.execute(DatabasePopulatorUtils.java:48) ~[spring-jdbc-5.1.9.RELEASE.jar:5.1.9.RELEASE]
	at org.springframework.jdbc.datasource.init.ResourceDatabasePopulator.execute(ResourceDatabasePopulator.java:253) ~[spring-jdbc-5.1.9.RELEASE.jar:5.1.9.RELEASE]
	at org.springframework.test.context.jdbc.SqlScriptsTestExecutionListener.lambda$executeSqlScripts$3(SqlScriptsTestExecutionListener.java:229) ~[spring-test-5.1.9.RELEASE.jar:5.1.9.RELEASE]
	at org.springframework.transaction.support.TransactionTemplate.execute(TransactionTemplate.java:140) ~[spring-tx-5.1.9.RELEASE.jar:5.1.9.RELEASE]
	at org.springframework.test.context.jdbc.SqlScriptsTestExecutionListener.executeSqlScripts(SqlScriptsTestExecutionListener.java:228) ~[spring-test-5.1.9.RELEASE.jar:5.1.9.RELEASE]
	at org.springframework.test.context.jdbc.SqlScriptsTestExecutionListener.executeSqlScripts(SqlScriptsTestExecutionListener.java:142) ~[spring-test-5.1.9.RELEASE.jar:5.1.9.RELEASE]
	at org.springframework.test.context.jdbc.SqlScriptsTestExecutionListener.beforeTestMethod(SqlScriptsTestExecutionListener.java:112) ~[spring-test-5.1.9.RELEASE.jar:5.1.9.RELEASE]
	at org.springframework.test.context.TestContextManager.beforeTestMethod(TestContextManager.java:291) ~[spring-test-5.1.9.RELEASE.jar:5.1.9.RELEASE]
	at org.springframework.test.context.junit4.statements.RunBeforeTestMethodCallbacks.evaluate(RunBeforeTestMethodCallbacks.java:74) [spring-test-5.1.9.RELEASE.jar:5.1.9.RELEASE]
	at org.springframework.test.context.junit4.statements.RunAfterTestMethodCallbacks.evaluate(RunAfterTestMethodCallbacks.java:86) [spring-test-5.1.9.RELEASE.jar:5.1.9.RELEASE]
	at org.springframework.test.context.junit4.statements.SpringRepeat.evaluate(SpringRepeat.java:84) [spring-test-5.1.9.RELEASE.jar:5.1.9.RELEASE]
	at org.junit.runners.ParentRunner.runLeaf(ParentRunner.java:325) [junit-4.12.jar:4.12]
	at org.springframework.test.context.junit4.SpringJUnit4ClassRunner.runChild(SpringJUnit4ClassRunner.java:251) [spring-test-5.1.9.RELEASE.jar:5.1.9.RELEASE]
	at org.springframework.test.context.junit4.SpringJUnit4ClassRunner.runChild(SpringJUnit4ClassRunner.java:97) [spring-test-5.1.9.RELEASE.jar:5.1.9.RELEASE]
	at org.junit.runners.ParentRunner$3.run(ParentRunner.java:290) [junit-4.12.jar:4.12]
	at org.junit.runners.ParentRunner$1.schedule(ParentRunner.java:71) [junit-4.12.jar:4.12]
	at org.junit.runners.ParentRunner.runChildren(ParentRunner.java:288) [junit-4.12.jar:4.12]
	at org.junit.runners.ParentRunner.access$000(ParentRunner.java:58) [junit-4.12.jar:4.12]
	at org.junit.runners.ParentRunner$2.evaluate(ParentRunner.java:268) [junit-4.12.jar:4.12]
	at org.springframework.test.context.junit4.statements.RunBeforeTestClassCallbacks.evaluate(RunBeforeTestClassCallbacks.java:61) [spring-test-5.1.9.RELEASE.jar:5.1.9.RELEASE]
	at org.springframework.test.context.junit4.statements.RunAfterTestClassCallbacks.evaluate(RunAfterTestClassCallbacks.java:70) [spring-test-5.1.9.RELEASE.jar:5.1.9.RELEASE]
	at org.junit.runners.ParentRunner.run(ParentRunner.java:363) [junit-4.12.jar:4.12]
	at org.springframework.test.context.junit4.SpringJUnit4ClassRunner.run(SpringJUnit4ClassRunner.java:190) [spring-test-5.1.9.RELEASE.jar:5.1.9.RELEASE]
	at org.apache.maven.surefire.junit4.JUnit4Provider.execute(JUnit4Provider.java:365) [surefire-junit4-2.22.2.jar:2.22.2]
	at org.apache.maven.surefire.junit4.JUnit4Provider.executeWithRerun(JUnit4Provider.java:273) [surefire-junit4-2.22.2.jar:2.22.2]
	at org.apache.maven.surefire.junit4.JUnit4Provider.executeTestSet(JUnit4Provider.java:238) [surefire-junit4-2.22.2.jar:2.22.2]
	at org.apache.maven.surefire.junit4.JUnit4Provider.invoke(JUnit4Provider.java:159) [surefire-junit4-2.22.2.jar:2.22.2]
	at org.apache.maven.surefire.booter.ForkedBooter.invokeProviderInSameClassLoader(ForkedBooter.java:384) [surefire-booter-2.22.2.jar:2.22.2]
	at org.apache.maven.surefire.booter.ForkedBooter.runSuitesInProcess(ForkedBooter.java:345) [surefire-booter-2.22.2.jar:2.22.2]
	at org.apache.maven.surefire.booter.ForkedBooter.execute(ForkedBooter.java:126) [surefire-booter-2.22.2.jar:2.22.2]
	at org.apache.maven.surefire.booter.ForkedBooter.main(ForkedBooter.java:418) [surefire-booter-2.22.2.jar:2.22.2]
Caused by: org.postgresql.util.PSQLException: ERROR: date/time field value out of range: "10/27/2000"
  Dica: Perhaps you need a different "datestyle" setting.
  Posição: 605
	at org.postgresql.core.v3.QueryExecutorImpl.receiveErrorResponse(QueryExecutorImpl.java:2497) ~[postgresql-42.2.8.jar:42.2.8]
	at org.postgresql.core.v3.QueryExecutorImpl.processResults(QueryExecutorImpl.java:2233) ~[postgresql-42.2.8.jar:42.2.8]
	at org.postgresql.core.v3.QueryExecutorImpl.execute(QueryExecutorImpl.java:310) ~[postgresql-42.2.8.jar:42.2.8]
	at org.postgresql.jdbc.PgStatement.executeInternal(PgStatement.java:446) ~[postgresql-42.2.8.jar:42.2.8]
	at org.postgresql.jdbc.PgStatement.execute(PgStatement.java:370) ~[postgresql-42.2.8.jar:42.2.8]
	at org.postgresql.jdbc.PgStatement.executeWithFlags(PgStatement.java:311) ~[postgresql-42.2.8.jar:42.2.8]
	at org.postgresql.jdbc.PgStatement.executeCachedSql(PgStatement.java:297) ~[postgresql-42.2.8.jar:42.2.8]
	at org.postgresql.jdbc.PgStatement.executeWithFlags(PgStatement.java:274) ~[postgresql-42.2.8.jar:42.2.8]
	at org.postgresql.jdbc.PgStatement.execute(PgStatement.java:269) ~[postgresql-42.2.8.jar:42.2.8]
	at com.zaxxer.hikari.pool.ProxyStatement.execute(ProxyStatement.java:95) ~[HikariCP-3.2.0.jar:na]
	at com.zaxxer.hikari.pool.HikariProxyStatement.execute(HikariProxyStatement.java) ~[HikariCP-3.2.0.jar:na]
	at org.springframework.jdbc.datasource.init.ScriptUtils.executeSqlScript(ScriptUtils.java:488) ~[spring-jdbc-5.1.9.RELEASE.jar:5.1.9.RELEASE]
	... 32 common frames omitted

]]></system-out>
  </testcase>
  <testcase name="cadastrarAlunoMustPass" classname="com.flashcursos.model.service.AlunoTests" time="0.447">
    <error message="Failed to execute SQL script statement #1 of class path resource [dataset/usuarios.sql]: INSERT INTO usuario ( id, created, email, tipousuario, disponivel, nome, cpf, nascimento, celular, senha, account_activate_token, account_activate_token_expiration, password_reset_token, password_reset_token_expiration) VALUES ( 1001, now(), &apos;jlenon7@hotmail.com&apos;, 1, false, &apos;João Lenon&apos;, &apos;092.862.989-94&apos;, &apos;12/09/2000&apos;, &apos;(45) 99955-3220&apos;, &apos;$2a$10$bAdAVLvM.k3DqPaPYi0gnO1OffPSHLref8MElAk.u.fFQ17v9YKC2&apos;, &apos;f786c907-032e-451b-ac93-8508dec75a3d&apos;, &apos;2019-12-02&apos;, &apos;f786c907-032e-451b-ac93-8508dec75a3d&apos;, &apos;2019-12-02&apos;), ( 1002, now(), &apos;adryell.silva10@gmail.com&apos;, 2, false, &apos;Adryell Nathann&apos;, &apos;116.506.789-75&apos;, &apos;10/27/2000&apos;, &apos;(45) 99996-4523&apos;, &apos;$2a$10$bAdAVLvM.k3DqPaPYi0gnO1OffPSHLref8MElAk.u.fFQ17v9YKC2&apos;, &apos;f786c907-032e-451b-ac93-8508dec75a3d&apos;, &apos;2019-12-02&apos;, &apos;f786c907-032e-451b-ac93-8508dec75a3d&apos;, &apos;2019-12-02&apos;); nested exception is org.postgresql.util.PSQLException: ERROR: date/time field value out of range: &quot;10/27/2000&quot;&#10;  Dica: Perhaps you need a different &quot;datestyle&quot; setting.&#10;  Posição: 605" type="org.springframework.jdbc.datasource.init.ScriptStatementFailedException">org.springframework.jdbc.datasource.init.ScriptStatementFailedException: 
Failed to execute SQL script statement #1 of class path resource [dataset/usuarios.sql]: INSERT INTO usuario ( id, created, email, tipousuario, disponivel, nome, cpf, nascimento, celular, senha, account_activate_token, account_activate_token_expiration, password_reset_token, password_reset_token_expiration) VALUES ( 1001, now(), 'jlenon7@hotmail.com', 1, false, 'João Lenon', '092.862.989-94', '12/09/2000', '(45) 99955-3220', '$2a$10$bAdAVLvM.k3DqPaPYi0gnO1OffPSHLref8MElAk.u.fFQ17v9YKC2', 'f786c907-032e-451b-ac93-8508dec75a3d', '2019-12-02', 'f786c907-032e-451b-ac93-8508dec75a3d', '2019-12-02'), ( 1002, now(), 'adryell.silva10@gmail.com', 2, false, 'Adryell Nathann', '116.506.789-75', '10/27/2000', '(45) 99996-4523', '$2a$10$bAdAVLvM.k3DqPaPYi0gnO1OffPSHLref8MElAk.u.fFQ17v9YKC2', 'f786c907-032e-451b-ac93-8508dec75a3d', '2019-12-02', 'f786c907-032e-451b-ac93-8508dec75a3d', '2019-12-02'); nested exception is org.postgresql.util.PSQLException: ERROR: date/time field value out of range: "10/27/2000"
  Dica: Perhaps you need a different "datestyle" setting.
  Posição: 605
Caused by: org.postgresql.util.PSQLException: 
ERROR: date/time field value out of range: "10/27/2000"
  Dica: Perhaps you need a different "datestyle" setting.
  Posição: 605
</error>
    <system-out><![CDATA[2019-12-09 22:53:12.001  WARN 7688 --- [           main] o.s.test.context.TestContextManager      : Caught exception while invoking 'beforeTestMethod' callback on TestExecutionListener [org.springframework.test.context.jdbc.SqlScriptsTestExecutionListener@77847718] for test method [public void com.flashcursos.model.service.AlunoTests.cadastrarAlunoMustPass()] and test instance [com.flashcursos.model.service.AlunoTests@27b7e663]

org.springframework.jdbc.datasource.init.ScriptStatementFailedException: Failed to execute SQL script statement #1 of class path resource [dataset/usuarios.sql]: INSERT INTO usuario ( id, created, email, tipousuario, disponivel, nome, cpf, nascimento, celular, senha, account_activate_token, account_activate_token_expiration, password_reset_token, password_reset_token_expiration) VALUES ( 1001, now(), 'jlenon7@hotmail.com', 1, false, 'João Lenon', '092.862.989-94', '12/09/2000', '(45) 99955-3220', '$2a$10$bAdAVLvM.k3DqPaPYi0gnO1OffPSHLref8MElAk.u.fFQ17v9YKC2', 'f786c907-032e-451b-ac93-8508dec75a3d', '2019-12-02', 'f786c907-032e-451b-ac93-8508dec75a3d', '2019-12-02'), ( 1002, now(), 'adryell.silva10@gmail.com', 2, false, 'Adryell Nathann', '116.506.789-75', '10/27/2000', '(45) 99996-4523', '$2a$10$bAdAVLvM.k3DqPaPYi0gnO1OffPSHLref8MElAk.u.fFQ17v9YKC2', 'f786c907-032e-451b-ac93-8508dec75a3d', '2019-12-02', 'f786c907-032e-451b-ac93-8508dec75a3d', '2019-12-02'); nested exception is org.postgresql.util.PSQLException: ERROR: date/time field value out of range: "10/27/2000"
  Dica: Perhaps you need a different "datestyle" setting.
  Posição: 605
	at org.springframework.jdbc.datasource.init.ScriptUtils.executeSqlScript(ScriptUtils.java:509) ~[spring-jdbc-5.1.9.RELEASE.jar:5.1.9.RELEASE]
	at org.springframework.jdbc.datasource.init.ResourceDatabasePopulator.populate(ResourceDatabasePopulator.java:238) ~[spring-jdbc-5.1.9.RELEASE.jar:5.1.9.RELEASE]
	at org.springframework.jdbc.datasource.init.DatabasePopulatorUtils.execute(DatabasePopulatorUtils.java:48) ~[spring-jdbc-5.1.9.RELEASE.jar:5.1.9.RELEASE]
	at org.springframework.jdbc.datasource.init.ResourceDatabasePopulator.execute(ResourceDatabasePopulator.java:253) ~[spring-jdbc-5.1.9.RELEASE.jar:5.1.9.RELEASE]
	at org.springframework.test.context.jdbc.SqlScriptsTestExecutionListener.lambda$executeSqlScripts$3(SqlScriptsTestExecutionListener.java:229) ~[spring-test-5.1.9.RELEASE.jar:5.1.9.RELEASE]
	at org.springframework.transaction.support.TransactionTemplate.execute(TransactionTemplate.java:140) ~[spring-tx-5.1.9.RELEASE.jar:5.1.9.RELEASE]
	at org.springframework.test.context.jdbc.SqlScriptsTestExecutionListener.executeSqlScripts(SqlScriptsTestExecutionListener.java:228) ~[spring-test-5.1.9.RELEASE.jar:5.1.9.RELEASE]
	at org.springframework.test.context.jdbc.SqlScriptsTestExecutionListener.executeSqlScripts(SqlScriptsTestExecutionListener.java:142) ~[spring-test-5.1.9.RELEASE.jar:5.1.9.RELEASE]
	at org.springframework.test.context.jdbc.SqlScriptsTestExecutionListener.beforeTestMethod(SqlScriptsTestExecutionListener.java:112) ~[spring-test-5.1.9.RELEASE.jar:5.1.9.RELEASE]
	at org.springframework.test.context.TestContextManager.beforeTestMethod(TestContextManager.java:291) ~[spring-test-5.1.9.RELEASE.jar:5.1.9.RELEASE]
	at org.springframework.test.context.junit4.statements.RunBeforeTestMethodCallbacks.evaluate(RunBeforeTestMethodCallbacks.java:74) [spring-test-5.1.9.RELEASE.jar:5.1.9.RELEASE]
	at org.springframework.test.context.junit4.statements.RunAfterTestMethodCallbacks.evaluate(RunAfterTestMethodCallbacks.java:86) [spring-test-5.1.9.RELEASE.jar:5.1.9.RELEASE]
	at org.springframework.test.context.junit4.statements.SpringRepeat.evaluate(SpringRepeat.java:84) [spring-test-5.1.9.RELEASE.jar:5.1.9.RELEASE]
	at org.junit.runners.ParentRunner.runLeaf(ParentRunner.java:325) [junit-4.12.jar:4.12]
	at org.springframework.test.context.junit4.SpringJUnit4ClassRunner.runChild(SpringJUnit4ClassRunner.java:251) [spring-test-5.1.9.RELEASE.jar:5.1.9.RELEASE]
	at org.springframework.test.context.junit4.SpringJUnit4ClassRunner.runChild(SpringJUnit4ClassRunner.java:97) [spring-test-5.1.9.RELEASE.jar:5.1.9.RELEASE]
	at org.junit.runners.ParentRunner$3.run(ParentRunner.java:290) [junit-4.12.jar:4.12]
	at org.junit.runners.ParentRunner$1.schedule(ParentRunner.java:71) [junit-4.12.jar:4.12]
	at org.junit.runners.ParentRunner.runChildren(ParentRunner.java:288) [junit-4.12.jar:4.12]
	at org.junit.runners.ParentRunner.access$000(ParentRunner.java:58) [junit-4.12.jar:4.12]
	at org.junit.runners.ParentRunner$2.evaluate(ParentRunner.java:268) [junit-4.12.jar:4.12]
	at org.springframework.test.context.junit4.statements.RunBeforeTestClassCallbacks.evaluate(RunBeforeTestClassCallbacks.java:61) [spring-test-5.1.9.RELEASE.jar:5.1.9.RELEASE]
	at org.springframework.test.context.junit4.statements.RunAfterTestClassCallbacks.evaluate(RunAfterTestClassCallbacks.java:70) [spring-test-5.1.9.RELEASE.jar:5.1.9.RELEASE]
	at org.junit.runners.ParentRunner.run(ParentRunner.java:363) [junit-4.12.jar:4.12]
	at org.springframework.test.context.junit4.SpringJUnit4ClassRunner.run(SpringJUnit4ClassRunner.java:190) [spring-test-5.1.9.RELEASE.jar:5.1.9.RELEASE]
	at org.apache.maven.surefire.junit4.JUnit4Provider.execute(JUnit4Provider.java:365) [surefire-junit4-2.22.2.jar:2.22.2]
	at org.apache.maven.surefire.junit4.JUnit4Provider.executeWithRerun(JUnit4Provider.java:273) [surefire-junit4-2.22.2.jar:2.22.2]
	at org.apache.maven.surefire.junit4.JUnit4Provider.executeTestSet(JUnit4Provider.java:238) [surefire-junit4-2.22.2.jar:2.22.2]
	at org.apache.maven.surefire.junit4.JUnit4Provider.invoke(JUnit4Provider.java:159) [surefire-junit4-2.22.2.jar:2.22.2]
	at org.apache.maven.surefire.booter.ForkedBooter.invokeProviderInSameClassLoader(ForkedBooter.java:384) [surefire-booter-2.22.2.jar:2.22.2]
	at org.apache.maven.surefire.booter.ForkedBooter.runSuitesInProcess(ForkedBooter.java:345) [surefire-booter-2.22.2.jar:2.22.2]
	at org.apache.maven.surefire.booter.ForkedBooter.execute(ForkedBooter.java:126) [surefire-booter-2.22.2.jar:2.22.2]
	at org.apache.maven.surefire.booter.ForkedBooter.main(ForkedBooter.java:418) [surefire-booter-2.22.2.jar:2.22.2]
Caused by: org.postgresql.util.PSQLException: ERROR: date/time field value out of range: "10/27/2000"
  Dica: Perhaps you need a different "datestyle" setting.
  Posição: 605
	at org.postgresql.core.v3.QueryExecutorImpl.receiveErrorResponse(QueryExecutorImpl.java:2497) ~[postgresql-42.2.8.jar:42.2.8]
	at org.postgresql.core.v3.QueryExecutorImpl.processResults(QueryExecutorImpl.java:2233) ~[postgresql-42.2.8.jar:42.2.8]
	at org.postgresql.core.v3.QueryExecutorImpl.execute(QueryExecutorImpl.java:310) ~[postgresql-42.2.8.jar:42.2.8]
	at org.postgresql.jdbc.PgStatement.executeInternal(PgStatement.java:446) ~[postgresql-42.2.8.jar:42.2.8]
	at org.postgresql.jdbc.PgStatement.execute(PgStatement.java:370) ~[postgresql-42.2.8.jar:42.2.8]
	at org.postgresql.jdbc.PgStatement.executeWithFlags(PgStatement.java:311) ~[postgresql-42.2.8.jar:42.2.8]
	at org.postgresql.jdbc.PgStatement.executeCachedSql(PgStatement.java:297) ~[postgresql-42.2.8.jar:42.2.8]
	at org.postgresql.jdbc.PgStatement.executeWithFlags(PgStatement.java:274) ~[postgresql-42.2.8.jar:42.2.8]
	at org.postgresql.jdbc.PgStatement.execute(PgStatement.java:269) ~[postgresql-42.2.8.jar:42.2.8]
	at com.zaxxer.hikari.pool.ProxyStatement.execute(ProxyStatement.java:95) ~[HikariCP-3.2.0.jar:na]
	at com.zaxxer.hikari.pool.HikariProxyStatement.execute(HikariProxyStatement.java) ~[HikariCP-3.2.0.jar:na]
	at org.springframework.jdbc.datasource.init.ScriptUtils.executeSqlScript(ScriptUtils.java:488) ~[spring-jdbc-5.1.9.RELEASE.jar:5.1.9.RELEASE]
	... 32 common frames omitted

]]></system-out>
  </testcase>
</testsuite>